2023-10-14 04:15:55.362  INFO [ap-custom-report-service,,,] 12624 --- [restartedMain] o.s.b.devtools.restart.ChangeableUrls    : The Class-Path manifest attribute in C:\Users\Administrator\.m2\repository\com\oracle\database\security\oraclepki\19.3.0.0\oraclepki-19.3.0.0.jar referenced one or more files that do not exist: file:/C:/Users/Administrator/.m2/repository/com/oracle/database/security/oraclepki/19.3.0.0/osdt_cert.jar,file:/C:/Users/Administrator/.m2/repository/com/oracle/database/security/oraclepki/oracle.osdt/osdt_core.jar,file:/C:/Users/Administrator/.m2/repository/com/oracle/database/security/oraclepki/oracle.osdt/osdt_cert.jar
2023-10-14 04:15:55.363  INFO [ap-custom-report-service,,,] 12624 --- [restartedMain] .e.DevToolsPropertyDefaultsPostProcessor : Devtools property defaults active! Set 'spring.devtools.add-properties' to 'false' to disable
2023-10-14 04:15:55.762  INFO [ap-custom-report-service,,,] 12624 --- [restartedMain] c.l.r.ReportCustomApplication            : The following profiles are active: prod
2023-10-14 04:15:56.301  INFO [ap-custom-report-service,,,] 12624 --- [restartedMain] .s.d.r.c.RepositoryConfigurationDelegate : Bootstrapping Spring Data JPA repositories in DEFERRED mode.
2023-10-14 04:15:56.359  INFO [ap-custom-report-service,,,] 12624 --- [restartedMain] .s.d.r.c.RepositoryConfigurationDelegate : Finished Spring Data repository scanning in 54ms. Found 3 JPA repository interfaces.
2023-10-14 04:15:56.500  INFO [ap-custom-report-service,,,] 12624 --- [restartedMain] o.s.cloud.context.scope.GenericScope     : BeanFactory id=aed222f2-9e06-35bd-b57a-53ca6fcbef86
2023-10-14 04:15:56.650  INFO [ap-custom-report-service,,,] 12624 --- [restartedMain] trationDelegate$BeanPostProcessorChecker : Bean 'org.springframework.security.access.expression.method.DefaultMethodSecurityExpressionHandler@21764e3d' of type [org.springframework.security.access.expression.method.DefaultMethodSecurityExpressionHandler] is not eligible for getting processed by all BeanPostProcessors (for example: not eligible for auto-proxying)
2023-10-14 04:15:56.659  INFO [ap-custom-report-service,,,] 12624 --- [restartedMain] trationDelegate$BeanPostProcessorChecker : Bean 'methodSecurityMetadataSource' of type [org.springframework.security.access.method.DelegatingMethodSecurityMetadataSource] is not eligible for getting processed by all BeanPostProcessors (for example: not eligible for auto-proxying)
2023-10-14 04:15:57.136  INFO [ap-custom-report-service,,,] 12624 --- [restartedMain] o.s.b.w.embedded.tomcat.TomcatWebServer  : Tomcat initialized with port(s): 23532 (http)
2023-10-14 04:15:57.215  INFO [ap-custom-report-service,,,] 12624 --- [restartedMain] w.s.c.ServletWebServerApplicationContext : Root WebApplicationContext: initialization completed in 1445 ms
2023-10-14 04:15:57.378  WARN [ap-custom-report-service,,,] 12624 --- [restartedMain] JpaBaseConfiguration$JpaWebConfiguration : spring.jpa.open-in-view is enabled by default. Therefore, database queries may be performed during view rendering. Explicitly configure spring.jpa.open-in-view to disable this warning
2023-10-14 04:15:57.494  INFO [ap-custom-report-service,,,] 12624 --- [restartedMain] o.s.s.concurrent.ThreadPoolTaskExecutor  : Initializing ExecutorService 'applicationTaskExecutor'
2023-10-14 04:15:57.907  INFO [ap-custom-report-service,,,] 12624 --- [restartedMain] o.s.aop.framework.CglibAopProxy          : Unable to proxy interface-implementing method [public final void org.springframework.dao.support.DaoSupport.afterPropertiesSet() throws java.lang.IllegalArgumentException,org.springframework.beans.factory.BeanInitializationException] because it is marked as final: Consider using interface-based JDK proxies instead!
2023-10-14 04:15:57.923  INFO [ap-custom-report-service,,,] 12624 --- [restartedMain] o.s.aop.framework.CglibAopProxy          : Unable to proxy interface-implementing method [public final void org.springframework.dao.support.DaoSupport.afterPropertiesSet() throws java.lang.IllegalArgumentException,org.springframework.beans.factory.BeanInitializationException] because it is marked as final: Consider using interface-based JDK proxies instead!
2023-10-14 04:15:58.282 DEBUG [ap-custom-report-service,,,] 12624 --- [restartedMain] c.l.r.S.jwt.JwtAuthenticationFilter      : Filter 'jwtAuthenticationFilter' configured for use
2023-10-14 04:15:58.647  INFO [ap-custom-report-service,,,] 12624 --- [task-1] j.LocalContainerEntityManagerFactoryBean : Initialized JPA EntityManagerFactory for persistence unit 'default'
2023-10-14 04:15:58.795  INFO [ap-custom-report-service,,,] 12624 --- [restartedMain] o.s.s.web.DefaultSecurityFilterChain     : Creating filter chain: any request, [org.springframework.security.web.context.request.async.WebAsyncManagerIntegrationFilter@61d992dc, org.springframework.security.web.context.SecurityContextPersistenceFilter@364775cf, org.springframework.security.web.header.HeaderWriterFilter@6dc173a0, org.springframework.web.filter.CorsFilter@6bf96777, org.springframework.security.web.authentication.logout.LogoutFilter@6dd044aa, com.ldb.reportcustom.Security.jwt.JwtAuthenticationFilter@4e7ccc4f, org.springframework.security.web.savedrequest.RequestCacheAwareFilter@fac4011, org.springframework.security.web.servletapi.SecurityContextHolderAwareRequestFilter@31b95fc1, org.springframework.security.web.authentication.AnonymousAuthenticationFilter@1eea1d79, org.springframework.security.web.session.SessionManagementFilter@47d63d8, org.springframework.security.web.access.ExceptionTranslationFilter@3a20005d, org.springframework.security.web.access.intercept.FilterSecurityInterceptor@3fc4a8ac]
2023-10-14 04:15:59.192  INFO [ap-custom-report-service,,,] 12624 --- [restartedMain] o.s.b.d.a.OptionalLiveReloadServer       : LiveReload server is running on port 35729
2023-10-14 04:15:59.419  WARN [ap-custom-report-service,,,] 12624 --- [restartedMain] s.o.SpringCloudSecurityAutoConfiguration : All Spring Cloud Security modules and starters are deprecated. They will be moved to individual projects in the next major release.
2023-10-14 04:15:59.445  INFO [ap-custom-report-service,,,] 12624 --- [restartedMain] o.s.b.a.e.web.EndpointLinksResolver      : Exposing 2 endpoint(s) beneath base path '/actuator'
2023-10-14 04:15:59.509  INFO [ap-custom-report-service,,,] 12624 --- [restartedMain] o.s.b.w.embedded.tomcat.TomcatWebServer  : Tomcat started on port(s): 23532 (http) with context path ''
2023-10-14 04:15:59.688  INFO [ap-custom-report-service,,,] 12624 --- [restartedMain] DeferredRepositoryInitializationListener : Triggering deferred initialization of Spring Data repositories…
2023-10-14 04:15:59.878  INFO [ap-custom-report-service,,,] 12624 --- [restartedMain] DeferredRepositoryInitializationListener : Spring Data repositories initialized!
2023-10-14 04:15:59.889  INFO [ap-custom-report-service,,,] 12624 --- [restartedMain] c.l.r.ReportCustomApplication            : Started ReportCustomApplication in 5.104 seconds (JVM running for 5.575)
2023-10-14 04:16:44.796  INFO [ap-custom-report-service,,,] 12624 --- [Thread-23] j.LocalContainerEntityManagerFactoryBean : Closing JPA EntityManagerFactory for persistence unit 'default'
2023-10-14 04:16:44.797  INFO [ap-custom-report-service,,,] 12624 --- [Thread-23] o.s.s.concurrent.ThreadPoolTaskExecutor  : Shutting down ExecutorService 'applicationTaskExecutor'
2023-10-14 04:16:45.490  INFO [ap-custom-report-service,,,] 12624 --- [restartedMain] c.l.r.ReportCustomApplication            : The following profiles are active: prod
2023-10-14 04:16:45.779  INFO [ap-custom-report-service,,,] 12624 --- [restartedMain] .s.d.r.c.RepositoryConfigurationDelegate : Bootstrapping Spring Data JPA repositories in DEFERRED mode.
2023-10-14 04:16:45.803  INFO [ap-custom-report-service,,,] 12624 --- [restartedMain] .s.d.r.c.RepositoryConfigurationDelegate : Finished Spring Data repository scanning in 23ms. Found 1 JPA repository interfaces.
2023-10-14 04:16:45.884  INFO [ap-custom-report-service,,,] 12624 --- [restartedMain] o.s.cloud.context.scope.GenericScope     : BeanFactory id=d306a14c-641e-36e4-9b88-8bfdeb849895
2023-10-14 04:16:46.019  INFO [ap-custom-report-service,,,] 12624 --- [restartedMain] o.s.b.w.embedded.tomcat.TomcatWebServer  : Tomcat initialized with port(s): 23532 (http)
2023-10-14 04:16:46.045  INFO [ap-custom-report-service,,,] 12624 --- [restartedMain] w.s.c.ServletWebServerApplicationContext : Root WebApplicationContext: initialization completed in 552 ms
2023-10-14 04:16:46.509  INFO [ap-custom-report-service,,,] 12624 --- [restartedMain] o.s.s.concurrent.ThreadPoolTaskExecutor  : Initializing ExecutorService 'applicationTaskExecutor'
2023-10-14 04:16:46.643  WARN [ap-custom-report-service,,,] 12624 --- [restartedMain] JpaBaseConfiguration$JpaWebConfiguration : spring.jpa.open-in-view is enabled by default. Therefore, database queries may be performed during view rendering. Explicitly configure spring.jpa.open-in-view to disable this warning
2023-10-14 04:16:46.651  INFO [ap-custom-report-service,,,] 12624 --- [task-1] j.LocalContainerEntityManagerFactoryBean : Initialized JPA EntityManagerFactory for persistence unit 'default'
2023-10-14 04:16:46.946  INFO [ap-custom-report-service,,,] 12624 --- [restartedMain] .s.s.UserDetailsServiceAutoConfiguration : 

Using generated security password: 1fe1c0a3-68c7-443d-a347-dca796e08931

2023-10-14 04:16:47.014  INFO [ap-custom-report-service,,,] 12624 --- [restartedMain] o.s.s.web.DefaultSecurityFilterChain     : Creating filter chain: any request, [org.springframework.security.web.context.request.async.WebAsyncManagerIntegrationFilter@31cbd01f, org.springframework.security.web.context.SecurityContextPersistenceFilter@60d0aa1, org.springframework.security.web.header.HeaderWriterFilter@7e670c3c, org.springframework.security.web.csrf.CsrfFilter@12d771ad, org.springframework.security.web.authentication.logout.LogoutFilter@7cb4399b, org.springframework.security.web.authentication.UsernamePasswordAuthenticationFilter@3ed02bf8, org.springframework.security.web.authentication.ui.DefaultLoginPageGeneratingFilter@73f0e75c, org.springframework.security.web.authentication.ui.DefaultLogoutPageGeneratingFilter@4a5f5cad, org.springframework.security.web.authentication.www.BasicAuthenticationFilter@327daa9e, org.springframework.security.web.savedrequest.RequestCacheAwareFilter@4976a54a, org.springframework.security.web.servletapi.SecurityContextHolderAwareRequestFilter@f6122bc, org.springframework.security.web.authentication.AnonymousAuthenticationFilter@4beaf1bf, org.springframework.security.web.session.SessionManagementFilter@dc9c5dc, org.springframework.security.web.access.ExceptionTranslationFilter@319378d6, org.springframework.security.web.access.intercept.FilterSecurityInterceptor@28ad7e6e]
2023-10-14 04:16:47.079  INFO [ap-custom-report-service,,,] 12624 --- [restartedMain] o.s.b.d.a.OptionalLiveReloadServer       : LiveReload server is running on port 35729
2023-10-14 04:16:47.357  WARN [ap-custom-report-service,,,] 12624 --- [restartedMain] s.o.SpringCloudSecurityAutoConfiguration : All Spring Cloud Security modules and starters are deprecated. They will be moved to individual projects in the next major release.
2023-10-14 04:16:47.377  INFO [ap-custom-report-service,,,] 12624 --- [restartedMain] o.s.b.a.e.web.EndpointLinksResolver      : Exposing 2 endpoint(s) beneath base path '/actuator'
2023-10-14 04:16:47.397  INFO [ap-custom-report-service,,,] 12624 --- [restartedMain] o.s.b.w.embedded.tomcat.TomcatWebServer  : Tomcat started on port(s): 23532 (http) with context path ''
2023-10-14 04:16:47.646  INFO [ap-custom-report-service,,,] 12624 --- [restartedMain] DeferredRepositoryInitializationListener : Triggering deferred initialization of Spring Data repositories…
2023-10-14 04:16:47.703  WARN [ap-custom-report-service,,,] 12624 --- [restartedMain] ConfigServletWebServerApplicationContext : Exception encountered during context initialization - cancelling refresh attempt: org.springframework.beans.factory.BeanCreationException: Error creating bean with name 'createUserRepository': FactoryBean threw exception on object creation; nested exception is java.lang.IllegalArgumentException: Not a managed type: class com.ldb.reportcustom.entities.CreateUser
2023-10-14 04:16:47.704  INFO [ap-custom-report-service,,,] 12624 --- [restartedMain] j.LocalContainerEntityManagerFactoryBean : Closing JPA EntityManagerFactory for persistence unit 'default'
2023-10-14 04:16:47.704  INFO [ap-custom-report-service,,,] 12624 --- [restartedMain] o.s.s.concurrent.ThreadPoolTaskExecutor  : Shutting down ExecutorService 'applicationTaskExecutor'
2023-10-14 04:16:47.947  INFO [ap-custom-report-service,,,] 12624 --- [restartedMain] ConditionEvaluationReportLoggingListener : 

Error starting ApplicationContext. To display the conditions report re-run your application with 'debug' enabled.
2023-10-14 04:16:47.956 ERROR [ap-custom-report-service,,,] 12624 --- [restartedMain] o.s.boot.SpringApplication               : Application run failed

org.springframework.beans.factory.BeanCreationException: Error creating bean with name 'createUserRepository': FactoryBean threw exception on object creation; nested exception is java.lang.IllegalArgumentException: Not a managed type: class com.ldb.reportcustom.entities.CreateUser
	at org.springframework.beans.factory.support.FactoryBeanRegistrySupport.doGetObjectFromFactoryBean(FactoryBeanRegistrySupport.java:176)
	at org.springframework.beans.factory.support.FactoryBeanRegistrySupport.getObjectFromFactoryBean(FactoryBeanRegistrySupport.java:101)
	at org.springframework.beans.factory.support.AbstractBeanFactory.getObjectForBeanInstance(AbstractBeanFactory.java:1828)
	at org.springframework.beans.factory.support.AbstractAutowireCapableBeanFactory.getObjectForBeanInstance(AbstractAutowireCapableBeanFactory.java:1265)
	at org.springframework.beans.factory.support.AbstractBeanFactory.doGetBean(AbstractBeanFactory.java:334)
	at org.springframework.beans.factory.support.AbstractBeanFactory.getBean(AbstractBeanFactory.java:202)
	at org.springframework.beans.factory.support.DefaultListableBeanFactory.getBeansOfType(DefaultListableBeanFactory.java:624)
	at org.springframework.beans.factory.support.DefaultListableBeanFactory.getBeansOfType(DefaultListableBeanFactory.java:612)
	at org.springframework.data.repository.config.DeferredRepositoryInitializationListener.onApplicationEvent(DeferredRepositoryInitializationListener.java:51)
	at org.springframework.data.repository.config.DeferredRepositoryInitializationListener.onApplicationEvent(DeferredRepositoryInitializationListener.java:36)
	at org.springframework.context.event.SimpleApplicationEventMulticaster.doInvokeListener(SimpleApplicationEventMulticaster.java:172)
	at org.springframework.context.event.SimpleApplicationEventMulticaster.invokeListener(SimpleApplicationEventMulticaster.java:165)
	at org.springframework.context.event.SimpleApplicationEventMulticaster.multicastEvent(SimpleApplicationEventMulticaster.java:139)
	at org.springframework.context.support.AbstractApplicationContext.publishEvent(AbstractApplicationContext.java:404)
	at org.springframework.context.support.AbstractApplicationContext.publishEvent(AbstractApplicationContext.java:361)
	at org.springframework.context.support.AbstractApplicationContext.finishRefresh(AbstractApplicationContext.java:898)
	at org.springframework.context.support.AbstractApplicationContext.refresh(AbstractApplicationContext.java:554)
	at org.springframework.boot.web.servlet.context.ServletWebServerApplicationContext.refresh(ServletWebServerApplicationContext.java:143)
	at org.springframework.boot.SpringApplication.refresh(SpringApplication.java:758)
	at org.springframework.boot.SpringApplication.refresh(SpringApplication.java:750)
	at org.springframework.boot.SpringApplication.refreshContext(SpringApplication.java:405)
	at org.springframework.boot.SpringApplication.run(SpringApplication.java:315)
	at org.springframework.boot.SpringApplication.run(SpringApplication.java:1237)
	at org.springframework.boot.SpringApplication.run(SpringApplication.java:1226)
	at com.ldb.reportcustom.ReportCustomApplication.main(ReportCustomApplication.java:10)
	at java.base/jdk.internal.reflect.NativeMethodAccessorImpl.invoke0(Native Method)
	at java.base/jdk.internal.reflect.NativeMethodAccessorImpl.invoke(NativeMethodAccessorImpl.java:62)
	at java.base/jdk.internal.reflect.DelegatingMethodAccessorImpl.invoke(DelegatingMethodAccessorImpl.java:43)
	at java.base/java.lang.reflect.Method.invoke(Method.java:566)
	at org.springframework.boot.devtools.restart.RestartLauncher.run(RestartLauncher.java:49)
Caused by: java.lang.IllegalArgumentException: Not a managed type: class com.ldb.reportcustom.entities.CreateUser
	at org.hibernate.metamodel.internal.MetamodelImpl.managedType(MetamodelImpl.java:582)
	at org.hibernate.metamodel.internal.MetamodelImpl.managedType(MetamodelImpl.java:85)
	at org.springframework.data.jpa.repository.support.JpaMetamodelEntityInformation.<init>(JpaMetamodelEntityInformation.java:75)
	at org.springframework.data.jpa.repository.support.JpaEntityInformationSupport.getEntityInformation(JpaEntityInformationSupport.java:66)
	at org.springframework.data.jpa.repository.support.JpaRepositoryFactory.getEntityInformation(JpaRepositoryFactory.java:229)
	at org.springframework.data.jpa.repository.support.JpaRepositoryFactory.getTargetRepository(JpaRepositoryFactory.java:179)
	at org.springframework.data.jpa.repository.support.JpaRepositoryFactory.getTargetRepository(JpaRepositoryFactory.java:162)
	at org.springframework.data.jpa.repository.support.JpaRepositoryFactory.getTargetRepository(JpaRepositoryFactory.java:72)
	at org.springframework.data.repository.core.support.RepositoryFactorySupport.getRepository(RepositoryFactorySupport.java:310)
	at org.springframework.data.repository.core.support.RepositoryFactoryBeanSupport.lambda$afterPropertiesSet$5(RepositoryFactoryBeanSupport.java:297)
	at org.springframework.data.util.Lazy.getNullable(Lazy.java:211)
	at org.springframework.data.util.Lazy.get(Lazy.java:95)
	at org.springframework.data.repository.core.support.RepositoryFactoryBeanSupport.getObject(RepositoryFactoryBeanSupport.java:244)
	at org.springframework.data.repository.core.support.RepositoryFactoryBeanSupport.getObject(RepositoryFactoryBeanSupport.java:57)
	at org.springframework.beans.factory.support.FactoryBeanRegistrySupport.doGetObjectFromFactoryBean(FactoryBeanRegistrySupport.java:169)
	... 29 common frames omitted

2023-10-14 04:16:49.892  INFO [ap-custom-report-service,,,] 12624 --- [restartedMain] c.l.r.ReportCustomApplication            : The following profiles are active: prod
2023-10-14 04:16:50.228  INFO [ap-custom-report-service,,,] 12624 --- [restartedMain] .s.d.r.c.RepositoryConfigurationDelegate : Bootstrapping Spring Data JPA repositories in DEFERRED mode.
2023-10-14 04:16:50.263  INFO [ap-custom-report-service,,,] 12624 --- [restartedMain] .s.d.r.c.RepositoryConfigurationDelegate : Finished Spring Data repository scanning in 35ms. Found 3 JPA repository interfaces.
2023-10-14 04:16:50.319  INFO [ap-custom-report-service,,,] 12624 --- [restartedMain] o.s.cloud.context.scope.GenericScope     : BeanFactory id=aed222f2-9e06-35bd-b57a-53ca6fcbef86
2023-10-14 04:16:50.349  INFO [ap-custom-report-service,,,] 12624 --- [restartedMain] trationDelegate$BeanPostProcessorChecker : Bean 'org.springframework.security.access.expression.method.DefaultMethodSecurityExpressionHandler@26d5f9de' of type [org.springframework.security.access.expression.method.DefaultMethodSecurityExpressionHandler] is not eligible for getting processed by all BeanPostProcessors (for example: not eligible for auto-proxying)
2023-10-14 04:16:50.354  INFO [ap-custom-report-service,,,] 12624 --- [restartedMain] trationDelegate$BeanPostProcessorChecker : Bean 'methodSecurityMetadataSource' of type [org.springframework.security.access.method.DelegatingMethodSecurityMetadataSource] is not eligible for getting processed by all BeanPostProcessors (for example: not eligible for auto-proxying)
2023-10-14 04:16:50.453  INFO [ap-custom-report-service,,,] 12624 --- [restartedMain] o.s.b.w.embedded.tomcat.TomcatWebServer  : Tomcat initialized with port(s): 23532 (http)
2023-10-14 04:16:50.477  INFO [ap-custom-report-service,,,] 12624 --- [restartedMain] w.s.c.ServletWebServerApplicationContext : Root WebApplicationContext: initialization completed in 582 ms
2023-10-14 04:16:50.570  WARN [ap-custom-report-service,,,] 12624 --- [restartedMain] JpaBaseConfiguration$JpaWebConfiguration : spring.jpa.open-in-view is enabled by default. Therefore, database queries may be performed during view rendering. Explicitly configure spring.jpa.open-in-view to disable this warning
2023-10-14 04:16:50.631  INFO [ap-custom-report-service,,,] 12624 --- [restartedMain] o.s.s.concurrent.ThreadPoolTaskExecutor  : Initializing ExecutorService 'applicationTaskExecutor'
2023-10-14 04:16:50.806  INFO [ap-custom-report-service,,,] 12624 --- [restartedMain] o.s.aop.framework.CglibAopProxy          : Unable to proxy interface-implementing method [public final void org.springframework.dao.support.DaoSupport.afterPropertiesSet() throws java.lang.IllegalArgumentException,org.springframework.beans.factory.BeanInitializationException] because it is marked as final: Consider using interface-based JDK proxies instead!
2023-10-14 04:16:50.823  INFO [ap-custom-report-service,,,] 12624 --- [restartedMain] o.s.aop.framework.CglibAopProxy          : Unable to proxy interface-implementing method [public final void org.springframework.dao.support.DaoSupport.afterPropertiesSet() throws java.lang.IllegalArgumentException,org.springframework.beans.factory.BeanInitializationException] because it is marked as final: Consider using interface-based JDK proxies instead!
2023-10-14 04:16:50.870  INFO [ap-custom-report-service,,,] 12624 --- [task-1] j.LocalContainerEntityManagerFactoryBean : Initialized JPA EntityManagerFactory for persistence unit 'default'
2023-10-14 04:16:51.088 DEBUG [ap-custom-report-service,,,] 12624 --- [restartedMain] c.l.r.S.jwt.JwtAuthenticationFilter      : Filter 'jwtAuthenticationFilter' configured for use
2023-10-14 04:16:51.222  INFO [ap-custom-report-service,,,] 12624 --- [restartedMain] o.s.s.web.DefaultSecurityFilterChain     : Creating filter chain: any request, [org.springframework.security.web.context.request.async.WebAsyncManagerIntegrationFilter@48c27b4c, org.springframework.security.web.context.SecurityContextPersistenceFilter@7b5d951d, org.springframework.security.web.header.HeaderWriterFilter@c3ff98b, org.springframework.web.filter.CorsFilter@21e342c3, org.springframework.security.web.authentication.logout.LogoutFilter@240a55aa, com.ldb.reportcustom.Security.jwt.JwtAuthenticationFilter@736e32a5, org.springframework.security.web.savedrequest.RequestCacheAwareFilter@41f5c9f4, org.springframework.security.web.servletapi.SecurityContextHolderAwareRequestFilter@4531bf3d, org.springframework.security.web.authentication.AnonymousAuthenticationFilter@6e7c1ad1, org.springframework.security.web.session.SessionManagementFilter@305e2c6b, org.springframework.security.web.access.ExceptionTranslationFilter@71d14c80, org.springframework.security.web.access.intercept.FilterSecurityInterceptor@4bdb5c66]
2023-10-14 04:16:51.393  INFO [ap-custom-report-service,,,] 26736 --- [main] c.l.r.ReportCustomApplicationTests       : The following profiles are active: prod
2023-10-14 04:16:51.509  INFO [ap-custom-report-service,,,] 12624 --- [restartedMain] o.s.b.d.a.OptionalLiveReloadServer       : LiveReload server is running on port 35729
2023-10-14 04:16:51.757  WARN [ap-custom-report-service,,,] 12624 --- [restartedMain] s.o.SpringCloudSecurityAutoConfiguration : All Spring Cloud Security modules and starters are deprecated. They will be moved to individual projects in the next major release.
2023-10-14 04:16:51.781  INFO [ap-custom-report-service,,,] 12624 --- [restartedMain] o.s.b.a.e.web.EndpointLinksResolver      : Exposing 2 endpoint(s) beneath base path '/actuator'
2023-10-14 04:16:51.817  INFO [ap-custom-report-service,,,] 12624 --- [restartedMain] o.s.b.w.embedded.tomcat.TomcatWebServer  : Tomcat started on port(s): 23532 (http) with context path ''
2023-10-14 04:16:52.022  INFO [ap-custom-report-service,,,] 12624 --- [restartedMain] DeferredRepositoryInitializationListener : Triggering deferred initialization of Spring Data repositories…
2023-10-14 04:16:52.080  INFO [ap-custom-report-service,,,] 26736 --- [main] .s.d.r.c.RepositoryConfigurationDelegate : Bootstrapping Spring Data JPA repositories in DEFERRED mode.
2023-10-14 04:16:52.139  INFO [ap-custom-report-service,,,] 12624 --- [restartedMain] DeferredRepositoryInitializationListener : Spring Data repositories initialized!
2023-10-14 04:16:52.147  INFO [ap-custom-report-service,,,] 12624 --- [restartedMain] c.l.r.ReportCustomApplication            : Started ReportCustomApplication in 2.713 seconds (JVM running for 57.832)
2023-10-14 04:16:52.149  INFO [ap-custom-report-service,,,] 12624 --- [restartedMain] .ConditionEvaluationDeltaLoggingListener : Condition evaluation unchanged
2023-10-14 04:16:52.175  INFO [ap-custom-report-service,,,] 26736 --- [main] .s.d.r.c.RepositoryConfigurationDelegate : Finished Spring Data repository scanning in 87ms. Found 3 JPA repository interfaces.
2023-10-14 04:16:52.402  INFO [ap-custom-report-service,,,] 26736 --- [main] o.s.cloud.context.scope.GenericScope     : BeanFactory id=eab2c6d7-8aac-3ff8-9187-56f0f9927ff5
2023-10-14 04:16:52.680  INFO [ap-custom-report-service,,,] 26736 --- [main] trationDelegate$BeanPostProcessorChecker : Bean 'org.springframework.security.access.expression.method.DefaultMethodSecurityExpressionHandler@1999149e' of type [org.springframework.security.access.expression.method.DefaultMethodSecurityExpressionHandler] is not eligible for getting processed by all BeanPostProcessors (for example: not eligible for auto-proxying)
2023-10-14 04:16:52.705  INFO [ap-custom-report-service,,,] 26736 --- [main] trationDelegate$BeanPostProcessorChecker : Bean 'methodSecurityMetadataSource' of type [org.springframework.security.access.method.DelegatingMethodSecurityMetadataSource] is not eligible for getting processed by all BeanPostProcessors (for example: not eligible for auto-proxying)
2023-10-14 04:16:53.037  INFO [ap-custom-report-service,,,] 26736 --- [main] o.s.s.concurrent.ThreadPoolTaskExecutor  : Initializing ExecutorService 'applicationTaskExecutor'
2023-10-14 04:16:53.632  INFO [ap-custom-report-service,,,] 26736 --- [main] o.s.aop.framework.CglibAopProxy          : Unable to proxy interface-implementing method [public final void org.springframework.dao.support.DaoSupport.afterPropertiesSet() throws java.lang.IllegalArgumentException,org.springframework.beans.factory.BeanInitializationException] because it is marked as final: Consider using interface-based JDK proxies instead!
2023-10-14 04:16:53.650  INFO [ap-custom-report-service,,,] 26736 --- [main] o.s.aop.framework.CglibAopProxy          : Unable to proxy interface-implementing method [public final void org.springframework.dao.support.DaoSupport.afterPropertiesSet() throws java.lang.IllegalArgumentException,org.springframework.beans.factory.BeanInitializationException] because it is marked as final: Consider using interface-based JDK proxies instead!
2023-10-14 04:16:53.741  WARN [ap-custom-report-service,,,] 26736 --- [main] JpaBaseConfiguration$JpaWebConfiguration : spring.jpa.open-in-view is enabled by default. Therefore, database queries may be performed during view rendering. Explicitly configure spring.jpa.open-in-view to disable this warning
2023-10-14 04:16:54.876  INFO [ap-custom-report-service,,,] 26736 --- [task-1] j.LocalContainerEntityManagerFactoryBean : Initialized JPA EntityManagerFactory for persistence unit 'default'
2023-10-14 04:16:55.121  INFO [ap-custom-report-service,,,] 26736 --- [main] o.s.s.web.DefaultSecurityFilterChain     : Creating filter chain: any request, [org.springframework.security.web.context.request.async.WebAsyncManagerIntegrationFilter@4fc256ec, org.springframework.security.web.context.SecurityContextPersistenceFilter@5895c065, org.springframework.security.web.header.HeaderWriterFilter@7ca29311, org.springframework.web.filter.CorsFilter@3bc3d70e, org.springframework.security.web.authentication.logout.LogoutFilter@4eb73cc8, com.ldb.reportcustom.Security.jwt.JwtAuthenticationFilter@4ba402b5, org.springframework.security.web.savedrequest.RequestCacheAwareFilter@565efd7d, org.springframework.security.web.servletapi.SecurityContextHolderAwareRequestFilter@5d75f90e, org.springframework.security.web.authentication.AnonymousAuthenticationFilter@78bce1c4, org.springframework.security.web.session.SessionManagementFilter@6d7677d8, org.springframework.security.web.access.ExceptionTranslationFilter@9a07409, org.springframework.security.web.access.intercept.FilterSecurityInterceptor@178c6261]
2023-10-14 04:16:56.619  WARN [ap-custom-report-service,,,] 26736 --- [main] s.o.SpringCloudSecurityAutoConfiguration : All Spring Cloud Security modules and starters are deprecated. They will be moved to individual projects in the next major release.
2023-10-14 04:16:56.675  INFO [ap-custom-report-service,,,] 26736 --- [main] o.s.b.a.e.web.EndpointLinksResolver      : Exposing 2 endpoint(s) beneath base path '/actuator'
2023-10-14 04:16:56.734  INFO [ap-custom-report-service,,,] 26736 --- [main] DeferredRepositoryInitializationListener : Triggering deferred initialization of Spring Data repositories…
2023-10-14 04:16:56.980  INFO [ap-custom-report-service,,,] 26736 --- [main] DeferredRepositoryInitializationListener : Spring Data repositories initialized!
2023-10-14 04:16:56.992  INFO [ap-custom-report-service,,,] 26736 --- [main] c.l.r.ReportCustomApplicationTests       : Started ReportCustomApplicationTests in 6.68 seconds (JVM running for 7.403)
2023-10-14 04:16:57.115  INFO [ap-custom-report-service,,,] 26736 --- [SpringContextShutdownHook] j.LocalContainerEntityManagerFactoryBean : Closing JPA EntityManagerFactory for persistence unit 'default'
2023-10-14 04:16:57.116  INFO [ap-custom-report-service,,,] 26736 --- [SpringContextShutdownHook] o.s.s.concurrent.ThreadPoolTaskExecutor  : Shutting down ExecutorService 'applicationTaskExecutor'
2023-10-14 04:21:11.884  INFO [ap-custom-report-service,,,] 20232 --- [restartedMain] o.s.b.devtools.restart.ChangeableUrls    : The Class-Path manifest attribute in C:\Users\Administrator\.m2\repository\com\oracle\database\security\oraclepki\19.3.0.0\oraclepki-19.3.0.0.jar referenced one or more files that do not exist: file:/C:/Users/Administrator/.m2/repository/com/oracle/database/security/oraclepki/19.3.0.0/osdt_cert.jar,file:/C:/Users/Administrator/.m2/repository/com/oracle/database/security/oraclepki/oracle.osdt/osdt_core.jar,file:/C:/Users/Administrator/.m2/repository/com/oracle/database/security/oraclepki/oracle.osdt/osdt_cert.jar
2023-10-14 04:21:11.885  INFO [ap-custom-report-service,,,] 20232 --- [restartedMain] .e.DevToolsPropertyDefaultsPostProcessor : Devtools property defaults active! Set 'spring.devtools.add-properties' to 'false' to disable
2023-10-14 04:21:12.257  INFO [ap-custom-report-service,,,] 20232 --- [restartedMain] c.l.r.ReportCustomApplication            : The following profiles are active: prod
2023-10-14 04:21:12.769  INFO [ap-custom-report-service,,,] 20232 --- [restartedMain] .s.d.r.c.RepositoryConfigurationDelegate : Bootstrapping Spring Data JPA repositories in DEFERRED mode.
2023-10-14 04:21:12.830  INFO [ap-custom-report-service,,,] 20232 --- [restartedMain] .s.d.r.c.RepositoryConfigurationDelegate : Finished Spring Data repository scanning in 57ms. Found 3 JPA repository interfaces.
2023-10-14 04:21:12.993  INFO [ap-custom-report-service,,,] 20232 --- [restartedMain] o.s.cloud.context.scope.GenericScope     : BeanFactory id=aed222f2-9e06-35bd-b57a-53ca6fcbef86
2023-10-14 04:21:13.148  INFO [ap-custom-report-service,,,] 20232 --- [restartedMain] trationDelegate$BeanPostProcessorChecker : Bean 'org.springframework.security.access.expression.method.DefaultMethodSecurityExpressionHandler@66be5d96' of type [org.springframework.security.access.expression.method.DefaultMethodSecurityExpressionHandler] is not eligible for getting processed by all BeanPostProcessors (for example: not eligible for auto-proxying)
2023-10-14 04:21:13.158  INFO [ap-custom-report-service,,,] 20232 --- [restartedMain] trationDelegate$BeanPostProcessorChecker : Bean 'methodSecurityMetadataSource' of type [org.springframework.security.access.method.DelegatingMethodSecurityMetadataSource] is not eligible for getting processed by all BeanPostProcessors (for example: not eligible for auto-proxying)
2023-10-14 04:21:13.610  INFO [ap-custom-report-service,,,] 20232 --- [restartedMain] o.s.b.w.embedded.tomcat.TomcatWebServer  : Tomcat initialized with port(s): 23532 (http)
2023-10-14 04:21:13.681  INFO [ap-custom-report-service,,,] 20232 --- [restartedMain] w.s.c.ServletWebServerApplicationContext : Root WebApplicationContext: initialization completed in 1417 ms
2023-10-14 04:21:13.831  WARN [ap-custom-report-service,,,] 20232 --- [restartedMain] JpaBaseConfiguration$JpaWebConfiguration : spring.jpa.open-in-view is enabled by default. Therefore, database queries may be performed during view rendering. Explicitly configure spring.jpa.open-in-view to disable this warning
2023-10-14 04:21:13.926  INFO [ap-custom-report-service,,,] 20232 --- [restartedMain] o.s.s.concurrent.ThreadPoolTaskExecutor  : Initializing ExecutorService 'applicationTaskExecutor'
2023-10-14 04:21:14.291  INFO [ap-custom-report-service,,,] 20232 --- [restartedMain] o.s.aop.framework.CglibAopProxy          : Unable to proxy interface-implementing method [public final void org.springframework.dao.support.DaoSupport.afterPropertiesSet() throws java.lang.IllegalArgumentException,org.springframework.beans.factory.BeanInitializationException] because it is marked as final: Consider using interface-based JDK proxies instead!
2023-10-14 04:21:14.308  INFO [ap-custom-report-service,,,] 20232 --- [restartedMain] o.s.aop.framework.CglibAopProxy          : Unable to proxy interface-implementing method [public final void org.springframework.dao.support.DaoSupport.afterPropertiesSet() throws java.lang.IllegalArgumentException,org.springframework.beans.factory.BeanInitializationException] because it is marked as final: Consider using interface-based JDK proxies instead!
2023-10-14 04:21:14.631 DEBUG [ap-custom-report-service,,,] 20232 --- [restartedMain] c.l.r.S.jwt.JwtAuthenticationFilter      : Filter 'jwtAuthenticationFilter' configured for use
2023-10-14 04:21:14.904  INFO [ap-custom-report-service,,,] 20232 --- [task-1] j.LocalContainerEntityManagerFactoryBean : Initialized JPA EntityManagerFactory for persistence unit 'default'
2023-10-14 04:21:15.045  INFO [ap-custom-report-service,,,] 20232 --- [restartedMain] o.s.s.web.DefaultSecurityFilterChain     : Creating filter chain: any request, [org.springframework.security.web.context.request.async.WebAsyncManagerIntegrationFilter@45d6e024, org.springframework.security.web.context.SecurityContextPersistenceFilter@7602a12d, org.springframework.security.web.header.HeaderWriterFilter@7c590460, org.springframework.web.filter.CorsFilter@19e0622e, org.springframework.security.web.authentication.logout.LogoutFilter@2a793f60, com.ldb.reportcustom.Security.jwt.JwtAuthenticationFilter@2be67be5, org.springframework.security.web.savedrequest.RequestCacheAwareFilter@1193807a, org.springframework.security.web.servletapi.SecurityContextHolderAwareRequestFilter@195c4d6f, org.springframework.security.web.authentication.AnonymousAuthenticationFilter@26eca9cf, org.springframework.security.web.session.SessionManagementFilter@3492de75, org.springframework.security.web.access.ExceptionTranslationFilter@22519aba, org.springframework.security.web.access.intercept.FilterSecurityInterceptor@428a1b09]
2023-10-14 04:21:15.413  INFO [ap-custom-report-service,,,] 20232 --- [restartedMain] o.s.b.d.a.OptionalLiveReloadServer       : LiveReload server is running on port 35729
2023-10-14 04:21:15.631  WARN [ap-custom-report-service,,,] 20232 --- [restartedMain] s.o.SpringCloudSecurityAutoConfiguration : All Spring Cloud Security modules and starters are deprecated. They will be moved to individual projects in the next major release.
2023-10-14 04:21:15.657  INFO [ap-custom-report-service,,,] 20232 --- [restartedMain] o.s.b.a.e.web.EndpointLinksResolver      : Exposing 2 endpoint(s) beneath base path '/actuator'
2023-10-14 04:21:15.704  INFO [ap-custom-report-service,,,] 20232 --- [restartedMain] o.s.b.w.embedded.tomcat.TomcatWebServer  : Tomcat started on port(s): 23532 (http) with context path ''
2023-10-14 04:21:15.880  INFO [ap-custom-report-service,,,] 20232 --- [restartedMain] DeferredRepositoryInitializationListener : Triggering deferred initialization of Spring Data repositories…
2023-10-14 04:21:16.050  INFO [ap-custom-report-service,,,] 20232 --- [restartedMain] DeferredRepositoryInitializationListener : Spring Data repositories initialized!
2023-10-14 04:21:16.061  INFO [ap-custom-report-service,,,] 20232 --- [restartedMain] c.l.r.ReportCustomApplication            : Started ReportCustomApplication in 4.707 seconds (JVM running for 5.066)
2023-10-14 04:21:31.529  INFO [ap-custom-report-service,,,] 20232 --- [Thread-23] j.LocalContainerEntityManagerFactoryBean : Closing JPA EntityManagerFactory for persistence unit 'default'
2023-10-14 04:21:31.530  INFO [ap-custom-report-service,,,] 20232 --- [Thread-23] o.s.s.concurrent.ThreadPoolTaskExecutor  : Shutting down ExecutorService 'applicationTaskExecutor'
2023-10-14 04:21:32.137  INFO [ap-custom-report-service,,,] 20232 --- [restartedMain] c.l.r.ReportCustomApplication            : The following profiles are active: prod
2023-10-14 04:21:32.477  INFO [ap-custom-report-service,,,] 20232 --- [restartedMain] .s.d.r.c.RepositoryConfigurationDelegate : Bootstrapping Spring Data JPA repositories in DEFERRED mode.
2023-10-14 04:21:32.479  INFO [ap-custom-report-service,,,] 20232 --- [restartedMain] .s.d.r.c.RepositoryConfigurationDelegate : Finished Spring Data repository scanning in 1ms. Found 0 JPA repository interfaces.
2023-10-14 04:21:32.532  INFO [ap-custom-report-service,,,] 20232 --- [restartedMain] o.s.cloud.context.scope.GenericScope     : BeanFactory id=2811a046-2e27-3e13-8cac-b09fbf21d1d5
2023-10-14 04:21:32.672  INFO [ap-custom-report-service,,,] 20232 --- [restartedMain] o.s.b.w.embedded.tomcat.TomcatWebServer  : Tomcat initialized with port(s): 23532 (http)
2023-10-14 04:21:32.709  INFO [ap-custom-report-service,,,] 20232 --- [restartedMain] w.s.c.ServletWebServerApplicationContext : Root WebApplicationContext: initialization completed in 570 ms
2023-10-14 04:21:33.354  INFO [ap-custom-report-service,,,] 20232 --- [restartedMain] o.s.s.concurrent.ThreadPoolTaskExecutor  : Initializing ExecutorService 'applicationTaskExecutor'
2023-10-14 04:21:33.551  WARN [ap-custom-report-service,,,] 20232 --- [restartedMain] JpaBaseConfiguration$JpaWebConfiguration : spring.jpa.open-in-view is enabled by default. Therefore, database queries may be performed during view rendering. Explicitly configure spring.jpa.open-in-view to disable this warning
2023-10-14 04:21:33.572  INFO [ap-custom-report-service,,,] 20232 --- [task-1] j.LocalContainerEntityManagerFactoryBean : Initialized JPA EntityManagerFactory for persistence unit 'default'
2023-10-14 04:21:34.037  INFO [ap-custom-report-service,,,] 20232 --- [restartedMain] .s.s.UserDetailsServiceAutoConfiguration : 

Using generated security password: 9a50165a-ec6f-4b2c-aff2-4874c5a8266b

2023-10-14 04:21:34.110  INFO [ap-custom-report-service,,,] 20232 --- [restartedMain] o.s.s.web.DefaultSecurityFilterChain     : Creating filter chain: any request, [org.springframework.security.web.context.request.async.WebAsyncManagerIntegrationFilter@ea6d196, org.springframework.security.web.context.SecurityContextPersistenceFilter@7c3d4564, org.springframework.security.web.header.HeaderWriterFilter@1672c2cd, org.springframework.security.web.csrf.CsrfFilter@7a55bd36, org.springframework.security.web.authentication.logout.LogoutFilter@5976134, org.springframework.security.web.authentication.UsernamePasswordAuthenticationFilter@544f986b, org.springframework.security.web.authentication.ui.DefaultLoginPageGeneratingFilter@22e87e59, org.springframework.security.web.authentication.ui.DefaultLogoutPageGeneratingFilter@d81605f, org.springframework.security.web.authentication.www.BasicAuthenticationFilter@590c84f5, org.springframework.security.web.savedrequest.RequestCacheAwareFilter@274c021e, org.springframework.security.web.servletapi.SecurityContextHolderAwareRequestFilter@14c68984, org.springframework.security.web.authentication.AnonymousAuthenticationFilter@5a4d6a20, org.springframework.security.web.session.SessionManagementFilter@c379d1f, org.springframework.security.web.access.ExceptionTranslationFilter@32aa495c, org.springframework.security.web.access.intercept.FilterSecurityInterceptor@30a32412]
2023-10-14 04:21:34.201  INFO [ap-custom-report-service,,,] 20232 --- [restartedMain] o.s.b.d.a.OptionalLiveReloadServer       : LiveReload server is running on port 35729
2023-10-14 04:21:34.593  WARN [ap-custom-report-service,,,] 20232 --- [restartedMain] s.o.SpringCloudSecurityAutoConfiguration : All Spring Cloud Security modules and starters are deprecated. They will be moved to individual projects in the next major release.
2023-10-14 04:21:34.638  INFO [ap-custom-report-service,,,] 20232 --- [restartedMain] o.s.b.a.e.web.EndpointLinksResolver      : Exposing 2 endpoint(s) beneath base path '/actuator'
2023-10-14 04:21:34.672  INFO [ap-custom-report-service,,,] 20232 --- [restartedMain] o.s.b.w.embedded.tomcat.TomcatWebServer  : Tomcat started on port(s): 23532 (http) with context path ''
2023-10-14 04:21:34.869  INFO [ap-custom-report-service,,,] 20232 --- [restartedMain] DeferredRepositoryInitializationListener : Triggering deferred initialization of Spring Data repositories…
2023-10-14 04:21:34.869  INFO [ap-custom-report-service,,,] 20232 --- [restartedMain] DeferredRepositoryInitializationListener : Spring Data repositories initialized!
2023-10-14 04:21:34.878  INFO [ap-custom-report-service,,,] 20232 --- [restartedMain] c.l.r.ReportCustomApplication            : Started ReportCustomApplication in 3.278 seconds (JVM running for 23.883)
2023-10-14 04:21:34.882  INFO [ap-custom-report-service,,,] 20232 --- [restartedMain] .ConditionEvaluationDeltaLoggingListener : Condition evaluation delta:


==========================
CONDITION EVALUATION DELTA
==========================


Positive matches:
-----------------

   ManagementWebSecurityAutoConfiguration matched:
      - @ConditionalOnClass found required class 'org.springframework.security.config.annotation.web.configuration.WebSecurityConfigurerAdapter' (OnClassCondition)
      - found 'session' scope (OnWebApplicationCondition)
      - @ConditionalOnMissingBean (types: org.springframework.security.config.annotation.web.configuration.WebSecurityConfigurerAdapter; SearchStrategy: all) did not find any beans (OnBeanCondition)

   UserDetailsServiceAutoConfiguration matched:
      - @ConditionalOnClass found required class 'org.springframework.security.authentication.AuthenticationManager' (OnClassCondition)
      - @ConditionalOnBean (types: org.springframework.security.config.annotation.ObjectPostProcessor; SearchStrategy: all) found bean 'objectPostProcessor'; @ConditionalOnMissingBean (types: org.springframework.security.authentication.AuthenticationManager,org.springframework.security.authentication.AuthenticationProvider,org.springframework.security.core.userdetails.UserDetailsService,org.springframework.security.oauth2.jwt.JwtDecoder,org.springframework.security.oauth2.server.resource.introspection.OpaqueTokenIntrospector; SearchStrategy: all) did not find any beans (OnBeanCondition)

   UserDetailsServiceAutoConfiguration#inMemoryUserDetailsManager matched:
      - @ConditionalOnMissingBean (types: org.springframework.security.oauth2.client.registration.ClientRegistrationRepository; SearchStrategy: all) did not find any beans (OnBeanCondition)

   ValidationAutoConfiguration#defaultValidator matched:
      - @ConditionalOnMissingBean (types: javax.validation.Validator; SearchStrategy: all) did not find any beans (OnBeanCondition)

   WebSecurityEnablerConfiguration matched:
      - found 'session' scope (OnWebApplicationCondition)
      - @ConditionalOnBean (types: org.springframework.security.config.annotation.web.configuration.WebSecurityConfigurerAdapter; SearchStrategy: all) found bean 'org.springframework.boot.actuate.autoconfigure.security.servlet.ManagementWebSecurityConfigurerAdapter'; @ConditionalOnMissingBean (names: springSecurityFilterChain; SearchStrategy: all) did not find any beans (OnBeanCondition)


Negative matches:
-----------------

    None


Exclusions:
-----------

    None


Unconditional classes:
----------------------

    None



2023-10-14 04:21:35.848  INFO [ap-custom-report-service,,,] 20232 --- [Thread-27] j.LocalContainerEntityManagerFactoryBean : Closing JPA EntityManagerFactory for persistence unit 'default'
2023-10-14 04:21:35.848  INFO [ap-custom-report-service,,,] 20232 --- [Thread-27] o.s.s.concurrent.ThreadPoolTaskExecutor  : Shutting down ExecutorService 'applicationTaskExecutor'
2023-10-14 04:21:36.513  INFO [ap-custom-report-service,,,] 20232 --- [restartedMain] c.l.r.ReportCustomApplication            : The following profiles are active: prod
2023-10-14 04:21:36.998  INFO [ap-custom-report-service,,,] 20232 --- [restartedMain] .s.d.r.c.RepositoryConfigurationDelegate : Bootstrapping Spring Data JPA repositories in DEFERRED mode.
2023-10-14 04:21:37.114  INFO [ap-custom-report-service,,,] 20232 --- [restartedMain] .s.d.r.c.RepositoryConfigurationDelegate : Finished Spring Data repository scanning in 116ms. Found 3 JPA repository interfaces.
2023-10-14 04:21:37.158  INFO [ap-custom-report-service,,,] 20232 --- [restartedMain] o.s.cloud.context.scope.GenericScope     : BeanFactory id=6ccf8c55-a557-39da-b9ef-068609cb52c3
2023-10-14 04:21:37.182  INFO [ap-custom-report-service,,,] 20232 --- [restartedMain] trationDelegate$BeanPostProcessorChecker : Bean 'org.springframework.security.access.expression.method.DefaultMethodSecurityExpressionHandler@e654b1b' of type [org.springframework.security.access.expression.method.DefaultMethodSecurityExpressionHandler] is not eligible for getting processed by all BeanPostProcessors (for example: not eligible for auto-proxying)
2023-10-14 04:21:37.186  INFO [ap-custom-report-service,,,] 20232 --- [restartedMain] trationDelegate$BeanPostProcessorChecker : Bean 'methodSecurityMetadataSource' of type [org.springframework.security.access.method.DelegatingMethodSecurityMetadataSource] is not eligible for getting processed by all BeanPostProcessors (for example: not eligible for auto-proxying)
2023-10-14 04:21:37.305  INFO [ap-custom-report-service,,,] 20232 --- [restartedMain] o.s.b.w.embedded.tomcat.TomcatWebServer  : Tomcat initialized with port(s): 23532 (http)
2023-10-14 04:21:37.335  INFO [ap-custom-report-service,,,] 20232 --- [restartedMain] w.s.c.ServletWebServerApplicationContext : Root WebApplicationContext: initialization completed in 818 ms
2023-10-14 04:21:37.439  WARN [ap-custom-report-service,,,] 20232 --- [restartedMain] JpaBaseConfiguration$JpaWebConfiguration : spring.jpa.open-in-view is enabled by default. Therefore, database queries may be performed during view rendering. Explicitly configure spring.jpa.open-in-view to disable this warning
2023-10-14 04:21:37.502  INFO [ap-custom-report-service,,,] 20232 --- [restartedMain] o.s.s.concurrent.ThreadPoolTaskExecutor  : Initializing ExecutorService 'applicationTaskExecutor'
2023-10-14 04:21:37.677  INFO [ap-custom-report-service,,,] 20232 --- [restartedMain] o.s.aop.framework.CglibAopProxy          : Unable to proxy interface-implementing method [public final void org.springframework.dao.support.DaoSupport.afterPropertiesSet() throws java.lang.IllegalArgumentException,org.springframework.beans.factory.BeanInitializationException] because it is marked as final: Consider using interface-based JDK proxies instead!
2023-10-14 04:21:37.692  INFO [ap-custom-report-service,,,] 20232 --- [restartedMain] o.s.aop.framework.CglibAopProxy          : Unable to proxy interface-implementing method [public final void org.springframework.dao.support.DaoSupport.afterPropertiesSet() throws java.lang.IllegalArgumentException,org.springframework.beans.factory.BeanInitializationException] because it is marked as final: Consider using interface-based JDK proxies instead!
2023-10-14 04:21:37.704 ERROR [ap-custom-report-service,,,] 20232 --- [restartedMain] o.s.b.web.embedded.tomcat.TomcatStarter  : Error starting Tomcat context. Exception: org.springframework.beans.factory.UnsatisfiedDependencyException. Message: Error creating bean with name 'webSecurityConfig': Unsatisfied dependency expressed through field 'accessDeniedHandler'; nested exception is org.springframework.beans.factory.NoSuchBeanDefinitionException: No qualifying bean of type 'org.springframework.security.web.access.AccessDeniedHandler' available: expected at least 1 bean which qualifies as autowire candidate. Dependency annotations: {@org.springframework.beans.factory.annotation.Autowired(required=true)}
2023-10-14 04:21:37.707  WARN [ap-custom-report-service,,,] 20232 --- [restartedMain] ConfigServletWebServerApplicationContext : Exception encountered during context initialization - cancelling refresh attempt: org.springframework.context.ApplicationContextException: Unable to start web server; nested exception is org.springframework.boot.web.server.WebServerException: Unable to start embedded Tomcat
2023-10-14 04:21:37.707  INFO [ap-custom-report-service,,,] 20232 --- [restartedMain] j.LocalContainerEntityManagerFactoryBean : Closing JPA EntityManagerFactory for persistence unit 'default'
2023-10-14 04:21:37.745  INFO [ap-custom-report-service,,,] 20232 --- [task-1] j.LocalContainerEntityManagerFactoryBean : Initialized JPA EntityManagerFactory for persistence unit 'default'
2023-10-14 04:21:37.746  INFO [ap-custom-report-service,,,] 20232 --- [restartedMain] o.s.s.concurrent.ThreadPoolTaskExecutor  : Shutting down ExecutorService 'applicationTaskExecutor'
2023-10-14 04:21:37.808  INFO [ap-custom-report-service,,,] 20232 --- [restartedMain] ConditionEvaluationReportLoggingListener : 

Error starting ApplicationContext. To display the conditions report re-run your application with 'debug' enabled.
2023-10-14 04:21:38.017 ERROR [ap-custom-report-service,,,] 20232 --- [restartedMain] o.s.b.d.LoggingFailureAnalysisReporter   : 

***************************
APPLICATION FAILED TO START
***************************

Description:

Field accessDeniedHandler in com.ldb.reportcustom.config.WebSecurityConfig required a bean of type 'org.springframework.security.web.access.AccessDeniedHandler' that could not be found.

The injection point has the following annotations:
	- @org.springframework.beans.factory.annotation.Autowired(required=true)


Action:

Consider defining a bean of type 'org.springframework.security.web.access.AccessDeniedHandler' in your configuration.

2023-10-14 04:21:39.385  INFO [ap-custom-report-service,,,] 22872 --- [main] c.l.r.ReportCustomApplicationTests       : The following profiles are active: prod
2023-10-14 04:21:40.041  INFO [ap-custom-report-service,,,] 22872 --- [main] .s.d.r.c.RepositoryConfigurationDelegate : Bootstrapping Spring Data JPA repositories in DEFERRED mode.
2023-10-14 04:21:40.126  INFO [ap-custom-report-service,,,] 22872 --- [main] .s.d.r.c.RepositoryConfigurationDelegate : Finished Spring Data repository scanning in 79ms. Found 3 JPA repository interfaces.
2023-10-14 04:21:40.384  INFO [ap-custom-report-service,,,] 22872 --- [main] o.s.cloud.context.scope.GenericScope     : BeanFactory id=eab2c6d7-8aac-3ff8-9187-56f0f9927ff5
2023-10-14 04:21:40.638  INFO [ap-custom-report-service,,,] 22872 --- [main] trationDelegate$BeanPostProcessorChecker : Bean 'org.springframework.security.access.expression.method.DefaultMethodSecurityExpressionHandler@63a84bb6' of type [org.springframework.security.access.expression.method.DefaultMethodSecurityExpressionHandler] is not eligible for getting processed by all BeanPostProcessors (for example: not eligible for auto-proxying)
2023-10-14 04:21:40.661  INFO [ap-custom-report-service,,,] 22872 --- [main] trationDelegate$BeanPostProcessorChecker : Bean 'methodSecurityMetadataSource' of type [org.springframework.security.access.method.DelegatingMethodSecurityMetadataSource] is not eligible for getting processed by all BeanPostProcessors (for example: not eligible for auto-proxying)
2023-10-14 04:21:40.993  INFO [ap-custom-report-service,,,] 22872 --- [main] o.s.s.concurrent.ThreadPoolTaskExecutor  : Initializing ExecutorService 'applicationTaskExecutor'
2023-10-14 04:21:41.665  INFO [ap-custom-report-service,,,] 22872 --- [main] o.s.aop.framework.CglibAopProxy          : Unable to proxy interface-implementing method [public final void org.springframework.dao.support.DaoSupport.afterPropertiesSet() throws java.lang.IllegalArgumentException,org.springframework.beans.factory.BeanInitializationException] because it is marked as final: Consider using interface-based JDK proxies instead!
2023-10-14 04:21:41.677  INFO [ap-custom-report-service,,,] 22872 --- [main] o.s.aop.framework.CglibAopProxy          : Unable to proxy interface-implementing method [public final void org.springframework.dao.support.DaoSupport.afterPropertiesSet() throws java.lang.IllegalArgumentException,org.springframework.beans.factory.BeanInitializationException] because it is marked as final: Consider using interface-based JDK proxies instead!
2023-10-14 04:21:41.776  WARN [ap-custom-report-service,,,] 22872 --- [main] JpaBaseConfiguration$JpaWebConfiguration : spring.jpa.open-in-view is enabled by default. Therefore, database queries may be performed during view rendering. Explicitly configure spring.jpa.open-in-view to disable this warning
2023-10-14 04:21:42.862  INFO [ap-custom-report-service,,,] 22872 --- [task-1] j.LocalContainerEntityManagerFactoryBean : Initialized JPA EntityManagerFactory for persistence unit 'default'
2023-10-14 04:21:43.130  INFO [ap-custom-report-service,,,] 22872 --- [main] o.s.s.web.DefaultSecurityFilterChain     : Creating filter chain: any request, [org.springframework.security.web.context.request.async.WebAsyncManagerIntegrationFilter@18f27a81, org.springframework.security.web.context.SecurityContextPersistenceFilter@51dbed72, org.springframework.security.web.header.HeaderWriterFilter@a97a895, org.springframework.web.filter.CorsFilter@624494d4, org.springframework.security.web.authentication.logout.LogoutFilter@75dbe490, com.ldb.reportcustom.Security.jwt.JwtAuthenticationFilter@67f266bd, org.springframework.security.web.savedrequest.RequestCacheAwareFilter@5342032a, org.springframework.security.web.servletapi.SecurityContextHolderAwareRequestFilter@1eddca25, org.springframework.security.web.authentication.AnonymousAuthenticationFilter@654c2f81, org.springframework.security.web.session.SessionManagementFilter@1bbef3c7, org.springframework.security.web.access.ExceptionTranslationFilter@67a3394c, org.springframework.security.web.access.intercept.FilterSecurityInterceptor@6afaf27]
2023-10-14 04:21:44.508  WARN [ap-custom-report-service,,,] 22872 --- [main] s.o.SpringCloudSecurityAutoConfiguration : All Spring Cloud Security modules and starters are deprecated. They will be moved to individual projects in the next major release.
2023-10-14 04:21:44.557  INFO [ap-custom-report-service,,,] 22872 --- [main] o.s.b.a.e.web.EndpointLinksResolver      : Exposing 2 endpoint(s) beneath base path '/actuator'
2023-10-14 04:21:44.604  INFO [ap-custom-report-service,,,] 22872 --- [main] DeferredRepositoryInitializationListener : Triggering deferred initialization of Spring Data repositories…
2023-10-14 04:21:44.827  INFO [ap-custom-report-service,,,] 22872 --- [main] DeferredRepositoryInitializationListener : Spring Data repositories initialized!
2023-10-14 04:21:44.840  INFO [ap-custom-report-service,,,] 22872 --- [main] c.l.r.ReportCustomApplicationTests       : Started ReportCustomApplicationTests in 6.512 seconds (JVM running for 7.213)
2023-10-14 04:21:44.974  INFO [ap-custom-report-service,,,] 22872 --- [SpringContextShutdownHook] j.LocalContainerEntityManagerFactoryBean : Closing JPA EntityManagerFactory for persistence unit 'default'
2023-10-14 04:21:44.975  INFO [ap-custom-report-service,,,] 22872 --- [SpringContextShutdownHook] o.s.s.concurrent.ThreadPoolTaskExecutor  : Shutting down ExecutorService 'applicationTaskExecutor'
2023-10-14 04:25:57.538  INFO [ap-custom-report-service,,,] 15372 --- [restartedMain] o.s.b.devtools.restart.ChangeableUrls    : The Class-Path manifest attribute in C:\Users\Administrator\.m2\repository\com\oracle\database\security\oraclepki\19.3.0.0\oraclepki-19.3.0.0.jar referenced one or more files that do not exist: file:/C:/Users/Administrator/.m2/repository/com/oracle/database/security/oraclepki/19.3.0.0/osdt_cert.jar,file:/C:/Users/Administrator/.m2/repository/com/oracle/database/security/oraclepki/oracle.osdt/osdt_core.jar,file:/C:/Users/Administrator/.m2/repository/com/oracle/database/security/oraclepki/oracle.osdt/osdt_cert.jar
2023-10-14 04:25:57.539  INFO [ap-custom-report-service,,,] 15372 --- [restartedMain] .e.DevToolsPropertyDefaultsPostProcessor : Devtools property defaults active! Set 'spring.devtools.add-properties' to 'false' to disable
2023-10-14 04:25:57.924  INFO [ap-custom-report-service,,,] 15372 --- [restartedMain] c.l.r.ReportCustomApplication            : The following profiles are active: prod
2023-10-14 04:25:58.451  INFO [ap-custom-report-service,,,] 15372 --- [restartedMain] .s.d.r.c.RepositoryConfigurationDelegate : Bootstrapping Spring Data JPA repositories in DEFERRED mode.
2023-10-14 04:25:58.506  INFO [ap-custom-report-service,,,] 15372 --- [restartedMain] .s.d.r.c.RepositoryConfigurationDelegate : Finished Spring Data repository scanning in 51ms. Found 3 JPA repository interfaces.
2023-10-14 04:25:58.668  INFO [ap-custom-report-service,,,] 15372 --- [restartedMain] o.s.cloud.context.scope.GenericScope     : BeanFactory id=aed222f2-9e06-35bd-b57a-53ca6fcbef86
2023-10-14 04:25:58.824  INFO [ap-custom-report-service,,,] 15372 --- [restartedMain] trationDelegate$BeanPostProcessorChecker : Bean 'org.springframework.security.access.expression.method.DefaultMethodSecurityExpressionHandler@7c48f77c' of type [org.springframework.security.access.expression.method.DefaultMethodSecurityExpressionHandler] is not eligible for getting processed by all BeanPostProcessors (for example: not eligible for auto-proxying)
2023-10-14 04:25:58.834  INFO [ap-custom-report-service,,,] 15372 --- [restartedMain] trationDelegate$BeanPostProcessorChecker : Bean 'methodSecurityMetadataSource' of type [org.springframework.security.access.method.DelegatingMethodSecurityMetadataSource] is not eligible for getting processed by all BeanPostProcessors (for example: not eligible for auto-proxying)
2023-10-14 04:25:59.304  INFO [ap-custom-report-service,,,] 15372 --- [restartedMain] o.s.b.w.embedded.tomcat.TomcatWebServer  : Tomcat initialized with port(s): 23532 (http)
2023-10-14 04:25:59.379  INFO [ap-custom-report-service,,,] 15372 --- [restartedMain] w.s.c.ServletWebServerApplicationContext : Root WebApplicationContext: initialization completed in 1447 ms
2023-10-14 04:25:59.563  WARN [ap-custom-report-service,,,] 15372 --- [restartedMain] JpaBaseConfiguration$JpaWebConfiguration : spring.jpa.open-in-view is enabled by default. Therefore, database queries may be performed during view rendering. Explicitly configure spring.jpa.open-in-view to disable this warning
2023-10-14 04:25:59.672  INFO [ap-custom-report-service,,,] 15372 --- [restartedMain] o.s.s.concurrent.ThreadPoolTaskExecutor  : Initializing ExecutorService 'applicationTaskExecutor'
2023-10-14 04:26:00.018  INFO [ap-custom-report-service,,,] 15372 --- [restartedMain] o.s.aop.framework.CglibAopProxy          : Unable to proxy interface-implementing method [public final void org.springframework.dao.support.DaoSupport.afterPropertiesSet() throws java.lang.IllegalArgumentException,org.springframework.beans.factory.BeanInitializationException] because it is marked as final: Consider using interface-based JDK proxies instead!
2023-10-14 04:26:00.036  INFO [ap-custom-report-service,,,] 15372 --- [restartedMain] o.s.aop.framework.CglibAopProxy          : Unable to proxy interface-implementing method [public final void org.springframework.dao.support.DaoSupport.afterPropertiesSet() throws java.lang.IllegalArgumentException,org.springframework.beans.factory.BeanInitializationException] because it is marked as final: Consider using interface-based JDK proxies instead!
2023-10-14 04:26:00.393 DEBUG [ap-custom-report-service,,,] 15372 --- [restartedMain] c.l.r.S.jwt.JwtAuthenticationFilter      : Filter 'jwtAuthenticationFilter' configured for use
2023-10-14 04:26:00.714  INFO [ap-custom-report-service,,,] 15372 --- [task-1] j.LocalContainerEntityManagerFactoryBean : Initialized JPA EntityManagerFactory for persistence unit 'default'
2023-10-14 04:26:00.855  INFO [ap-custom-report-service,,,] 15372 --- [restartedMain] o.s.s.web.DefaultSecurityFilterChain     : Creating filter chain: any request, [org.springframework.security.web.context.request.async.WebAsyncManagerIntegrationFilter@4d34368a, org.springframework.security.web.context.SecurityContextPersistenceFilter@51925486, org.springframework.security.web.header.HeaderWriterFilter@60cdd5c3, org.springframework.web.filter.CorsFilter@7bc2a2a4, org.springframework.security.web.authentication.logout.LogoutFilter@479ad839, com.ldb.reportcustom.Security.jwt.JwtAuthenticationFilter@1e808be9, org.springframework.security.web.savedrequest.RequestCacheAwareFilter@1a6d6a7c, org.springframework.security.web.servletapi.SecurityContextHolderAwareRequestFilter@544fe2a2, org.springframework.security.web.authentication.AnonymousAuthenticationFilter@32c03ef4, org.springframework.security.web.session.SessionManagementFilter@5e274334, org.springframework.security.web.access.ExceptionTranslationFilter@3efec7c6, org.springframework.security.web.access.intercept.FilterSecurityInterceptor@5bd10b55]
2023-10-14 04:26:01.225  INFO [ap-custom-report-service,,,] 15372 --- [restartedMain] o.s.b.d.a.OptionalLiveReloadServer       : LiveReload server is running on port 35729
2023-10-14 04:26:01.446  WARN [ap-custom-report-service,,,] 15372 --- [restartedMain] s.o.SpringCloudSecurityAutoConfiguration : All Spring Cloud Security modules and starters are deprecated. They will be moved to individual projects in the next major release.
2023-10-14 04:26:01.472  INFO [ap-custom-report-service,,,] 15372 --- [restartedMain] o.s.b.a.e.web.EndpointLinksResolver      : Exposing 2 endpoint(s) beneath base path '/actuator'
2023-10-14 04:26:01.520  INFO [ap-custom-report-service,,,] 15372 --- [restartedMain] o.s.b.w.embedded.tomcat.TomcatWebServer  : Tomcat started on port(s): 23532 (http) with context path ''
2023-10-14 04:26:01.698  INFO [ap-custom-report-service,,,] 15372 --- [restartedMain] DeferredRepositoryInitializationListener : Triggering deferred initialization of Spring Data repositories…
2023-10-14 04:26:01.869  INFO [ap-custom-report-service,,,] 15372 --- [restartedMain] DeferredRepositoryInitializationListener : Spring Data repositories initialized!
2023-10-14 04:26:01.882  INFO [ap-custom-report-service,,,] 15372 --- [restartedMain] c.l.r.ReportCustomApplication            : Started ReportCustomApplication in 4.892 seconds (JVM running for 5.254)
2023-10-14 04:26:15.735  INFO [ap-custom-report-service,,,] 15372 --- [http-nio-23532-exec-1] o.s.web.servlet.DispatcherServlet        : Initializing Servlet 'dispatcherServlet'
2023-10-14 04:26:15.742  INFO [ap-custom-report-service,,,] 15372 --- [http-nio-23532-exec-1] o.s.web.servlet.DispatcherServlet        : Completed initialization in 7 ms
2023-10-14 04:26:15.755 DEBUG [ap-custom-report-service,f84c83de7d4c9b60,f84c83de7d4c9b60,true] 15372 --- [http-nio-23532-exec-1] c.l.r.S.jwt.JwtAuthenticationFilter      : no valid JWT token found, uri: /report/api/v1/custom/authenticate/token
2023-10-14 04:26:15.822  INFO [ap-custom-report-service,f84c83de7d4c9b60,f84c83de7d4c9b60,true] 15372 --- [http-nio-23532-exec-1] c.l.r.controller.LoginController         : ++ Mobile Login Request Token ..............................
2023-10-14 04:26:15.823  INFO [ap-custom-report-service,f84c83de7d4c9b60,f84c83de7d4c9b60,true] 15372 --- [http-nio-23532-exec-1] c.l.r.controller.LoginController         : Client IP Address: 0:0:0:0:0:0:0:1
2023-10-14 04:26:16.302  INFO [ap-custom-report-service,f84c83de7d4c9b60,f84c83de7d4c9b60,true] 15372 --- [http-nio-23532-exec-1] c.l.r.exceptions.ApiExceptionHandler     : Response body = {
  "status" : "00",
  "message" : "success",
  "dataResponse" : {
    "accessToken" : "eyJhbGciOiJIUzUxMiJ9.eyJzdWIiOiJBRE1JTl9SNUMxMF8xIiwiaWF0IjoxNjk3MjMyMzc2LCJleHAiOjE2OTczMTg3NzZ9.JPSQkKJTDsjps4KC3hxpcn77jkzQRc9gH2ZJ71YmlFYQw9KonX2xANx83bB4GUK-PvbJp-7UNASRVvdHW7xdTQ",
    "tokenType" : "Bearer",
    "expireDate" : 86400,
    "username" : "ADMIN_R5C10_1",
    "enabled" : true,
    "borders" : {
      "createdAt" : {
        "nano" : 0,
        "epochSecond" : 1674281281
      },
      "modifiedAt" : {
        "nano" : 0,
        "epochSecond" : 1674281281
      },
      "borderId" : "R5C10",
      "bridge" : "1",
      "code" : "510",
      "enable" : true,
      "name" : "ດ່ານສາກົນ ຂົວມິດຕະພາບ I",
      "provinceCode" : "201",
      "provinceName" : "ນະຄອນລວງວຽງຈັນ",
      "roles" : [ {
        "roleId" : 24,
        "roleName" : "ROLE_REPORT_ADMIN",
        "roleDisplay" : "Role Border"
      } ]
    },
    "roles" : [ {
      "roleId" : 24,
      "roleName" : "ROLE_REPORT_ADMIN",
      "roleDisplay" : "Role Border"
    } ]
  }
}
