2023-05-09 07:51:03.893 DEBUG [ap-custom-report-service,41860ae8411fb8b7,41860ae8411fb8b7,true] 8048 --- [http-nio-23532-exec-2] c.l.r.S.jwt.JwtAuthenticationFilter      : set Authentication to auth context for 'CPS_ADMIN_01', uri: /report/api/v1/custom/singleWindowDaily.service
2023-05-09 07:51:03.897  INFO [ap-custom-report-service,41860ae8411fb8b7,41860ae8411fb8b7,true] 8048 --- [http-nio-23532-exec-2] c.l.r.controller.SingleWindowController  : 		 --> Custom Request controller >>>>>>>>>>>>>>>>>>>>>>
2023-05-09 07:51:03.897  INFO [ap-custom-report-service,41860ae8411fb8b7,41860ae8411fb8b7,true] 8048 --- [http-nio-23532-exec-2] c.l.r.controller.SingleWindowController  : Client IP Address = 0:0:0:0:0:0:0:1
2023-05-09 07:51:03.897  INFO [ap-custom-report-service,41860ae8411fb8b7,41860ae8411fb8b7,true] 8048 --- [http-nio-23532-exec-2] c.l.r.controller.SingleWindowController  : auth == CPS_ADMIN_01
2023-05-09 07:51:03.897  INFO [ap-custom-report-service,41860ae8411fb8b7,41860ae8411fb8b7,true] 8048 --- [http-nio-23532-exec-2] c.l.r.controller.SingleWindowController  : auth username == com.ldb.reportcustom.Security.service.UserPrincipal@b90ddfaa: Username: CPS_ADMIN_01; Password: [PROTECTED]; Enabled: true; AccountNonExpired: true; credentialsNonExpired: true; AccountNonLocked: true; Granted Authorities: ROLE_REPORT_ADMIN
2023-05-09 07:51:03.898  INFO [ap-custom-report-service,41860ae8411fb8b7,41860ae8411fb8b7,true] 8048 --- [http-nio-23532-exec-2] c.l.r.controller.SingleWindowController  : data body request: {
  "startDate" : "20230507"
}
2023-05-09 07:51:03.935  INFO [ap-custom-report-service,41860ae8411fb8b7,41860ae8411fb8b7,true] 8048 --- [http-nio-23532-exec-2] com.ldb.reportcustom.utils.LnswFunction  : Border id =  AND A.ISSUING_CUSTOMER_OFFICE IN ('R5C10', 'LAVLP', 'R5C30', 'R5C20', 'R5C40', 'LAVTEBCHW0', 'R3C10', 'R3C16', 'R3C20', 'R3C30', 'R3C60', 'R3C36', 'R1C20', 'R1C30', 'R1C50', 'R1C10', 'R1C18', 'R4C10', 'R4C20', 'R4C40', 'R4C60', 'R4C30', 'R4C50', 'R2C60', 'R2C30', 'R2C40', 'R2C70', 'R1C40', 'R1C60', 'R1C61', 'R2C20', 'R2C21', 'R2C50', 'R4C31', 'R3C40', 'R3C50')
2023-05-09 07:51:03.935  INFO [ap-custom-report-service,41860ae8411fb8b7,41860ae8411fb8b7,true] 8048 --- [http-nio-23532-exec-2] c.l.r.services.Impl.GetDataServiceImpl   : SQL : 
SELECT TO_CHAR(A.UPDATED_AT, 'DD/MM/YYYY HH24:MI:SS') AS PAY_DATE, A.UPDATED_AT AS PAYMENT_DATE, SAD_TYPE, SAD_REG_NO, SAD_INSTANCE_ID, PAYMENT_REF,  TOTAL_AMOUNT, INVOICE_STATUS, PAYMENT_CHANNEL, 
TB.RECEIPT_NAME AS BORDER_NAME, TIN_NAME, REFERENCE, INVOICE_ID, ISSUING_DATE, C.TAX_RECEIPT_NAME, B.AMOUNT, B.TAX_CODE, B.MORE_INFO, A.ISSUING_CUSTOMER_OFFICE AS BORDER_ID 
FROM TAX_INVOICE A 
LEFT OUTER JOIN TAX_INVOICE_DETAIL B ON a.REFERENCE = b.REFERENCE_INV_ID 
LEFT OUTER JOIN TAX_ACCOUNT_BORDER C on B.TAX_CODE = C.TAX_CODE AND C.RECEIPT_TITLE = 'Y' 
LEFT OUTER JOIN TAX_BORDER TB on A.ISSUING_CUSTOMER_OFFICE = TB.BORDER_ID 
WHERE INVOICE_STATUS = 'ACCEPTED' AND 1=1  AND TO_CHAR(A.UPDATED_AT, 'YYYYMMDD') = 20230507 AND A.ISSUING_CUSTOMER_OFFICE IN ('R5C10', 'LAVLP', 'R5C30', 'R5C20', 'R5C40', 'LAVTEBCHW0', 'R3C10', 'R3C16', 'R3C20', 'R3C30', 'R3C60', 'R3C36', 'R1C20', 'R1C30', 'R1C50', 'R1C10', 'R1C18', 'R4C10', 'R4C20', 'R4C40', 'R4C60', 'R4C30', 'R4C50', 'R2C60', 'R2C30', 'R2C40', 'R2C70', 'R1C40', 'R1C60', 'R1C61', 'R2C20', 'R2C21', 'R2C50', 'R4C31', 'R3C40', 'R3C50') ORDER BY REFERENCE, b.AMOUNT DESC 
2023-05-09 07:51:04.033  INFO [ap-custom-report-service,41860ae8411fb8b7,41860ae8411fb8b7,true] 8048 --- [http-nio-23532-exec-2] c.l.r.controller.SingleWindowController  : 		 --> End Custom Request controller <<<<<<<<<<<<<<<<<<<
2023-05-09 07:51:04.043  INFO [ap-custom-report-service,41860ae8411fb8b7,41860ae8411fb8b7,true] 8048 --- [http-nio-23532-exec-2] c.l.r.exceptions.ApiExceptionHandler     : Response body = {
  "status" : "00",
  "message" : "success",
  "dataResponse" : {
    "dataValue" : [ {
      "paymentDate" : "07/05/2023 13:28:42",
      "typeInvoice" : "IM",
      "invoiceNumber" : "18578",
      "instance" : "3075514",
      "receiptNumber" : "FT23127N5LL2",
      "amount" : 6.77641E7,
      "paymentChanel" : "MOBILE",
      "companyName" : "AUTO MARK IMPORT-EXPORT SOLE CO.,LTD",
      "printBill" : {
        "header" : {
          "billNo" : "FT23127N5LL2",
          "number" : "18578",
          "invoices" : "TAX231270MTW7855",
          "borderName" : "  ສົກປີ: 2023",
          "typeInvoice" : "IM",
          "soi" : "230507000132",
          "issueDate" : "07/05/2023",
          "companyName" : "AUTO MARK IMPORT-EXPORT SOLE CO.,LTD"
        },
        "detail" : [ {
          "title" : "ພາສີ ຂາເຂົ້າ",
          "amount" : "28,627,500"
        }, {
          "title" : "ອາກອນຊົມໃຊ້",
          "amount" : "15,745,200"
        }, {
          "title" : "ຄ່າອາກອນມູນຄ່າເພີ່ມ",
          "amount" : "23,145,400"
        }, {
          "title" : "ຄ່າທໍານຽມ LNSW",
          "amount" : "128,400"
        }, {
          "title" : "ຄ່າບໍລິການດຳເນີນໃບແຈ້ງພາສີ",
          "amount" : "100,000"
        }, {
          "title" : "ຄ່າບໍລິການຂໍ້ມູນສະຖິຕິ",
          "amount" : "17,600"
        } ],
        "footer" : {
          "totalAmount" : "67,764,100",
          "nameAmount" : "ຫົກສິບເຈັດລ້ານເຈັດແສນຫົກໝື່ນສີພັນໜຶ່ງຮ້ອຍກີບ",
          "paymentDate" : "07/05/2023 13:28:42",
          "qrCode" : "TAX231270MTW7855"
        }
      }
    }, {
      "paymentDate" : "07/05/2023 10:32:02",
      "typeInvoice" : "IM",
      "invoiceNumber" : "18846",
      "instance" : "3077907",
      "receiptNumber" : "FT231274DKK8",
      "amount" : 3103400.0,
      "paymentChanel" : "MOBILE",
      "companyName" : "ແພງພັນການຄ້າຂາອອກ-ຂາເຂົ້າ ຈຳກັດຜູ້ດຽວ",
      "printBill" : {
        "header" : {
          "billNo" : "FT231274DKK8",
          "number" : "18846",
          "invoices" : "TAX231271UFZ9636",
          "borderName" : "  ສົກປີ: 2023",
          "typeInvoice" : "IM",
          "soi" : "230507000065",
          "issueDate" : "07/05/2023",
          "companyName" : "ແພງພັນການຄ້າຂາອອກ-ຂາເຂົ້າ ຈຳກັດຜູ້ດຽວ"
        },
        "detail" : [ {
          "title" : "ພາສີ ຂາເຂົ້າ",
          "amount" : "1,750,000"
        }, {
          "title" : "ສິນຄ້າຜ່ານແດນສາກົນ",
          "amount" : "1,125,000"
        }, {
          "title" : "ຄ່າທໍານຽມ LNSW",
          "amount" : "128,400"
        }, {
          "title" : "ຄ່າບໍລິການດຳເນີນໃບແຈ້ງພາສີ",
          "amount" : "100,000"
        } ],
        "footer" : {
          "totalAmount" : "3,103,400",
          "nameAmount" : "ສາມລ້ານໜຶ່ງແສນສາມພັນສີຮ້ອຍກີບ",
          "paymentDate" : "07/05/2023 10:32:02",
          "qrCode" : "TAX231271UFZ9636"
        }
      }
    }, {
      "paymentDate" : "07/05/2023 12:57:22",
      "typeInvoice" : "IM",
      "invoiceNumber" : "18849",
      "instance" : "3077924",
      "receiptNumber" : "FT23127XXPYG",
      "amount" : 2528400.0,
      "paymentChanel" : "INTERNET",
      "companyName" : "LCC International Trading Import-Export Sole Co.,L",
      "printBill" : {
        "header" : {
          "billNo" : "FT23127XXPYG",
          "number" : "18849",
          "invoices" : "TAX2312721LJ9796",
          "borderName" : "  ສົກປີ: 2023",
          "typeInvoice" : "IM",
          "soi" : "230507000137",
          "issueDate" : "07/05/2023",
          "companyName" : "LCC International Trading Import-Export Sole Co.,L"
        },
        "detail" : [ {
          "title" : "ພາສີ ຂາເຂົ້າ",
          "amount" : "1,400,000"
        }, {
          "title" : "ສິນຄ້າຜ່ານແດນສາກົນ",
          "amount" : "900,000"
        }, {
          "title" : "ຄ່າທໍານຽມ LNSW",
          "amount" : "128,400"
        }, {
          "title" : "ຄ່າບໍລິການດຳເນີນໃບແຈ້ງພາສີ",
          "amount" : "100,000"
        } ],
        "footer" : {
          "totalAmount" : "2,528,400",
          "nameAmount" : "ສອງລ້ານຫ້າແສນສອງໝື່ນແປດພັນສີຮ້ອຍກີບ",
          "paymentDate" : "07/05/2023 12:57:22",
          "qrCode" : "TAX2312721LJ9796"
        }
      }
    }, {
      "paymentDate" : "07/05/2023 13:57:32",
      "typeInvoice" : "IM",
      "invoiceNumber" : "9438",
      "instance" : "3078284",
      "receiptNumber" : "FT231272GQ9W",
      "amount" : 4622600.0,
      "paymentChanel" : "MOBILE",
      "companyName" : "BS TRADING EXPORT - IMPORT SOLE CO.,LTD",
      "printBill" : {
        "header" : {
          "billNo" : "FT231272GQ9W",
          "number" : "9438",
          "invoices" : "TAX2312733KO4758",
          "borderName" : "  ສົກປີ: 2023",
          "typeInvoice" : "IM",
          "soi" : "230507000150",
          "issueDate" : "07/05/2023",
          "companyName" : "BS TRADING EXPORT - IMPORT SOLE CO.,LTD"
        },
        "detail" : [ {
          "title" : "ຄ່າອາກອນມູນຄ່າເພີ່ມ",
          "amount" : "4,372,400"
        }, {
          "title" : "ຄ່າທໍານຽມ LNSW",
          "amount" : "128,400"
        }, {
          "title" : "ຄ່າບໍລິການດຳເນີນໃບແຈ້ງພາສີ",
          "amount" : "100,000"
        }, {
          "title" : "ຄ່າບໍລິການຂໍ້ມູນສະຖິຕິ",
          "amount" : "21,800"
        } ],
        "footer" : {
          "totalAmount" : "4,622,600",
          "nameAmount" : "ສີລ້ານຫົກແສນສອງໝື່ນສອງພັນຫົກຮ້ອຍກີບ",
          "paymentDate" : "07/05/2023 13:57:32",
          "qrCode" : "TAX2312733KO4758"
        }
      }
    }, {
      "paymentDate" : "07/05/2023 10:49:22",
      "typeInvoice" : "IM",
      "invoiceNumber" : "18810",
      "instance" : "3077687",
      "receiptNumber" : "FT231271XMXX",
      "amount" : 2.53602E7,
      "paymentChanel" : "MOBILE",
      "companyName" : "999 Laos - China Trading Sole Co.,LTD",
      "printBill" : {
        "header" : {
          "billNo" : "FT231271XMXX",
          "number" : "18810",
          "invoices" : "TAX231275EWP0261",
          "borderName" : "  ສົກປີ: 2023",
          "typeInvoice" : "IM",
          "soi" : "230507000074",
          "issueDate" : "07/05/2023",
          "companyName" : "999 Laos - China Trading Sole Co.,LTD"
        },
        "detail" : [ {
          "title" : "ພາສີ ຂາເຂົ້າ",
          "amount" : "13,844,300"
        }, {
          "title" : "ຄ່າອາກອນມູນຄ່າເພີ່ມ",
          "amount" : "11,250,500"
        }, {
          "title" : "ຄ່າທໍານຽມ LNSW",
          "amount" : "128,400"
        }, {
          "title" : "ຄ່າບໍລິການດຳເນີນໃບແຈ້ງພາສີ",
          "amount" : "100,000"
        }, {
          "title" : "ຄ່າບໍລິການຂໍ້ມູນສະຖິຕິ",
          "amount" : "37,000"
        } ],
        "footer" : {
          "totalAmount" : "25,360,200",
          "nameAmount" : "ຊາວຫ້າລ້ານສາມແສນຫົກໝື່ນສອງຮ້ອຍກີບ",
          "paymentDate" : "07/05/2023 10:49:22",
          "qrCode" : "TAX231275EWP0261"
        }
      }
    }, {
      "paymentDate" : "07/05/2023 17:10:12",
      "typeInvoice" : "IM",
      "invoiceNumber" : "18886",
      "instance" : "3078109",
      "receiptNumber" : "FT23127J114T",
      "amount" : 9114500.0,
      "paymentChanel" : "MOBILE",
      "companyName" : "999 Laos - China Trading Sole Co.,LTD",
      "printBill" : {
        "header" : {
          "billNo" : "FT23127J114T",
          "number" : "18886",
          "invoices" : "TAX231276RP42231",
          "borderName" : "  ສົກປີ: 2023",
          "typeInvoice" : "IM",
          "soi" : "230507000606",
          "issueDate" : "07/05/2023",
          "companyName" : "999 Laos - China Trading Sole Co.,LTD"
        },
        "detail" : [ {
          "title" : "ຄ່າອາກອນມູນຄ່າເພີ່ມ",
          "amount" : "8,846,100"
        }, {
          "title" : "ຄ່າທໍານຽມ LNSW",
          "amount" : "128,400"
        }, {
          "title" : "ຄ່າບໍລິການດຳເນີນໃບແຈ້ງພາສີ",
          "amount" : "100,000"
        }, {
          "title" : "ຄ່າບໍລິການຂໍ້ມູນສະຖິຕິ",
          "amount" : "40,000"
        } ],
        "footer" : {
          "totalAmount" : "9,114,500",
          "nameAmount" : "ເກົ້າລ້ານໜຶ່ງແສນໜຶ່ງໝື່ນສີພັນຫ້າຮ້ອຍກີບ",
          "paymentDate" : "07/05/2023 17:10:12",
          "qrCode" : "TAX231276RP42231"
        }
      }
    }, {
      "paymentDate" : "07/05/2023 16:05:52",
      "typeInvoice" : "IM",
      "invoiceNumber" : "18927",
      "instance" : "3078597",
      "receiptNumber" : "FT2312740Z0G",
      "amount" : 1.72562E7,
      "paymentChanel" : "MOBILE",
      "companyName" : "ບໍລິສັດ ດາວອີນ ການຄ້າຂາອອກ-ຂາເຂົ້າ ຈຳກັດຜູ້ດຽວ",
      "printBill" : {
        "header" : {
          "billNo" : "FT2312740Z0G",
          "number" : "18927",
          "invoices" : "TAX231279N3Y2351",
          "borderName" : "  ສົກປີ: 2023",
          "typeInvoice" : "IM",
          "soi" : "230507000466",
          "issueDate" : "07/05/2023",
          "companyName" : "ບໍລິສັດ ດາວອີນ ການຄ້າຂາອອກ-ຂາເຂົ້າ ຈຳກັດຜູ້ດຽວ"
        },
        "detail" : [ {
          "title" : "ຄ່າອາກອນມູນຄ່າເພີ່ມ",
          "amount" : "17,003,000"
        }, {
          "title" : "ຄ່າທໍານຽມ LNSW",
          "amount" : "128,400"
        }, {
          "title" : "ຄ່າບໍລິການດຳເນີນໃບແຈ້ງພາສີ",
          "amount" : "100,000"
        }, {
          "title" : "ຄ່າບໍລິການຂໍ້ມູນສະຖິຕິ",
          "amount" : "24,800"
        } ],
        "footer" : {
          "totalAmount" : "17,256,200",
          "nameAmount" : "ສິບເຈັດລ້ານສອງແສນຫ້າໝື່ນຫົກພັນສອງຮ້ອຍກີບ",
          "paymentDate" : "07/05/2023 16:05:52",
          "qrCode" : "TAX231279N3Y2351"
        }
      }
    }, {
      "paymentDate" : "07/05/2023 16:16:32",
      "typeInvoice" : "IM",
      "invoiceNumber" : "18872",
      "instance" : "3078038",
      "receiptNumber" : "FT23127VFX75",
      "amount" : 2.52711E7,
      "paymentChanel" : "MOBILE",
      "companyName" : "999 Laos - China Trading Sole Co.,LTD",
      "printBill" : {
        "header" : {
          "billNo" : "FT23127VFX75",
          "number" : "18872",
          "invoices" : "TAX23127AWI86205",
          "borderName" : "  ສົກປີ: 2023",
          "typeInvoice" : "IM",
          "soi" : "230507000464",
          "issueDate" : "07/05/2023",
          "companyName" : "999 Laos - China Trading Sole Co.,LTD"
        },
        "detail" : [ {
          "title" : "ພາສີ ຂາເຂົ້າ",
          "amount" : "13,777,800"
        }, {
          "title" : "ອາກອນຊົມໃຊ້",
          "amount" : "331,600"
        }, {
          "title" : "ຄ່າອາກອນມູນຄ່າເພີ່ມ",
          "amount" : "10,896,300"
        }, {
          "title" : "ຄ່າທໍານຽມ LNSW",
          "amount" : "128,400"
        }, {
          "title" : "ຄ່າບໍລິການດຳເນີນໃບແຈ້ງພາສີ",
          "amount" : "100,000"
        }, {
          "title" : "ຄ່າບໍລິການຂໍ້ມູນສະຖິຕິ",
          "amount" : "37,000"
        } ],
        "footer" : {
          "totalAmount" : "25,271,100",
          "nameAmount" : "ຊາວຫ້າລ້ານສອງແສນເຈັດໝື່ນໜຶ່ງພັນໜຶ່ງຮ້ອຍກີບ",
          "paymentDate" : "07/05/2023 16:16:32",
          "qrCode" : "TAX23127AWI86205"
        }
      }
    }, {
      "paymentDate" : "07/05/2023 16:34:52",
      "typeInvoice" : "IM",
      "invoiceNumber" : "18956",
      "instance" : "3078701",
      "receiptNumber" : "FT23127RSKJT",
      "amount" : 2.80391E7,
      "paymentChanel" : "MOBILE",
      "companyName" : "ບໍລິສັດ ດາວອີນ ການຄ້າຂາອອກ-ຂາເຂົ້າ ຈຳກັດຜູ້ດຽວ",
      "printBill" : {
        "header" : {
          "billNo" : "FT23127RSKJT",
          "number" : "18956",
          "invoices" : "TAX23127C6ZC5418",
          "borderName" : "  ສົກປີ: 2023",
          "typeInvoice" : "IM",
          "soi" : "230507000570",
          "issueDate" : "07/05/2023",
          "companyName" : "ບໍລິສັດ ດາວອີນ ການຄ້າຂາອອກ-ຂາເຂົ້າ ຈຳກັດຜູ້ດຽວ"
        },
        "detail" : [ {
          "title" : "ຄ່າອາກອນມູນຄ່າເພີ່ມ",
          "amount" : "27,690,700"
        }, {
          "title" : "ຄ່າທໍານຽມ LNSW",
          "amount" : "128,400"
        }, {
          "title" : "ຄ່າບໍລິການຂໍ້ມູນສະຖິຕິ",
          "amount" : "120,000"
        }, {
          "title" : "ຄ່າບໍລິການດຳເນີນໃບແຈ້ງພາສີ",
          "amount" : "100,000"
        } ],
        "footer" : {
          "totalAmount" : "28,039,100",
          "nameAmount" : "ຊາວແປດລ້ານສາມໝື່ນເກົ້າພັນໜຶ່ງຮ້ອຍກີບ",
          "paymentDate" : "07/05/2023 16:34:52",
          "qrCode" : "TAX23127C6ZC5418"
        }
      }
    }, {
      "paymentDate" : "07/05/2023 16:23:22",
      "typeInvoice" : "IM",
      "invoiceNumber" : "18937",
      "instance" : "3078654",
      "receiptNumber" : "FT231277LHSZ",
      "amount" : 4.65796E7,
      "paymentChanel" : "MOBILE",
      "companyName" : "ບໍລິສັດ ດາວອີນ ການຄ້າຂາອອກ-ຂາເຂົ້າ ຈຳກັດຜູ້ດຽວ",
      "printBill" : {
        "header" : {
          "billNo" : "FT231277LHSZ",
          "number" : "18937",
          "invoices" : "TAX23127CJWS5264",
          "borderName" : "  ສົກປີ: 2023",
          "typeInvoice" : "IM",
          "soi" : "230507000523",
          "issueDate" : "07/05/2023",
          "companyName" : "ບໍລິສັດ ດາວອີນ ການຄ້າຂາອອກ-ຂາເຂົ້າ ຈຳກັດຜູ້ດຽວ"
        },
        "detail" : [ {
          "title" : "ຄ່າອາກອນມູນຄ່າເພີ່ມ",
          "amount" : "46,151,200"
        }, {
          "title" : "ຄ່າບໍລິການຂໍ້ມູນສະຖິຕິ",
          "amount" : "200,000"
        }, {
          "title" : "ຄ່າທໍານຽມ LNSW",
          "amount" : "128,400"
        }, {
          "title" : "ຄ່າບໍລິການດຳເນີນໃບແຈ້ງພາສີ",
          "amount" : "100,000"
        } ],
        "footer" : {
          "totalAmount" : "46,579,600",
          "nameAmount" : "ສີສິບຫົກລ້ານຫ້າແສນເຈັດໝື່ນເກົ້າພັນຫົກຮ້ອຍກີບ",
          "paymentDate" : "07/05/2023 16:23:22",
          "qrCode" : "TAX23127CJWS5264"
        }
      }
    }, {
      "paymentDate" : "07/05/2023 12:56:12",
      "typeInvoice" : "IM",
      "invoiceNumber" : "18851",
      "instance" : "3077937",
      "receiptNumber" : "FT23127WTNFS",
      "amount" : 2528400.0,
      "paymentChanel" : "INTERNET",
      "companyName" : "LCC International Trading Import-Export Sole Co.,L",
      "printBill" : {
        "header" : {
          "billNo" : "FT23127WTNFS",
          "number" : "18851",
          "invoices" : "TAX23127EBLQ9210",
          "borderName" : "  ສົກປີ: 2023",
          "typeInvoice" : "IM",
          "soi" : "230507000138",
          "issueDate" : "07/05/2023",
          "companyName" : "LCC International Trading Import-Export Sole Co.,L"
        },
        "detail" : [ {
          "title" : "ພາສີ ຂາເຂົ້າ",
          "amount" : "1,400,000"
        }, {
          "title" : "ສິນຄ້າຜ່ານແດນສາກົນ",
          "amount" : "900,000"
        }, {
          "title" : "ຄ່າທໍານຽມ LNSW",
          "amount" : "128,400"
        }, {
          "title" : "ຄ່າບໍລິການດຳເນີນໃບແຈ້ງພາສີ",
          "amount" : "100,000"
        } ],
        "footer" : {
          "totalAmount" : "2,528,400",
          "nameAmount" : "ສອງລ້ານຫ້າແສນສອງໝື່ນແປດພັນສີຮ້ອຍກີບ",
          "paymentDate" : "07/05/2023 12:56:12",
          "qrCode" : "TAX23127EBLQ9210"
        }
      }
    }, {
      "paymentDate" : "07/05/2023 15:01:22",
      "typeInvoice" : "IM",
      "invoiceNumber" : "18838",
      "instance" : "3077888",
      "receiptNumber" : "FT23127464BQ",
      "amount" : 509600.0,
      "paymentChanel" : "INTERNET",
      "companyName" : "ELECTRICITE DU LA",
      "printBill" : {
        "header" : {
          "billNo" : "FT23127464BQ",
          "number" : "18838",
          "invoices" : "TAX23127EJI08933",
          "borderName" : "  ສົກປີ: 2023",
          "typeInvoice" : "IM",
          "soi" : "230507000438",
          "issueDate" : "07/05/2023",
          "companyName" : "ELECTRICITE DU LA"
        },
        "detail" : [ {
          "title" : "ຄ່າບໍລິການຂໍ້ມູນສະຖິຕິ",
          "amount" : "281,200"
        }, {
          "title" : "ຄ່າທໍານຽມ LNSW",
          "amount" : "128,400"
        }, {
          "title" : "ຄ່າບໍລິການດຳເນີນໃບແຈ້ງພາສີ",
          "amount" : "100,000"
        } ],
        "footer" : {
          "totalAmount" : "509,600",
          "nameAmount" : "ຫ້າແສນເກົ້າພັນຫົກຮ້ອຍກີບ",
          "paymentDate" : "07/05/2023 15:01:22",
          "qrCode" : "TAX23127EJI08933"
        }
      }
    }, {
      "paymentDate" : "07/05/2023 14:47:22",
      "typeInvoice" : "IM",
      "invoiceNumber" : "18875",
      "instance" : "3078056",
      "receiptNumber" : "FT23127QB5HV",
      "amount" : 8956600.0,
      "paymentChanel" : "INTERNET",
      "companyName" : "HOUNG AH LOUN IMPORT-EXPORT AND TRANSPORT CO.,LTD",
      "printBill" : {
        "header" : {
          "billNo" : "FT23127QB5HV",
          "number" : "18875",
          "invoices" : "TAX23127ELPS0360",
          "borderName" : "  ສົກປີ: 2023",
          "typeInvoice" : "IM",
          "soi" : "230507000413",
          "issueDate" : "07/05/2023",
          "companyName" : "HOUNG AH LOUN IMPORT-EXPORT AND TRANSPORT CO.,LTD"
        },
        "detail" : [ {
          "title" : "ພາສີ ຂາເຂົ້າ",
          "amount" : "60,800"
        }, {
          "title" : "ຄ່າອາກອນມູນຄ່າເພີ່ມ",
          "amount" : "8,647,200"
        }, {
          "title" : "ຄ່າທໍານຽມ LNSW",
          "amount" : "128,400"
        }, {
          "title" : "ຄ່າບໍລິການດຳເນີນໃບແຈ້ງພາສີ",
          "amount" : "100,000"
        }, {
          "title" : "ຄ່າບໍລິການຂໍ້ມູນສະຖິຕິ",
          "amount" : "20,200"
        } ],
        "footer" : {
          "totalAmount" : "8,956,600",
          "nameAmount" : "ແປດລ້ານເກົ້າແສນຫ້າໝື່ນຫົກພັນຫົກຮ້ອຍກີບ",
          "paymentDate" : "07/05/2023 14:47:22",
          "qrCode" : "TAX23127ELPS0360"
        }
      }
    }, {
      "paymentDate" : "07/05/2023 16:19:42",
      "typeInvoice" : "IM",
      "invoiceNumber" : "18898",
      "instance" : "3078318",
      "receiptNumber" : "FT23127VYB2C",
      "amount" : 2.52721E7,
      "paymentChanel" : "MOBILE",
      "companyName" : "999 Laos - China Trading Sole Co.,LTD",
      "printBill" : {
        "header" : {
          "billNo" : "FT23127VYB2C",
          "number" : "18898",
          "invoices" : "TAX23127FMXV0185",
          "borderName" : "  ສົກປີ: 2023",
          "typeInvoice" : "IM",
          "soi" : "230507000546",
          "issueDate" : "07/05/2023",
          "companyName" : "999 Laos - China Trading Sole Co.,LTD"
        },
        "detail" : [ {
          "title" : "ພາສີ ຂາເຂົ້າ",
          "amount" : "11,080,800"
        }, {
          "title" : "ອາກອນຊົມໃຊ້",
          "amount" : "2,734,600"
        }, {
          "title" : "ຄ່າອາກອນມູນຄ່າເພີ່ມ",
          "amount" : "11,192,500"
        }, {
          "title" : "ຄ່າທໍານຽມ LNSW",
          "amount" : "128,400"
        }, {
          "title" : "ຄ່າບໍລິການດຳເນີນໃບແຈ້ງພາສີ",
          "amount" : "100,000"
        }, {
          "title" : "ຄ່າບໍລິການຂໍ້ມູນສະຖິຕິ",
          "amount" : "35,800"
        } ],
        "footer" : {
          "totalAmount" : "25,272,100",
          "nameAmount" : "ຊາວຫ້າລ້ານສອງແສນເຈັດໝື່ນສອງພັນໜຶ່ງຮ້ອຍກີບ",
          "paymentDate" : "07/05/2023 16:19:42",
          "qrCode" : "TAX23127FMXV0185"
        }
      }
    }, {
      "paymentDate" : "07/05/2023 13:29:52",
      "typeInvoice" : "IM",
      "invoiceNumber" : "18585",
      "instance" : "3075557",
      "receiptNumber" : "FT23127SPGX1",
      "amount" : 6.98101E7,
      "paymentChanel" : "MOBILE",
      "companyName" : "AUTO MARK IMPORT-EXPORT SOLE CO.,LTD",
      "printBill" : {
        "header" : {
          "billNo" : "FT23127SPGX1",
          "number" : "18585",
          "invoices" : "TAX23127FSGK6484",
          "borderName" : "  ສົກປີ: 2023",
          "typeInvoice" : "IM",
          "soi" : "230507000129",
          "issueDate" : "07/05/2023",
          "companyName" : "AUTO MARK IMPORT-EXPORT SOLE CO.,LTD"
        },
        "detail" : [ {
          "title" : "ພາສີ ຂາເຂົ້າ",
          "amount" : "29,495,000"
        }, {
          "title" : "ອາກອນຊົມໃຊ້",
          "amount" : "16,222,300"
        }, {
          "title" : "ຄ່າອາກອນມູນຄ່າເພີ່ມ",
          "amount" : "23,846,800"
        }, {
          "title" : "ຄ່າທໍານຽມ LNSW",
          "amount" : "128,400"
        }, {
          "title" : "ຄ່າບໍລິການດຳເນີນໃບແຈ້ງພາສີ",
          "amount" : "100,000"
        }, {
          "title" : "ຄ່າບໍລິການຂໍ້ມູນສະຖິຕິ",
          "amount" : "17,600"
        } ],
        "footer" : {
          "totalAmount" : "69,810,100",
          "nameAmount" : "ຫົກສິບເກົ້າລ້ານແປດແສນໜຶ່ງໝື່ນໜຶ່ງຮ້ອຍກີບ",
          "paymentDate" : "07/05/2023 13:29:52",
          "qrCode" : "TAX23127FSGK6484"
        }
      }
    }, {
      "paymentDate" : "07/05/2023 16:23:12",
      "typeInvoice" : "IM",
      "invoiceNumber" : "9439",
      "instance" : "3078342",
      "receiptNumber" : "FT23127PMDKJ",
      "amount" : 1.62944E7,
      "paymentChanel" : "MOBILE",
      "companyName" : "999 Laos - China Trading Sole Co.,LTD",
      "printBill" : {
        "header" : {
          "billNo" : "FT23127PMDKJ",
          "number" : "9439",
          "invoices" : "TAX23127GRDZ1744",
          "borderName" : "  ສົກປີ: 2023",
          "typeInvoice" : "IM",
          "soi" : "230507000270",
          "issueDate" : "07/05/2023",
          "companyName" : "999 Laos - China Trading Sole Co.,LTD"
        },
        "detail" : [ {
          "title" : "ພາສີ ຂາເຂົ້າ",
          "amount" : "8,505,100"
        }, {
          "title" : "ອາກອນຊົມໃຊ້",
          "amount" : "399,400"
        }, {
          "title" : "ຄ່າອາກອນມູນຄ່າເພີ່ມ",
          "amount" : "7,133,500"
        }, {
          "title" : "ຄ່າທໍານຽມ LNSW",
          "amount" : "128,400"
        }, {
          "title" : "ຄ່າບໍລິການດຳເນີນໃບແຈ້ງພາສີ",
          "amount" : "100,000"
        }, {
          "title" : "ຄ່າບໍລິການຂໍ້ມູນສະຖິຕິ",
          "amount" : "28,000"
        } ],
        "footer" : {
          "totalAmount" : "16,294,400",
          "nameAmount" : "ສິບຫົກລ້ານສອງແສນເກົ້າໝື່ນສີພັນສີຮ້ອຍກີບ",
          "paymentDate" : "07/05/2023 16:23:12",
          "qrCode" : "TAX23127GRDZ1744"
        }
      }
    }, {
      "paymentDate" : "07/05/2023 09:31:12",
      "typeInvoice" : "IM",
      "invoiceNumber" : "9376",
      "instance" : "3077863",
      "receiptNumber" : "FT2312738X4Z",
      "amount" : 3596800.0,
      "paymentChanel" : "MOBILE",
      "companyName" : "Lesouk Trading and International shipment Co.,Ltd",
      "printBill" : {
        "header" : {
          "billNo" : "FT2312738X4Z",
          "number" : "9376",
          "invoices" : "TAX23127H5NF3602",
          "borderName" : "  ສົກປີ: 2023",
          "typeInvoice" : "IM",
          "soi" : "230507000010",
          "issueDate" : "07/05/2023",
          "companyName" : "Lesouk Trading and International shipment Co.,Ltd"
        },
        "detail" : [ {
          "title" : "ພາສີ ຂາເຂົ້າ",
          "amount" : "2,134,000"
        }, {
          "title" : "ຄ່າອາກອນມູນຄ່າເພີ່ມ",
          "amount" : "1,232,800"
        }, {
          "title" : "ຄ່າທໍານຽມ LNSW",
          "amount" : "128,400"
        }, {
          "title" : "ຄ່າບໍລິການດຳເນີນໃບແຈ້ງພາສີ",
          "amount" : "100,000"
        }, {
          "title" : "ຄ່າບໍລິການຂໍ້ມູນສະຖິຕິ",
          "amount" : "1,600"
        } ],
        "footer" : {
          "totalAmount" : "3,596,800",
          "nameAmount" : "ສາມລ້ານຫ້າແສນເກົ້າໝື່ນຫົກພັນແປດຮ້ອຍກີບ",
          "paymentDate" : "07/05/2023 09:31:12",
          "qrCode" : "TAX23127H5NF3602"
        }
      }
    }, {
      "paymentDate" : "07/05/2023 16:22:03",
      "typeInvoice" : "IM",
      "invoiceNumber" : "9386",
      "instance" : "3078065",
      "receiptNumber" : "FT231277ZBVM",
      "amount" : 1.66501E7,
      "paymentChanel" : "MOBILE",
      "companyName" : "999 Laos - China Trading Sole Co.,LTD",
      "printBill" : {
        "header" : {
          "billNo" : "FT231277ZBVM",
          "number" : "9386",
          "invoices" : "TAX23127HKJY4356",
          "borderName" : "  ສົກປີ: 2023",
          "typeInvoice" : "IM",
          "soi" : "230507000404",
          "issueDate" : "07/05/2023",
          "companyName" : "999 Laos - China Trading Sole Co.,LTD"
        },
        "detail" : [ {
          "title" : "ພາສີ ຂາເຂົ້າ",
          "amount" : "7,969,400"
        }, {
          "title" : "ອາກອນຊົມໃຊ້",
          "amount" : "222,200"
        }, {
          "title" : "ຄ່າອາກອນມູນຄ່າເພີ່ມ",
          "amount" : "7,848,700"
        }, {
          "title" : "ຄ່າບໍລິການ scanner",
          "amount" : "350,000"
        }, {
          "title" : "ຄ່າທໍານຽມ LNSW",
          "amount" : "128,400"
        }, {
          "title" : "ຄ່າບໍລິການດຳເນີນໃບແຈ້ງພາສີ",
          "amount" : "100,000"
        }, {
          "title" : "ຄ່າບໍລິການຂໍ້ມູນສະຖິຕິ",
          "amount" : "31,400"
        } ],
        "footer" : {
          "totalAmount" : "16,650,100",
          "nameAmount" : "ສິບຫົກລ້ານຫົກແສນຫ້າໝື່ນໜຶ່ງຮ້ອຍກີບ",
          "paymentDate" : "07/05/2023 16:22:03",
          "qrCode" : "TAX23127HKJY4356"
        }
      }
    }, {
      "paymentDate" : "07/05/2023 15:38:32",
      "typeInvoice" : "IM",
      "invoiceNumber" : "18908",
      "instance" : "3078450",
      "receiptNumber" : "FT23127XN319",
      "amount" : 1.58391E7,
      "paymentChanel" : "MOBILE",
      "companyName" : "ບໍລິສັດ ດາວອີນ ການຄ້າຂາອອກ-ຂາເຂົ້າ ຈຳກັດຜູ້ດຽວ",
      "printBill" : {
        "header" : {
          "billNo" : "FT23127XN319",
          "number" : "18908",
          "invoices" : "TAX23127IORX2506",
          "borderName" : "  ສົກປີ: 2023",
          "typeInvoice" : "IM",
          "soi" : "230507000451",
          "issueDate" : "07/05/2023",
          "companyName" : "ບໍລິສັດ ດາວອີນ ການຄ້າຂາອອກ-ຂາເຂົ້າ ຈຳກັດຜູ້ດຽວ"
        },
        "detail" : [ {
          "title" : "ອາກອນຊົມໃຊ້",
          "amount" : "3,613,300"
        }, {
          "title" : "ຄ່າອາກອນມູນຄ່າເພີ່ມ",
          "amount" : "11,967,200"
        }, {
          "title" : "ຄ່າທໍານຽມ LNSW",
          "amount" : "128,400"
        }, {
          "title" : "ຄ່າບໍລິການດຳເນີນໃບແຈ້ງພາສີ",
          "amount" : "100,000"
        }, {
          "title" : "ຄ່າບໍລິການຂໍ້ມູນສະຖິຕິ",
          "amount" : "30,200"
        } ],
        "footer" : {
          "totalAmount" : "15,839,100",
          "nameAmount" : "ສິບຫ້າລ້ານແປດແສນສາມໝື່ນເກົ້າພັນໜຶ່ງຮ້ອຍກີບ",
          "paymentDate" : "07/05/2023 15:38:32",
          "qrCode" : "TAX23127IORX2506"
        }
      }
    }, {
      "paymentDate" : "07/05/2023 16:22:42",
      "typeInvoice" : "IM",
      "invoiceNumber" : "9440",
      "instance" : "3078377",
      "receiptNumber" : "FT23127XJDD9",
      "amount" : 1.63001E7,
      "paymentChanel" : "MOBILE",
      "companyName" : "999 Laos - China Trading Sole Co.,LTD",
      "printBill" : {
        "header" : {
          "billNo" : "FT23127XJDD9",
          "number" : "9440",
          "invoices" : "TAX23127IRWY5634",
          "borderName" : "  ສົກປີ: 2023",
          "typeInvoice" : "IM",
          "soi" : "230507000316",
          "issueDate" : "07/05/2023",
          "companyName" : "999 Laos - China Trading Sole Co.,LTD"
        },
        "detail" : [ {
          "title" : "ພາສີ ຂາເຂົ້າ",
          "amount" : "7,969,400"
        }, {
          "title" : "ອາກອນຊົມໃຊ້",
          "amount" : "222,200"
        }, {
          "title" : "ຄ່າອາກອນມູນຄ່າເພີ່ມ",
          "amount" : "7,848,700"
        }, {
          "title" : "ຄ່າທໍານຽມ LNSW",
          "amount" : "128,400"
        }, {
          "title" : "ຄ່າບໍລິການດຳເນີນໃບແຈ້ງພາສີ",
          "amount" : "100,000"
        }, {
          "title" : "ຄ່າບໍລິການຂໍ້ມູນສະຖິຕິ",
          "amount" : "31,400"
        } ],
        "footer" : {
          "totalAmount" : "16,300,100",
          "nameAmount" : "ສິບຫົກລ້ານສາມແສນໜຶ່ງຮ້ອຍກີບ",
          "paymentDate" : "07/05/2023 16:22:42",
          "qrCode" : "TAX23127IRWY5634"
        }
      }
    }, {
      "paymentDate" : "07/05/2023 10:22:22",
      "typeInvoice" : "IM",
      "invoiceNumber" : "18812",
      "instance" : "3077732",
      "receiptNumber" : "FT23127TCLPW",
      "amount" : 1.97495E7,
      "paymentChanel" : "MOBILE",
      "companyName" : "999 Laos - China Trading Sole Co.,LTD",
      "printBill" : {
        "header" : {
          "billNo" : "FT23127TCLPW",
          "number" : "18812",
          "invoices" : "TAX23127KAYP4905",
          "borderName" : "  ສົກປີ: 2023",
          "typeInvoice" : "IM",
          "soi" : "230506000563",
          "issueDate" : "06/05/2023",
          "companyName" : "999 Laos - China Trading Sole Co.,LTD"
        },
        "detail" : [ {
          "title" : "ຄ່າອາກອນມູນຄ່າເພີ່ມ",
          "amount" : "19,481,100"
        }, {
          "title" : "ຄ່າທໍານຽມ LNSW",
          "amount" : "128,400"
        }, {
          "title" : "ຄ່າບໍລິການດຳເນີນໃບແຈ້ງພາສີ",
          "amount" : "100,000"
        }, {
          "title" : "ຄ່າບໍລິການຂໍ້ມູນສະຖິຕິ",
          "amount" : "40,000"
        } ],
        "footer" : {
          "totalAmount" : "19,749,500",
          "nameAmount" : "ສິບເກົ້າລ້ານເຈັດແສນສີໝື່ນເກົ້າພັນຫ້າຮ້ອຍກີບ",
          "paymentDate" : "07/05/2023 10:22:22",
          "qrCode" : "TAX23127KAYP4905"
        }
      }
    }, {
      "paymentDate" : "07/05/2023 16:01:12",
      "typeInvoice" : "IM",
      "invoiceNumber" : "18856",
      "instance" : "3077962",
      "receiptNumber" : "FT231271HKNY",
      "amount" : 2.53415E7,
      "paymentChanel" : "MOBILE",
      "companyName" : "999 Laos - China Trading Sole Co.,LTD",
      "printBill" : {
        "header" : {
          "billNo" : "FT231271HKNY",
          "number" : "18856",
          "invoices" : "TAX23127KO0D9313",
          "borderName" : "  ສົກປີ: 2023",
          "typeInvoice" : "IM",
          "soi" : "230507000465",
          "issueDate" : "07/05/2023",
          "companyName" : "999 Laos - China Trading Sole Co.,LTD"
        },
        "detail" : [ {
          "title" : "ພາສີ ຂາເຂົ້າ",
          "amount" : "13,116,000"
        }, {
          "title" : "ອາກອນຊົມໃຊ້",
          "amount" : "1,146,300"
        }, {
          "title" : "ຄ່າອາກອນມູນຄ່າເພີ່ມ",
          "amount" : "10,827,600"
        }, {
          "title" : "ຄ່າທໍານຽມ LNSW",
          "amount" : "128,400"
        }, {
          "title" : "ຄ່າບໍລິການດຳເນີນໃບແຈ້ງພາສີ",
          "amount" : "100,000"
        }, {
          "title" : "ຄ່າບໍລິການຂໍ້ມູນສະຖິຕິ",
          "amount" : "23,200"
        } ],
        "footer" : {
          "totalAmount" : "25,341,500",
          "nameAmount" : "ຊາວຫ້າລ້ານສາມແສນສີໝື່ນໜຶ່ງພັນຫ້າຮ້ອຍກີບ",
          "paymentDate" : "07/05/2023 16:01:12",
          "qrCode" : "TAX23127KO0D9313"
        }
      }
    }, {
      "paymentDate" : "07/05/2023 09:31:52",
      "typeInvoice" : "IM",
      "invoiceNumber" : "9377",
      "instance" : "3077864",
      "receiptNumber" : "FT2312741RY8",
      "amount" : 1791700.0,
      "paymentChanel" : "MOBILE",
      "companyName" : "Lesouk Trading and International shipment Co.,Ltd",
      "printBill" : {
        "header" : {
          "billNo" : "FT2312741RY8",
          "number" : "9377",
          "invoices" : "TAX23127KVRN1152",
          "borderName" : "  ສົກປີ: 2023",
          "typeInvoice" : "IM",
          "soi" : "230507000011",
          "issueDate" : "07/05/2023",
          "companyName" : "Lesouk Trading and International shipment Co.,Ltd"
        },
        "detail" : [ {
          "title" : "ພາສີ ຂາເຂົ້າ",
          "amount" : "947,800"
        }, {
          "title" : "ອາກອນຊົມໃຊ້",
          "amount" : "248,200"
        }, {
          "title" : "ຄ່າອາກອນມູນຄ່າເພີ່ມ",
          "amount" : "366,900"
        }, {
          "title" : "ຄ່າທໍານຽມ LNSW",
          "amount" : "128,400"
        }, {
          "title" : "ຄ່າບໍລິການດຳເນີນໃບແຈ້ງພາສີ",
          "amount" : "100,000"
        }, {
          "title" : "ຄ່າບໍລິການຂໍ້ມູນສະຖິຕິ",
          "amount" : "400"
        } ],
        "footer" : {
          "totalAmount" : "1,791,700",
          "nameAmount" : "ໜຶ່ງລ້ານເຈັດແສນເກົ້າໝື່ນໜຶ່ງພັນເຈັດຮ້ອຍກີບ",
          "paymentDate" : "07/05/2023 09:31:52",
          "qrCode" : "TAX23127KVRN1152"
        }
      }
    }, {
      "paymentDate" : "07/05/2023 10:32:52",
      "typeInvoice" : "IM",
      "invoiceNumber" : "18844",
      "instance" : "3077903",
      "receiptNumber" : "FT231272VV0C",
      "amount" : 3103400.0,
      "paymentChanel" : "INTERNET",
      "companyName" : "ພິນຍາມາດຂົ່ນສົ່ງສີນຄ້າພາຍໃນແລະຕ່າງປະເທດຈຳກັດຜູ້ດຽວ",
      "printBill" : {
        "header" : {
          "billNo" : "FT231272VV0C",
          "number" : "18844",
          "invoices" : "TAX23127MNIA6524",
          "borderName" : "  ສົກປີ: 2023",
          "typeInvoice" : "IM",
          "soi" : "230507000066",
          "issueDate" : "07/05/2023",
          "companyName" : "ພິນຍາມາດຂົ່ນສົ່ງສີນຄ້າພາຍໃນແລະຕ່າງປະເທດຈຳກັດຜູ້ດຽວ"
        },
        "detail" : [ {
          "title" : "ພາສີ ຂາເຂົ້າ",
          "amount" : "1,750,000"
        }, {
          "title" : "ສິນຄ້າຜ່ານແດນສາກົນ",
          "amount" : "1,125,000"
        }, {
          "title" : "ຄ່າທໍານຽມ LNSW",
          "amount" : "128,400"
        }, {
          "title" : "ຄ່າບໍລິການດຳເນີນໃບແຈ້ງພາສີ",
          "amount" : "100,000"
        } ],
        "footer" : {
          "totalAmount" : "3,103,400",
          "nameAmount" : "ສາມລ້ານໜຶ່ງແສນສາມພັນສີຮ້ອຍກີບ",
          "paymentDate" : "07/05/2023 10:32:52",
          "qrCode" : "TAX23127MNIA6524"
        }
      }
    }, {
      "paymentDate" : "07/05/2023 15:32:52",
      "typeInvoice" : "IM",
      "invoiceNumber" : "18901",
      "instance" : "3078392",
      "receiptNumber" : "FT23127QNN6R",
      "amount" : 1.03109E7,
      "paymentChanel" : "MOBILE",
      "companyName" : "ບໍລິສັດ ດາວອີນ ການຄ້າຂາອອກ-ຂາເຂົ້າ ຈຳກັດຜູ້ດຽວ",
      "printBill" : {
        "header" : {
          "billNo" : "FT23127QNN6R",
          "number" : "18901",
          "invoices" : "TAX23127MPD97044",
          "borderName" : "  ສົກປີ: 2023",
          "typeInvoice" : "IM",
          "soi" : "230507000442",
          "issueDate" : "07/05/2023",
          "companyName" : "ບໍລິສັດ ດາວອີນ ການຄ້າຂາອອກ-ຂາເຂົ້າ ຈຳກັດຜູ້ດຽວ"
        },
        "detail" : [ {
          "title" : "ພາສີ ຂາເຂົ້າ",
          "amount" : "5,957,400"
        }, {
          "title" : "ຄ່າອາກອນມູນຄ່າເພີ່ມ",
          "amount" : "4,114,300"
        }, {
          "title" : "ຄ່າທໍານຽມ LNSW",
          "amount" : "128,400"
        }, {
          "title" : "ຄ່າບໍລິການດຳເນີນໃບແຈ້ງພາສີ",
          "amount" : "100,000"
        }, {
          "title" : "ຄ່າບໍລິການຂໍ້ມູນສະຖິຕິ",
          "amount" : "10,800"
        } ],
        "footer" : {
          "totalAmount" : "10,310,900",
          "nameAmount" : "ສິບລ້ານສາມແສນໜຶ່ງໝື່ນເກົ້າຮ້ອຍກີບ",
          "paymentDate" : "07/05/2023 15:32:52",
          "qrCode" : "TAX23127MPD97044"
        }
      }
    }, {
      "paymentDate" : "07/05/2023 15:32:12",
      "typeInvoice" : "IM",
      "invoiceNumber" : "18896",
      "instance" : "3078240",
      "receiptNumber" : "FT2312750QXK",
      "amount" : 4599000.0,
      "paymentChanel" : "MOBILE",
      "companyName" : "ບໍລິສັດ ດາວອີນ ການຄ້າຂາອອກ-ຂາເຂົ້າ ຈຳກັດຜູ້ດຽວ",
      "printBill" : {
        "header" : {
          "billNo" : "FT2312750QXK",
          "number" : "18896",
          "invoices" : "TAX23127MWIN4002",
          "borderName" : "  ສົກປີ: 2023",
          "typeInvoice" : "IM",
          "soi" : "230507000441",
          "issueDate" : "07/05/2023",
          "companyName" : "ບໍລິສັດ ດາວອີນ ການຄ້າຂາອອກ-ຂາເຂົ້າ ຈຳກັດຜູ້ດຽວ"
        },
        "detail" : [ {
          "title" : "ພາສີ ຂາເຂົ້າ",
          "amount" : "182,200"
        }, {
          "title" : "ຄ່າອາກອນມູນຄ່າເພີ່ມ",
          "amount" : "4,178,800"
        }, {
          "title" : "ຄ່າທໍານຽມ LNSW",
          "amount" : "128,400"
        }, {
          "title" : "ຄ່າບໍລິການດຳເນີນໃບແຈ້ງພາສີ",
          "amount" : "100,000"
        }, {
          "title" : "ຄ່າບໍລິການຂໍ້ມູນສະຖິຕິ",
          "amount" : "9,600"
        } ],
        "footer" : {
          "totalAmount" : "4,599,000",
          "nameAmount" : "ສີລ້ານຫ້າແສນເກົ້າໝື່ນເກົ້າພັນກີບ",
          "paymentDate" : "07/05/2023 15:32:12",
          "qrCode" : "TAX23127MWIN4002"
        }
      }
    }, {
      "paymentDate" : "07/05/2023 10:21:32",
      "typeInvoice" : "IM",
      "invoiceNumber" : "9256",
      "instance" : "3077027",
      "receiptNumber" : "FT23127PB82Q",
      "amount" : 7432900.0,
      "paymentChanel" : "MOBILE",
      "companyName" : "BS TRADING EXPORT - IMPORT SOLE CO.,LTD",
      "printBill" : {
        "header" : {
          "billNo" : "FT23127PB82Q",
          "number" : "9256",
          "invoices" : "TAX23127N86N3199",
          "borderName" : "  ສົກປີ: 2023",
          "typeInvoice" : "IM",
          "soi" : "230507000055",
          "issueDate" : "07/05/2023",
          "companyName" : "BS TRADING EXPORT - IMPORT SOLE CO.,LTD"
        },
        "detail" : [ {
          "title" : "ຄ່າອາກອນມູນຄ່າເພີ່ມ",
          "amount" : "7,170,500"
        }, {
          "title" : "ຄ່າທໍານຽມ LNSW",
          "amount" : "128,400"
        }, {
          "title" : "ຄ່າບໍລິການດຳເນີນໃບແຈ້ງພາສີ",
          "amount" : "100,000"
        }, {
          "title" : "ຄ່າບໍລິການຂໍ້ມູນສະຖິຕິ",
          "amount" : "34,000"
        } ],
        "footer" : {
          "totalAmount" : "7,432,900",
          "nameAmount" : "ເຈັດລ້ານສີແສນສາມໝື່ນສອງພັນເກົ້າຮ້ອຍກີບ",
          "paymentDate" : "07/05/2023 10:21:32",
          "qrCode" : "TAX23127N86N3199"
        }
      }
    }, {
      "paymentDate" : "07/05/2023 16:17:32",
      "typeInvoice" : "IM",
      "invoiceNumber" : "18912",
      "instance" : "3078473",
      "receiptNumber" : "FT23127RS8CF",
      "amount" : 9500600.0,
      "paymentChanel" : "MOBILE",
      "companyName" : "999 Laos - China Trading Sole Co.,LTD",
      "printBill" : {
        "header" : {
          "billNo" : "FT23127RS8CF",
          "number" : "18912",
          "invoices" : "TAX23127NK4B5125",
          "borderName" : "  ສົກປີ: 2023",
          "typeInvoice" : "IM",
          "soi" : "230507000533",
          "issueDate" : "07/05/2023",
          "companyName" : "999 Laos - China Trading Sole Co.,LTD"
        },
        "detail" : [ {
          "title" : "ຄ່າອາກອນມູນຄ່າເພີ່ມ",
          "amount" : "9,232,200"
        }, {
          "title" : "ຄ່າທໍານຽມ LNSW",
          "amount" : "128,400"
        }, {
          "title" : "ຄ່າບໍລິການດຳເນີນໃບແຈ້ງພາສີ",
          "amount" : "100,000"
        }, {
          "title" : "ຄ່າບໍລິການຂໍ້ມູນສະຖິຕິ",
          "amount" : "40,000"
        } ],
        "footer" : {
          "totalAmount" : "9,500,600",
          "nameAmount" : "ເກົ້າລ້ານຫ້າແສນຫົກຮ້ອຍກີບ",
          "paymentDate" : "07/05/2023 16:17:32",
          "qrCode" : "TAX23127NK4B5125"
        }
      }
    }, {
      "paymentDate" : "07/05/2023 15:37:32",
      "typeInvoice" : "IM",
      "invoiceNumber" : "18897",
      "instance" : "3078288",
      "receiptNumber" : "FT2312759RKP",
      "amount" : 4599000.0,
      "paymentChanel" : "MOBILE",
      "companyName" : "ບໍລິສັດ ດາວອີນ ການຄ້າຂາອອກ-ຂາເຂົ້າ ຈຳກັດຜູ້ດຽວ",
      "printBill" : {
        "header" : {
          "billNo" : "FT2312759RKP",
          "number" : "18897",
          "invoices" : "TAX23127NOIK4733",
          "borderName" : "  ສົກປີ: 2023",
          "typeInvoice" : "IM",
          "soi" : "230507000454",
          "issueDate" : "07/05/2023",
          "companyName" : "ບໍລິສັດ ດາວອີນ ການຄ້າຂາອອກ-ຂາເຂົ້າ ຈຳກັດຜູ້ດຽວ"
        },
        "detail" : [ {
          "title" : "ພາສີ ຂາເຂົ້າ",
          "amount" : "182,200"
        }, {
          "title" : "ຄ່າອາກອນມູນຄ່າເພີ່ມ",
          "amount" : "4,178,800"
        }, {
          "title" : "ຄ່າທໍານຽມ LNSW",
          "amount" : "128,400"
        }, {
          "title" : "ຄ່າບໍລິການດຳເນີນໃບແຈ້ງພາສີ",
          "amount" : "100,000"
        }, {
          "title" : "ຄ່າບໍລິການຂໍ້ມູນສະຖິຕິ",
          "amount" : "9,600"
        } ],
        "footer" : {
          "totalAmount" : "4,599,000",
          "nameAmount" : "ສີລ້ານຫ້າແສນເກົ້າໝື່ນເກົ້າພັນກີບ",
          "paymentDate" : "07/05/2023 15:37:32",
          "qrCode" : "TAX23127NOIK4733"
        }
      }
    }, {
      "paymentDate" : "07/05/2023 16:05:22",
      "typeInvoice" : "IM",
      "invoiceNumber" : "18931",
      "instance" : "3078629",
      "receiptNumber" : "FT23127FBMS4",
      "amount" : 1.72562E7,
      "paymentChanel" : "MOBILE",
      "companyName" : "ບໍລິສັດ ດາວອີນ ການຄ້າຂາອອກ-ຂາເຂົ້າ ຈຳກັດຜູ້ດຽວ",
      "printBill" : {
        "header" : {
          "billNo" : "FT23127FBMS4",
          "number" : "18931",
          "invoices" : "TAX23127OHKV9771",
          "borderName" : "  ສົກປີ: 2023",
          "typeInvoice" : "IM",
          "soi" : "230507000467",
          "issueDate" : "07/05/2023",
          "companyName" : "ບໍລິສັດ ດາວອີນ ການຄ້າຂາອອກ-ຂາເຂົ້າ ຈຳກັດຜູ້ດຽວ"
        },
        "detail" : [ {
          "title" : "ຄ່າອາກອນມູນຄ່າເພີ່ມ",
          "amount" : "17,003,000"
        }, {
          "title" : "ຄ່າທໍານຽມ LNSW",
          "amount" : "128,400"
        }, {
          "title" : "ຄ່າບໍລິການດຳເນີນໃບແຈ້ງພາສີ",
          "amount" : "100,000"
        }, {
          "title" : "ຄ່າບໍລິການຂໍ້ມູນສະຖິຕິ",
          "amount" : "24,800"
        } ],
        "footer" : {
          "totalAmount" : "17,256,200",
          "nameAmount" : "ສິບເຈັດລ້ານສອງແສນຫ້າໝື່ນຫົກພັນສອງຮ້ອຍກີບ",
          "paymentDate" : "07/05/2023 16:05:22",
          "qrCode" : "TAX23127OHKV9771"
        }
      }
    }, {
      "paymentDate" : "07/05/2023 15:34:02",
      "typeInvoice" : "IM",
      "invoiceNumber" : "18899",
      "instance" : "3078320",
      "receiptNumber" : "FT23127TT1DH",
      "amount" : 2.55231E7,
      "paymentChanel" : "MOBILE",
      "companyName" : "ບໍລິສັດ ດາວອີນ ການຄ້າຂາອອກ-ຂາເຂົ້າ ຈຳກັດຜູ້ດຽວ",
      "printBill" : {
        "header" : {
          "billNo" : "FT23127TT1DH",
          "number" : "18899",
          "invoices" : "TAX23127POMY0088",
          "borderName" : "  ສົກປີ: 2023",
          "typeInvoice" : "IM",
          "soi" : "230507000453",
          "issueDate" : "07/05/2023",
          "companyName" : "ບໍລິສັດ ດາວອີນ ການຄ້າຂາອອກ-ຂາເຂົ້າ ຈຳກັດຜູ້ດຽວ"
        },
        "detail" : [ {
          "title" : "ພາສີ ຂາເຂົ້າ",
          "amount" : "13,418,700"
        }, {
          "title" : "ຄ່າອາກອນມູນຄ່າເພີ່ມ",
          "amount" : "11,843,800"
        }, {
          "title" : "ຄ່າທໍານຽມ LNSW",
          "amount" : "128,400"
        }, {
          "title" : "ຄ່າບໍລິການດຳເນີນໃບແຈ້ງພາສີ",
          "amount" : "100,000"
        }, {
          "title" : "ຄ່າບໍລິການຂໍ້ມູນສະຖິຕິ",
          "amount" : "32,200"
        } ],
        "footer" : {
          "totalAmount" : "25,523,100",
          "nameAmount" : "ຊາວຫ້າລ້ານຫ້າແສນສອງໝື່ນສາມພັນໜຶ່ງຮ້ອຍກີບ",
          "paymentDate" : "07/05/2023 15:34:02",
          "qrCode" : "TAX23127POMY0088"
        }
      }
    }, {
      "paymentDate" : "07/05/2023 12:07:22",
      "typeInvoice" : "IM",
      "invoiceNumber" : "6697",
      "instance" : "3078239",
      "receiptNumber" : "FT23127JG8VZ",
      "amount" : 284400.0,
      "paymentChanel" : "MOBILE",
      "companyName" : "ROAD N:8 CONSTRUCTION ENTERPRISE STATE COMPANY",
      "printBill" : {
        "header" : {
          "billNo" : "FT23127JG8VZ",
          "number" : "6697",
          "invoices" : "TAX23127QKTB6246",
          "borderName" : "  ສົກປີ: 2023",
          "typeInvoice" : "IM",
          "soi" : "230507000148",
          "issueDate" : "07/05/2023",
          "companyName" : "ROAD N:8 CONSTRUCTION ENTERPRISE STATE COMPANY"
        },
        "detail" : [ {
          "title" : "ຄ່າທໍານຽມ LNSW",
          "amount" : "128,400"
        }, {
          "title" : "ຄ່າບໍລິການດຳເນີນໃບແຈ້ງພາສີ",
          "amount" : "100,000"
        }, {
          "title" : "ຄ່າບໍລິການຂໍ້ມູນສະຖິຕິ",
          "amount" : "56,000"
        } ],
        "footer" : {
          "totalAmount" : "284,400",
          "nameAmount" : "ສອງແສນແປດໝື່ນສີພັນສີຮ້ອຍກີບ",
          "paymentDate" : "07/05/2023 12:07:22",
          "qrCode" : "TAX23127QKTB6246"
        }
      }
    }, {
      "paymentDate" : "07/05/2023 15:41:22",
      "typeInvoice" : "IM",
      "invoiceNumber" : "18894",
      "instance" : "3078219",
      "receiptNumber" : "FT231272GFST",
      "amount" : 8635900.0,
      "paymentChanel" : "MOBILE",
      "companyName" : "ບໍລິສັດ ດາວອີນ ການຄ້າຂາອອກ-ຂາເຂົ້າ ຈຳກັດຜູ້ດຽວ",
      "printBill" : {
        "header" : {
          "billNo" : "FT231272GFST",
          "number" : "18894",
          "invoices" : "TAX23127RII24354",
          "borderName" : "  ສົກປີ: 2023",
          "typeInvoice" : "IM",
          "soi" : "230507000462",
          "issueDate" : "07/05/2023",
          "companyName" : "ບໍລິສັດ ດາວອີນ ການຄ້າຂາອອກ-ຂາເຂົ້າ ຈຳກັດຜູ້ດຽວ"
        },
        "detail" : [ {
          "title" : "ຄ່າອາກອນມູນຄ່າເພີ່ມ",
          "amount" : "8,343,700"
        }, {
          "title" : "ຄ່າທໍານຽມ LNSW",
          "amount" : "128,400"
        }, {
          "title" : "ຄ່າບໍລິການດຳເນີນໃບແຈ້ງພາສີ",
          "amount" : "100,000"
        }, {
          "title" : "ຄ່າບໍລິການຂໍ້ມູນສະຖິຕິ",
          "amount" : "63,800"
        } ],
        "footer" : {
          "totalAmount" : "8,635,900",
          "nameAmount" : "ແປດລ້ານຫົກແສນສາມໝື່ນຫ້າພັນເກົ້າຮ້ອຍກີບ",
          "paymentDate" : "07/05/2023 15:41:22",
          "qrCode" : "TAX23127RII24354"
        }
      }
    }, {
      "paymentDate" : "07/05/2023 16:56:02",
      "typeInvoice" : "IM",
      "invoiceNumber" : "18881",
      "instance" : "3078080",
      "receiptNumber" : "FT23127PWGVD",
      "amount" : 2.80448E7,
      "paymentChanel" : "MOBILE",
      "companyName" : "999 Laos - China Trading Sole Co.,LTD",
      "printBill" : {
        "header" : {
          "billNo" : "FT23127PWGVD",
          "number" : "18881",
          "invoices" : "TAX23127TBT49907",
          "borderName" : "  ສົກປີ: 2023",
          "typeInvoice" : "IM",
          "soi" : "230507000443",
          "issueDate" : "07/05/2023",
          "companyName" : "999 Laos - China Trading Sole Co.,LTD"
        },
        "detail" : [ {
          "title" : "ຄ່າອາກອນມູນຄ່າເພີ່ມ",
          "amount" : "27,696,400"
        }, {
          "title" : "ຄ່າທໍານຽມ LNSW",
          "amount" : "128,400"
        }, {
          "title" : "ຄ່າບໍລິການຂໍ້ມູນສະຖິຕິ",
          "amount" : "120,000"
        }, {
          "title" : "ຄ່າບໍລິການດຳເນີນໃບແຈ້ງພາສີ",
          "amount" : "100,000"
        } ],
        "footer" : {
          "totalAmount" : "28,044,800",
          "nameAmount" : "ຊາວແປດລ້ານສີໝື່ນສີພັນແປດຮ້ອຍກີບ",
          "paymentDate" : "07/05/2023 16:56:02",
          "qrCode" : "TAX23127TBT49907"
        }
      }
    }, {
      "paymentDate" : "07/05/2023 15:52:12",
      "typeInvoice" : "IM",
      "invoiceNumber" : "18823",
      "instance" : "3077794",
      "receiptNumber" : "FT231278D7C7",
      "amount" : 2.52637E7,
      "paymentChanel" : "MOBILE",
      "companyName" : "999 Laos - China Trading Sole Co.,LTD",
      "printBill" : {
        "header" : {
          "billNo" : "FT231278D7C7",
          "number" : "18823",
          "invoices" : "TAX23127V7ME7408",
          "borderName" : "  ສົກປີ: 2023",
          "typeInvoice" : "IM",
          "soi" : "230507000134",
          "issueDate" : "07/05/2023",
          "companyName" : "999 Laos - China Trading Sole Co.,LTD"
        },
        "detail" : [ {
          "title" : "ພາສີ ຂາເຂົ້າ",
          "amount" : "13,655,600"
        }, {
          "title" : "ຄ່າອາກອນມູນຄ່າເພີ່ມ",
          "amount" : "11,346,700"
        }, {
          "title" : "ຄ່າທໍານຽມ LNSW",
          "amount" : "128,400"
        }, {
          "title" : "ຄ່າບໍລິການດຳເນີນໃບແຈ້ງພາສີ",
          "amount" : "100,000"
        }, {
          "title" : "ຄ່າບໍລິການຂໍ້ມູນສະຖິຕິ",
          "amount" : "33,000"
        } ],
        "footer" : {
          "totalAmount" : "25,263,700",
          "nameAmount" : "ຊາວຫ້າລ້ານສອງແສນຫົກໝື່ນສາມພັນເຈັດຮ້ອຍກີບ",
          "paymentDate" : "07/05/2023 15:52:12",
          "qrCode" : "TAX23127V7ME7408"
        }
      }
    }, {
      "paymentDate" : "07/05/2023 15:36:52",
      "typeInvoice" : "IM",
      "invoiceNumber" : "18900",
      "instance" : "3078356",
      "receiptNumber" : "FT23127HYHF8",
      "amount" : 2.55399E7,
      "paymentChanel" : "MOBILE",
      "companyName" : "ບໍລິສັດ ດາວອີນ ການຄ້າຂາອອກ-ຂາເຂົ້າ ຈຳກັດຜູ້ດຽວ",
      "printBill" : {
        "header" : {
          "billNo" : "FT23127HYHF8",
          "number" : "18900",
          "invoices" : "TAX23127WC7L6731",
          "borderName" : "  ສົກປີ: 2023",
          "typeInvoice" : "IM",
          "soi" : "230507000452",
          "issueDate" : "07/05/2023",
          "companyName" : "ບໍລິສັດ ດາວອີນ ການຄ້າຂາອອກ-ຂາເຂົ້າ ຈຳກັດຜູ້ດຽວ"
        },
        "detail" : [ {
          "title" : "ພາສີ ຂາເຂົ້າ",
          "amount" : "13,168,700"
        }, {
          "title" : "ອາກອນຊົມໃຊ້",
          "amount" : "1,574,600"
        }, {
          "title" : "ຄ່າອາກອນມູນຄ່າເພີ່ມ",
          "amount" : "10,542,000"
        }, {
          "title" : "ຄ່າທໍານຽມ LNSW",
          "amount" : "128,400"
        }, {
          "title" : "ຄ່າບໍລິການດຳເນີນໃບແຈ້ງພາສີ",
          "amount" : "100,000"
        }, {
          "title" : "ຄ່າບໍລິການຂໍ້ມູນສະຖິຕິ",
          "amount" : "26,200"
        } ],
        "footer" : {
          "totalAmount" : "25,539,900",
          "nameAmount" : "ຊາວຫ້າລ້ານຫ້າແສນສາມໝື່ນເກົ້າພັນເກົ້າຮ້ອຍກີບ",
          "paymentDate" : "07/05/2023 15:36:52",
          "qrCode" : "TAX23127WC7L6731"
        }
      }
    }, {
      "paymentDate" : "07/05/2023 17:20:02",
      "typeInvoice" : "IM",
      "invoiceNumber" : "18925",
      "instance" : "3078578",
      "receiptNumber" : "FT23127M2SDB",
      "amount" : 2.52859E7,
      "paymentChanel" : "MOBILE",
      "companyName" : "999 Laos - China Trading Sole Co.,LTD",
      "printBill" : {
        "header" : {
          "billNo" : "FT23127M2SDB",
          "number" : "18925",
          "invoices" : "TAX23127WL9C9155",
          "borderName" : "  ສົກປີ: 2023",
          "typeInvoice" : "IM",
          "soi" : "230507000609",
          "issueDate" : "07/05/2023",
          "companyName" : "999 Laos - China Trading Sole Co.,LTD"
        },
        "detail" : [ {
          "title" : "ພາສີ ຂາເຂົ້າ",
          "amount" : "13,882,200"
        }, {
          "title" : "ອາກອນຊົມໃຊ້",
          "amount" : "394,000"
        }, {
          "title" : "ຄ່າອາກອນມູນຄ່າເພີ່ມ",
          "amount" : "10,747,100"
        }, {
          "title" : "ຄ່າທໍານຽມ LNSW",
          "amount" : "128,400"
        }, {
          "title" : "ຄ່າບໍລິການດຳເນີນໃບແຈ້ງພາສີ",
          "amount" : "100,000"
        }, {
          "title" : "ຄ່າບໍລິການຂໍ້ມູນສະຖິຕິ",
          "amount" : "34,200"
        } ],
        "footer" : {
          "totalAmount" : "25,285,900",
          "nameAmount" : "ຊາວຫ້າລ້ານສອງແສນແປດໝື່ນຫ້າພັນເກົ້າຮ້ອຍກີບ",
          "paymentDate" : "07/05/2023 17:20:02",
          "qrCode" : "TAX23127WL9C9155"
        }
      }
    }, {
      "paymentDate" : "07/05/2023 15:35:22",
      "typeInvoice" : "IM",
      "invoiceNumber" : "18904",
      "instance" : "3078426",
      "receiptNumber" : "FT231270BV6V",
      "amount" : 1.58391E7,
      "paymentChanel" : "MOBILE",
      "companyName" : "ບໍລິສັດ ດາວອີນ ການຄ້າຂາອອກ-ຂາເຂົ້າ ຈຳກັດຜູ້ດຽວ",
      "printBill" : {
        "header" : {
          "billNo" : "FT231270BV6V",
          "number" : "18904",
          "invoices" : "TAX23127XEGJ8134",
          "borderName" : "  ສົກປີ: 2023",
          "typeInvoice" : "IM",
          "soi" : "230507000450",
          "issueDate" : "07/05/2023",
          "companyName" : "ບໍລິສັດ ດາວອີນ ການຄ້າຂາອອກ-ຂາເຂົ້າ ຈຳກັດຜູ້ດຽວ"
        },
        "detail" : [ {
          "title" : "ອາກອນຊົມໃຊ້",
          "amount" : "3,613,300"
        }, {
          "title" : "ຄ່າອາກອນມູນຄ່າເພີ່ມ",
          "amount" : "11,967,200"
        }, {
          "title" : "ຄ່າທໍານຽມ LNSW",
          "amount" : "128,400"
        }, {
          "title" : "ຄ່າບໍລິການດຳເນີນໃບແຈ້ງພາສີ",
          "amount" : "100,000"
        }, {
          "title" : "ຄ່າບໍລິການຂໍ້ມູນສະຖິຕິ",
          "amount" : "30,200"
        } ],
        "footer" : {
          "totalAmount" : "15,839,100",
          "nameAmount" : "ສິບຫ້າລ້ານແປດແສນສາມໝື່ນເກົ້າພັນໜຶ່ງຮ້ອຍກີບ",
          "paymentDate" : "07/05/2023 15:35:22",
          "qrCode" : "TAX23127XEGJ8134"
        }
      }
    }, {
      "paymentDate" : "07/05/2023 10:48:22",
      "typeInvoice" : "IM",
      "invoiceNumber" : "18815",
      "instance" : "3077747",
      "receiptNumber" : "FT23127PL6DW",
      "amount" : 2.18885E7,
      "paymentChanel" : "MOBILE",
      "companyName" : "999 Laos - China Trading Sole Co.,LTD",
      "printBill" : {
        "header" : {
          "billNo" : "FT23127PL6DW",
          "number" : "18815",
          "invoices" : "TAX23127YHHG1187",
          "borderName" : "  ສົກປີ: 2023",
          "typeInvoice" : "IM",
          "soi" : "230506000564",
          "issueDate" : "06/05/2023",
          "companyName" : "999 Laos - China Trading Sole Co.,LTD"
        },
        "detail" : [ {
          "title" : "ຄ່າອາກອນມູນຄ່າເພີ່ມ",
          "amount" : "21,627,900"
        }, {
          "title" : "ຄ່າທໍານຽມ LNSW",
          "amount" : "128,400"
        }, {
          "title" : "ຄ່າບໍລິການດຳເນີນໃບແຈ້ງພາສີ",
          "amount" : "100,000"
        }, {
          "title" : "ຄ່າບໍລິການຂໍ້ມູນສະຖິຕິ",
          "amount" : "32,200"
        } ],
        "footer" : {
          "totalAmount" : "21,888,500",
          "nameAmount" : "ຊາວເອັດລ້ານແປດແສນແປດໝື່ນແປດພັນຫ້າຮ້ອຍກີບ",
          "paymentDate" : "07/05/2023 10:48:22",
          "qrCode" : "TAX23127YHHG1187"
        }
      }
    }, {
      "paymentDate" : "07/05/2023 13:07:22",
      "typeInvoice" : "IM",
      "invoiceNumber" : "9375",
      "instance" : "3077848",
      "receiptNumber" : "FT231276NMQZ",
      "amount" : 1.62944E7,
      "paymentChanel" : "MOBILE",
      "companyName" : "999 Laos - China Trading Sole Co.,LTD",
      "printBill" : {
        "header" : {
          "billNo" : "FT231276NMQZ",
          "number" : "9375",
          "invoices" : "TAX23127YXSW9852",
          "borderName" : "  ສົກປີ: 2023",
          "typeInvoice" : "IM",
          "soi" : "230507000017",
          "issueDate" : "07/05/2023",
          "companyName" : "999 Laos - China Trading Sole Co.,LTD"
        },
        "detail" : [ {
          "title" : "ພາສີ ຂາເຂົ້າ",
          "amount" : "8,505,100"
        }, {
          "title" : "ອາກອນຊົມໃຊ້",
          "amount" : "399,400"
        }, {
          "title" : "ຄ່າອາກອນມູນຄ່າເພີ່ມ",
          "amount" : "7,133,500"
        }, {
          "title" : "ຄ່າທໍານຽມ LNSW",
          "amount" : "128,400"
        }, {
          "title" : "ຄ່າບໍລິການດຳເນີນໃບແຈ້ງພາສີ",
          "amount" : "100,000"
        }, {
          "title" : "ຄ່າບໍລິການຂໍ້ມູນສະຖິຕິ",
          "amount" : "28,000"
        } ],
        "footer" : {
          "totalAmount" : "16,294,400",
          "nameAmount" : "ສິບຫົກລ້ານສອງແສນເກົ້າໝື່ນສີພັນສີຮ້ອຍກີບ",
          "paymentDate" : "07/05/2023 13:07:22",
          "qrCode" : "TAX23127YXSW9852"
        }
      }
    }, {
      "paymentDate" : "07/05/2023 12:10:02",
      "typeInvoice" : "IM",
      "invoiceNumber" : "18832",
      "instance" : "3077822",
      "receiptNumber" : "FT231270CQBH",
      "amount" : 2.53065E7,
      "paymentChanel" : "MOBILE",
      "companyName" : "999 Laos - China Trading Sole Co.,LTD",
      "printBill" : {
        "header" : {
          "billNo" : "FT231270CQBH",
          "number" : "18832",
          "invoices" : "TAX23127ZIJU4147",
          "borderName" : "  ສົກປີ: 2023",
          "typeInvoice" : "IM",
          "soi" : "230507000136",
          "issueDate" : "07/05/2023",
          "companyName" : "999 Laos - China Trading Sole Co.,LTD"
        },
        "detail" : [ {
          "title" : "ພາສີ ຂາເຂົ້າ",
          "amount" : "15,722,300"
        }, {
          "title" : "ອາກອນຊົມໃຊ້",
          "amount" : "1,762,100"
        }, {
          "title" : "ຄ່າອາກອນມູນຄ່າເພີ່ມ",
          "amount" : "7,565,700"
        }, {
          "title" : "ຄ່າທໍານຽມ LNSW",
          "amount" : "128,400"
        }, {
          "title" : "ຄ່າບໍລິການດຳເນີນໃບແຈ້ງພາສີ",
          "amount" : "100,000"
        }, {
          "title" : "ຄ່າບໍລິການຂໍ້ມູນສະຖິຕິ",
          "amount" : "28,000"
        } ],
        "footer" : {
          "totalAmount" : "25,306,500",
          "nameAmount" : "ຊາວຫ້າລ້ານສາມແສນຫົກພັນຫ້າຮ້ອຍກີບ",
          "paymentDate" : "07/05/2023 12:10:02",
          "qrCode" : "TAX23127ZIJU4147"
        }
      }
    }, {
      "paymentDate" : "07/05/2023 10:15:02",
      "typeInvoice" : "IM",
      "invoiceNumber" : "18842",
      "instance" : "3077900",
      "receiptNumber" : "FT23127MRNND",
      "amount" : 803400.0,
      "paymentChanel" : "MOBILE",
      "companyName" : "ຈີເຮັດຈ໌ຂາອອກ-ຂາເຂົ້າ ແລະ ຂົນສົ່ງສາກົນ ຈຳກັດຜູ້ດຽວ",
      "printBill" : {
        "header" : {
          "billNo" : "FT23127MRNND",
          "number" : "18842",
          "invoices" : "TAX23127ZT7A4456",
          "borderName" : "  ສົກປີ: 2023",
          "typeInvoice" : "IM",
          "soi" : "230507000041",
          "issueDate" : "07/05/2023",
          "companyName" : "ຈີເຮັດຈ໌ຂາອອກ-ຂາເຂົ້າ ແລະ ຂົນສົ່ງສາກົນ ຈຳກັດຜູ້ດຽວ"
        },
        "detail" : [ {
          "title" : "ພາສີ ຂາເຂົ້າ",
          "amount" : "350,000"
        }, {
          "title" : "ສິນຄ້າຜ່ານແດນສາກົນ",
          "amount" : "225,000"
        }, {
          "title" : "ຄ່າທໍານຽມ LNSW",
          "amount" : "128,400"
        }, {
          "title" : "ຄ່າບໍລິການດຳເນີນໃບແຈ້ງພາສີ",
          "amount" : "100,000"
        } ],
        "footer" : {
          "totalAmount" : "803,400",
          "nameAmount" : "ແປດແສນສາມພັນສີຮ້ອຍກີບ",
          "paymentDate" : "07/05/2023 10:15:02",
          "qrCode" : "TAX23127ZT7A4456"
        }
      }
    } ],
    "sumTotal" : 7.277908E8
  }
}
2023-05-09 14:28:56.523  INFO [ap-custom-report-service,,,] 8048 --- [Thread-25] j.LocalContainerEntityManagerFactoryBean : Closing JPA EntityManagerFactory for persistence unit 'default'
2023-05-09 14:28:56.530  INFO [ap-custom-report-service,,,] 8048 --- [Thread-25] o.s.s.concurrent.ThreadPoolTaskExecutor  : Shutting down ExecutorService 'applicationTaskExecutor'
2023-05-09 14:28:57.221  INFO [ap-custom-report-service,,,] 8048 --- [restartedMain] c.l.r.ReportCustomApplication            : The following profiles are active: prod
2023-05-09 14:28:57.670  INFO [ap-custom-report-service,,,] 8048 --- [restartedMain] .s.d.r.c.RepositoryConfigurationDelegate : Bootstrapping Spring Data JPA repositories in DEFERRED mode.
2023-05-09 14:28:57.714  INFO [ap-custom-report-service,,,] 8048 --- [restartedMain] .s.d.r.c.RepositoryConfigurationDelegate : Finished Spring Data repository scanning in 43ms. Found 3 JPA repository interfaces.
2023-05-09 14:28:57.794  INFO [ap-custom-report-service,,,] 8048 --- [restartedMain] o.s.cloud.context.scope.GenericScope     : BeanFactory id=f0fc083d-7a7c-3ca4-b872-c0a7c8500e2c
2023-05-09 14:28:57.844  INFO [ap-custom-report-service,,,] 8048 --- [restartedMain] trationDelegate$BeanPostProcessorChecker : Bean 'org.springframework.security.access.expression.method.DefaultMethodSecurityExpressionHandler@6dd6166' of type [org.springframework.security.access.expression.method.DefaultMethodSecurityExpressionHandler] is not eligible for getting processed by all BeanPostProcessors (for example: not eligible for auto-proxying)
2023-05-09 14:28:57.849  INFO [ap-custom-report-service,,,] 8048 --- [restartedMain] trationDelegate$BeanPostProcessorChecker : Bean 'methodSecurityMetadataSource' of type [org.springframework.security.access.method.DelegatingMethodSecurityMetadataSource] is not eligible for getting processed by all BeanPostProcessors (for example: not eligible for auto-proxying)
2023-05-09 14:28:57.986  INFO [ap-custom-report-service,,,] 8048 --- [restartedMain] o.s.b.w.embedded.tomcat.TomcatWebServer  : Tomcat initialized with port(s): 23532 (http)
2023-05-09 14:28:58.034  INFO [ap-custom-report-service,,,] 8048 --- [restartedMain] w.s.c.ServletWebServerApplicationContext : Root WebApplicationContext: initialization completed in 810 ms
2023-05-09 14:28:58.180  WARN [ap-custom-report-service,,,] 8048 --- [restartedMain] JpaBaseConfiguration$JpaWebConfiguration : spring.jpa.open-in-view is enabled by default. Therefore, database queries may be performed during view rendering. Explicitly configure spring.jpa.open-in-view to disable this warning
2023-05-09 14:28:58.252  INFO [ap-custom-report-service,,,] 8048 --- [restartedMain] o.s.s.concurrent.ThreadPoolTaskExecutor  : Initializing ExecutorService 'applicationTaskExecutor'
2023-05-09 14:28:58.461  INFO [ap-custom-report-service,,,] 8048 --- [restartedMain] o.s.aop.framework.CglibAopProxy          : Unable to proxy interface-implementing method [public final void org.springframework.dao.support.DaoSupport.afterPropertiesSet() throws java.lang.IllegalArgumentException,org.springframework.beans.factory.BeanInitializationException] because it is marked as final: Consider using interface-based JDK proxies instead!
2023-05-09 14:28:58.478  INFO [ap-custom-report-service,,,] 8048 --- [restartedMain] o.s.aop.framework.CglibAopProxy          : Unable to proxy interface-implementing method [public final void org.springframework.dao.support.DaoSupport.afterPropertiesSet() throws java.lang.IllegalArgumentException,org.springframework.beans.factory.BeanInitializationException] because it is marked as final: Consider using interface-based JDK proxies instead!
2023-05-09 14:28:58.738 DEBUG [ap-custom-report-service,,,] 8048 --- [restartedMain] c.l.r.S.jwt.JwtAuthenticationFilter      : Filter 'jwtAuthenticationFilter' configured for use
2023-05-09 14:28:58.762  WARN [ap-custom-report-service,,,] 8048 --- [restartedMain] ConfigServletWebServerApplicationContext : Exception encountered during context initialization - cancelling refresh attempt: org.springframework.beans.factory.UnsatisfiedDependencyException: Error creating bean with name 'companyGroupController': Unsatisfied dependency expressed through field 'getCompanyService'; nested exception is org.springframework.beans.factory.UnsatisfiedDependencyException: Error creating bean with name 'getListCompany': Unsatisfied dependency expressed through field 'lnswFunction'; nested exception is org.springframework.beans.factory.NoSuchBeanDefinitionException: No qualifying bean of type 'com.ldb.reportcustom.utils.LnswFunction' available: expected at least 1 bean which qualifies as autowire candidate. Dependency annotations: {@org.springframework.beans.factory.annotation.Autowired(required=true)}
2023-05-09 14:28:58.762  INFO [ap-custom-report-service,,,] 8048 --- [restartedMain] j.LocalContainerEntityManagerFactoryBean : Closing JPA EntityManagerFactory for persistence unit 'default'
2023-05-09 14:28:59.144  INFO [ap-custom-report-service,,,] 8048 --- [task-1] j.LocalContainerEntityManagerFactoryBean : Initialized JPA EntityManagerFactory for persistence unit 'default'
2023-05-09 14:28:59.145  INFO [ap-custom-report-service,,,] 8048 --- [restartedMain] o.s.s.concurrent.ThreadPoolTaskExecutor  : Shutting down ExecutorService 'applicationTaskExecutor'
2023-05-09 14:28:59.158  INFO [ap-custom-report-service,,,] 8048 --- [restartedMain] ConditionEvaluationReportLoggingListener : 

Error starting ApplicationContext. To display the conditions report re-run your application with 'debug' enabled.
2023-05-09 14:28:59.237  INFO [ap-custom-report-service,,,] 868 --- [restartedMain] o.s.b.devtools.restart.ChangeableUrls    : The Class-Path manifest attribute in C:\Users\Administrator\.m2\repository\com\oracle\database\jdbc\ojdbc8\19.3.0.0\ojdbc8-19.3.0.0.jar referenced one or more files that do not exist: file:/C:/Users/Administrator/.m2/repository/com/oracle/database/jdbc/ojdbc8/19.3.0.0/oraclepki.jar
2023-05-09 14:28:59.239  INFO [ap-custom-report-service,,,] 868 --- [restartedMain] o.s.b.devtools.restart.ChangeableUrls    : The Class-Path manifest attribute in C:\Users\Administrator\.m2\repository\com\oracle\database\security\oraclepki\19.3.0.0\oraclepki-19.3.0.0.jar referenced one or more files that do not exist: file:/C:/Users/Administrator/.m2/repository/com/oracle/database/security/oraclepki/19.3.0.0/osdt_core.jar,file:/C:/Users/Administrator/.m2/repository/com/oracle/database/security/oraclepki/19.3.0.0/osdt_cert.jar,file:/C:/Users/Administrator/.m2/repository/com/oracle/database/security/oraclepki/oracle.osdt/osdt_core.jar,file:/C:/Users/Administrator/.m2/repository/com/oracle/database/security/oraclepki/oracle.osdt/osdt_cert.jar
2023-05-09 14:28:59.240  INFO [ap-custom-report-service,,,] 868 --- [restartedMain] .e.DevToolsPropertyDefaultsPostProcessor : Devtools property defaults active! Set 'spring.devtools.add-properties' to 'false' to disable
2023-05-09 14:28:59.338 ERROR [ap-custom-report-service,,,] 8048 --- [restartedMain] o.s.b.d.LoggingFailureAnalysisReporter   : 

***************************
APPLICATION FAILED TO START
***************************

Description:

Field lnswFunction in com.ldb.reportcustom.services.Impl.GetListCompany required a bean of type 'com.ldb.reportcustom.utils.LnswFunction' that could not be found.

The injection point has the following annotations:
	- @org.springframework.beans.factory.annotation.Autowired(required=true)


Action:

Consider defining a bean of type 'com.ldb.reportcustom.utils.LnswFunction' in your configuration.

2023-05-09 14:28:59.654  INFO [ap-custom-report-service,,,] 868 --- [restartedMain] c.l.r.ReportCustomApplication            : The following profiles are active: prod
2023-05-09 14:29:00.316  INFO [ap-custom-report-service,,,] 868 --- [restartedMain] .s.d.r.c.RepositoryConfigurationDelegate : Bootstrapping Spring Data JPA repositories in DEFERRED mode.
2023-05-09 14:29:00.400  INFO [ap-custom-report-service,,,] 868 --- [restartedMain] .s.d.r.c.RepositoryConfigurationDelegate : Finished Spring Data repository scanning in 77ms. Found 3 JPA repository interfaces.
2023-05-09 14:29:00.703  INFO [ap-custom-report-service,,,] 868 --- [restartedMain] o.s.cloud.context.scope.GenericScope     : BeanFactory id=aed222f2-9e06-35bd-b57a-53ca6fcbef86
2023-05-09 14:29:00.980  INFO [ap-custom-report-service,,,] 868 --- [restartedMain] trationDelegate$BeanPostProcessorChecker : Bean 'org.springframework.security.access.expression.method.DefaultMethodSecurityExpressionHandler@4ea70ac9' of type [org.springframework.security.access.expression.method.DefaultMethodSecurityExpressionHandler] is not eligible for getting processed by all BeanPostProcessors (for example: not eligible for auto-proxying)
2023-05-09 14:29:00.996  INFO [ap-custom-report-service,,,] 868 --- [restartedMain] trationDelegate$BeanPostProcessorChecker : Bean 'methodSecurityMetadataSource' of type [org.springframework.security.access.method.DelegatingMethodSecurityMetadataSource] is not eligible for getting processed by all BeanPostProcessors (for example: not eligible for auto-proxying)
2023-05-09 14:29:01.700  INFO [ap-custom-report-service,,,] 868 --- [restartedMain] o.s.b.w.embedded.tomcat.TomcatWebServer  : Tomcat initialized with port(s): 23532 (http)
2023-05-09 14:29:01.812  INFO [ap-custom-report-service,,,] 868 --- [restartedMain] w.s.c.ServletWebServerApplicationContext : Root WebApplicationContext: initialization completed in 2147 ms
2023-05-09 14:29:02.224  WARN [ap-custom-report-service,,,] 868 --- [restartedMain] JpaBaseConfiguration$JpaWebConfiguration : spring.jpa.open-in-view is enabled by default. Therefore, database queries may be performed during view rendering. Explicitly configure spring.jpa.open-in-view to disable this warning
2023-05-09 14:29:02.474  INFO [ap-custom-report-service,,,] 868 --- [restartedMain] o.s.s.concurrent.ThreadPoolTaskExecutor  : Initializing ExecutorService 'applicationTaskExecutor'
2023-05-09 14:29:03.056  INFO [ap-custom-report-service,,,] 868 --- [restartedMain] o.s.aop.framework.CglibAopProxy          : Unable to proxy interface-implementing method [public final void org.springframework.dao.support.DaoSupport.afterPropertiesSet() throws java.lang.IllegalArgumentException,org.springframework.beans.factory.BeanInitializationException] because it is marked as final: Consider using interface-based JDK proxies instead!
2023-05-09 14:29:03.090  INFO [ap-custom-report-service,,,] 868 --- [restartedMain] o.s.aop.framework.CglibAopProxy          : Unable to proxy interface-implementing method [public final void org.springframework.dao.support.DaoSupport.afterPropertiesSet() throws java.lang.IllegalArgumentException,org.springframework.beans.factory.BeanInitializationException] because it is marked as final: Consider using interface-based JDK proxies instead!
2023-05-09 14:29:03.770 DEBUG [ap-custom-report-service,,,] 868 --- [restartedMain] c.l.r.S.jwt.JwtAuthenticationFilter      : Filter 'jwtAuthenticationFilter' configured for use
2023-05-09 14:29:04.460  INFO [ap-custom-report-service,,,] 868 --- [task-1] j.LocalContainerEntityManagerFactoryBean : Initialized JPA EntityManagerFactory for persistence unit 'default'
2023-05-09 14:29:04.675  INFO [ap-custom-report-service,,,] 868 --- [restartedMain] o.s.s.web.DefaultSecurityFilterChain     : Creating filter chain: any request, [org.springframework.security.web.context.request.async.WebAsyncManagerIntegrationFilter@43e62a79, org.springframework.security.web.context.SecurityContextPersistenceFilter@462b7da7, org.springframework.security.web.header.HeaderWriterFilter@260a6c28, org.springframework.web.filter.CorsFilter@39527b89, org.springframework.security.web.authentication.logout.LogoutFilter@5c30ed0f, com.ldb.reportcustom.Security.jwt.JwtAuthenticationFilter@608875c8, org.springframework.security.web.savedrequest.RequestCacheAwareFilter@a967785, org.springframework.security.web.servletapi.SecurityContextHolderAwareRequestFilter@69b694b4, org.springframework.security.web.authentication.AnonymousAuthenticationFilter@6c2e27f0, org.springframework.security.web.session.SessionManagementFilter@7f53ec41, org.springframework.security.web.access.ExceptionTranslationFilter@16b8ddcb, org.springframework.security.web.access.intercept.FilterSecurityInterceptor@2d34ea4c]
2023-05-09 14:29:05.279  WARN [ap-custom-report-service,,,] 868 --- [restartedMain] o.s.b.d.a.OptionalLiveReloadServer       : Unable to start LiveReload server
2023-05-09 14:29:05.452  WARN [ap-custom-report-service,,,] 868 --- [restartedMain] s.o.SpringCloudSecurityAutoConfiguration : All Spring Cloud Security modules and starters are deprecated. They will be moved to individual projects in the next major release.
2023-05-09 14:29:05.492  INFO [ap-custom-report-service,,,] 868 --- [restartedMain] o.s.b.a.e.web.EndpointLinksResolver      : Exposing 2 endpoint(s) beneath base path '/actuator'
2023-05-09 14:29:05.563  INFO [ap-custom-report-service,,,] 868 --- [restartedMain] o.s.b.w.embedded.tomcat.TomcatWebServer  : Tomcat started on port(s): 23532 (http) with context path ''
2023-05-09 14:29:05.683  INFO [ap-custom-report-service,,,] 868 --- [restartedMain] DeferredRepositoryInitializationListener : Triggering deferred initialization of Spring Data repositories…
2023-05-09 14:29:05.924  INFO [ap-custom-report-service,,,] 868 --- [restartedMain] DeferredRepositoryInitializationListener : Spring Data repositories initialized!
2023-05-09 14:29:05.937  INFO [ap-custom-report-service,,,] 868 --- [restartedMain] c.l.r.ReportCustomApplication            : Started ReportCustomApplication in 7.38 seconds (JVM running for 8.017)
2023-05-09 14:29:08.656  INFO [ap-custom-report-service,,,] 868 --- [http-nio-23532-exec-2] o.s.web.servlet.DispatcherServlet        : Initializing Servlet 'dispatcherServlet'
2023-05-09 14:29:08.665  INFO [ap-custom-report-service,,,] 868 --- [http-nio-23532-exec-2] o.s.web.servlet.DispatcherServlet        : Completed initialization in 9 ms
2023-05-09 14:29:08.681 DEBUG [ap-custom-report-service,3d61479441219a27,3d61479441219a27,true] 868 --- [http-nio-23532-exec-2] c.l.r.S.jwt.JwtAuthenticationFilter      : no valid JWT token found, uri: /report/api/v1/custom/authenticate/token
2023-05-09 14:29:08.767  INFO [ap-custom-report-service,3d61479441219a27,3d61479441219a27,true] 868 --- [http-nio-23532-exec-2] c.l.r.controller.LoginController         : ++ Mobile Login Request Token ..............................
2023-05-09 14:29:08.767  INFO [ap-custom-report-service,3d61479441219a27,3d61479441219a27,true] 868 --- [http-nio-23532-exec-2] c.l.r.controller.LoginController         : Client IP Address: 0:0:0:0:0:0:0:1
2023-05-09 14:29:09.271  INFO [ap-custom-report-service,3d61479441219a27,3d61479441219a27,true] 868 --- [http-nio-23532-exec-2] c.l.r.controller.LoginController         : loginResponse: {"accessToken":"eyJhbGciOiJIUzUxMiJ9.eyJzdWIiOiJBRE1JTl9SNUMxMF8xIiwiaWF0IjoxNjgzNjE3MzQ5LCJleHAiOjE2ODM3MDM3NDl9.SaeWl1EIdJnRMcx9NY3loRt_3oS7WUtAb1bQvm7TDZMAJptXdA_QtuD7yG2SJGMlAwkNHTORdnmbIaGXhc5rjw","tokenType":"Bearer","expireDate":86400,"username":"ADMIN_R5C10_1","enabled":true,"borders":{"borderId":"R5C10","bridge":"1","code":"510","enable":true,"name":"ດ່ານສາກົນ ຂົວມິດຕະພາບ I","provinceCode":"201","provinceName":"ນະຄອນລວງວຽງຈັນ","roles":[{"roleId":24,"roleName":"ROLE_REPORT_ADMIN","roleDisplay":"Role Border","createdBy":2,"createdAt":{"seconds":1675616400,"nanos":0},"modifiedBy":2,"modifiedAt":{"seconds":1675616400,"nanos":0}}],"createdAt":{"seconds":1674281281,"nanos":0},"modifiedAt":{"seconds":1674281281,"nanos":0}},"roles":[{"roleId":24,"roleName":"ROLE_REPORT_ADMIN","roleDisplay":"Role Border","createdBy":2,"createdAt":{"seconds":1675616400,"nanos":0},"modifiedBy":2,"modifiedAt":{"seconds":1675616400,"nanos":0}}]}
2023-05-09 14:29:09.290  INFO [ap-custom-report-service,3d61479441219a27,3d61479441219a27,true] 868 --- [http-nio-23532-exec-2] c.l.r.exceptions.ApiExceptionHandler     : Response body = {
  "status" : "00",
  "message" : "success",
  "dataResponse" : {
    "accessToken" : "eyJhbGciOiJIUzUxMiJ9.eyJzdWIiOiJBRE1JTl9SNUMxMF8xIiwiaWF0IjoxNjgzNjE3MzQ5LCJleHAiOjE2ODM3MDM3NDl9.SaeWl1EIdJnRMcx9NY3loRt_3oS7WUtAb1bQvm7TDZMAJptXdA_QtuD7yG2SJGMlAwkNHTORdnmbIaGXhc5rjw",
    "tokenType" : "Bearer",
    "expireDate" : 86400,
    "username" : "ADMIN_R5C10_1",
    "enabled" : true,
    "borders" : {
      "createdAt" : {
        "nano" : 0,
        "epochSecond" : 1674281281
      },
      "modifiedAt" : {
        "nano" : 0,
        "epochSecond" : 1674281281
      },
      "borderId" : "R5C10",
      "bridge" : "1",
      "code" : "510",
      "enable" : true,
      "name" : "ດ່ານສາກົນ ຂົວມິດຕະພາບ I",
      "provinceCode" : "201",
      "provinceName" : "ນະຄອນລວງວຽງຈັນ",
      "roles" : [ {
        "roleId" : 24,
        "roleName" : "ROLE_REPORT_ADMIN",
        "roleDisplay" : "Role Border"
      } ]
    },
    "roles" : [ {
      "roleId" : 24,
      "roleName" : "ROLE_REPORT_ADMIN",
      "roleDisplay" : "Role Border"
    } ]
  }
}
