2024-01-15 12:59:10.848  INFO [ap-custom-report-service,,,] 20456 --- [restartedMain] o.s.b.devtools.restart.ChangeableUrls    : The Class-Path manifest attribute in C:\Users\Administrator\.m2\repository\com\oracle\database\security\oraclepki\19.3.0.0\oraclepki-19.3.0.0.jar referenced one or more files that do not exist: file:/C:/Users/Administrator/.m2/repository/com/oracle/database/security/oraclepki/19.3.0.0/osdt_cert.jar,file:/C:/Users/Administrator/.m2/repository/com/oracle/database/security/oraclepki/oracle.osdt/osdt_core.jar,file:/C:/Users/Administrator/.m2/repository/com/oracle/database/security/oraclepki/oracle.osdt/osdt_cert.jar
2024-01-15 12:59:10.849  INFO [ap-custom-report-service,,,] 20456 --- [restartedMain] .e.DevToolsPropertyDefaultsPostProcessor : Devtools property defaults active! Set 'spring.devtools.add-properties' to 'false' to disable
2024-01-15 12:59:11.263  INFO [ap-custom-report-service,,,] 20456 --- [restartedMain] c.l.r.ReportCustomApplication            : The following profiles are active: prod
2024-01-15 12:59:11.826  INFO [ap-custom-report-service,,,] 20456 --- [restartedMain] .s.d.r.c.RepositoryConfigurationDelegate : Bootstrapping Spring Data JPA repositories in DEFERRED mode.
2024-01-15 12:59:11.885  INFO [ap-custom-report-service,,,] 20456 --- [restartedMain] .s.d.r.c.RepositoryConfigurationDelegate : Finished Spring Data repository scanning in 55ms. Found 3 JPA repository interfaces.
2024-01-15 12:59:12.060  INFO [ap-custom-report-service,,,] 20456 --- [restartedMain] o.s.cloud.context.scope.GenericScope     : BeanFactory id=aed222f2-9e06-35bd-b57a-53ca6fcbef86
2024-01-15 12:59:12.229  INFO [ap-custom-report-service,,,] 20456 --- [restartedMain] trationDelegate$BeanPostProcessorChecker : Bean 'org.springframework.security.access.expression.method.DefaultMethodSecurityExpressionHandler@28ac134b' of type [org.springframework.security.access.expression.method.DefaultMethodSecurityExpressionHandler] is not eligible for getting processed by all BeanPostProcessors (for example: not eligible for auto-proxying)
2024-01-15 12:59:12.242  INFO [ap-custom-report-service,,,] 20456 --- [restartedMain] trationDelegate$BeanPostProcessorChecker : Bean 'methodSecurityMetadataSource' of type [org.springframework.security.access.method.DelegatingMethodSecurityMetadataSource] is not eligible for getting processed by all BeanPostProcessors (for example: not eligible for auto-proxying)
2024-01-15 12:59:12.788  INFO [ap-custom-report-service,,,] 20456 --- [restartedMain] o.s.b.w.embedded.tomcat.TomcatWebServer  : Tomcat initialized with port(s): 23532 (http)
2024-01-15 12:59:12.869  INFO [ap-custom-report-service,,,] 20456 --- [restartedMain] w.s.c.ServletWebServerApplicationContext : Root WebApplicationContext: initialization completed in 1598 ms
2024-01-15 12:59:13.067  WARN [ap-custom-report-service,,,] 20456 --- [restartedMain] JpaBaseConfiguration$JpaWebConfiguration : spring.jpa.open-in-view is enabled by default. Therefore, database queries may be performed during view rendering. Explicitly configure spring.jpa.open-in-view to disable this warning
2024-01-15 12:59:13.191  INFO [ap-custom-report-service,,,] 20456 --- [restartedMain] o.s.s.concurrent.ThreadPoolTaskExecutor  : Initializing ExecutorService 'applicationTaskExecutor'
2024-01-15 12:59:13.596  INFO [ap-custom-report-service,,,] 20456 --- [restartedMain] o.s.aop.framework.CglibAopProxy          : Unable to proxy interface-implementing method [public final void org.springframework.dao.support.DaoSupport.afterPropertiesSet() throws java.lang.IllegalArgumentException,org.springframework.beans.factory.BeanInitializationException] because it is marked as final: Consider using interface-based JDK proxies instead!
2024-01-15 12:59:13.614  INFO [ap-custom-report-service,,,] 20456 --- [restartedMain] o.s.aop.framework.CglibAopProxy          : Unable to proxy interface-implementing method [public final void org.springframework.dao.support.DaoSupport.afterPropertiesSet() throws java.lang.IllegalArgumentException,org.springframework.beans.factory.BeanInitializationException] because it is marked as final: Consider using interface-based JDK proxies instead!
2024-01-15 12:59:13.997 DEBUG [ap-custom-report-service,,,] 20456 --- [restartedMain] c.l.r.S.jwt.JwtAuthenticationFilter      : Filter 'jwtAuthenticationFilter' configured for use
2024-01-15 12:59:14.370  INFO [ap-custom-report-service,,,] 20456 --- [task-1] j.LocalContainerEntityManagerFactoryBean : Initialized JPA EntityManagerFactory for persistence unit 'default'
2024-01-15 12:59:14.539  INFO [ap-custom-report-service,,,] 20456 --- [restartedMain] o.s.s.web.DefaultSecurityFilterChain     : Creating filter chain: any request, [org.springframework.security.web.context.request.async.WebAsyncManagerIntegrationFilter@2df56e4d, org.springframework.security.web.context.SecurityContextPersistenceFilter@336d1df4, org.springframework.security.web.header.HeaderWriterFilter@46074985, org.springframework.web.filter.CorsFilter@4d4e7242, org.springframework.security.web.authentication.logout.LogoutFilter@4e8c16ae, com.ldb.reportcustom.Security.jwt.JwtAuthenticationFilter@62f994d0, org.springframework.security.web.savedrequest.RequestCacheAwareFilter@44f86995, org.springframework.security.web.servletapi.SecurityContextHolderAwareRequestFilter@3060e3e8, org.springframework.security.web.authentication.AnonymousAuthenticationFilter@6c5ebfe, org.springframework.security.web.session.SessionManagementFilter@7489372a, org.springframework.security.web.access.ExceptionTranslationFilter@78089e9f, org.springframework.security.web.access.intercept.FilterSecurityInterceptor@29aa1faf]
2024-01-15 12:59:14.965  INFO [ap-custom-report-service,,,] 20456 --- [restartedMain] o.s.b.d.a.OptionalLiveReloadServer       : LiveReload server is running on port 35729
2024-01-15 12:59:15.233  WARN [ap-custom-report-service,,,] 20456 --- [restartedMain] s.o.SpringCloudSecurityAutoConfiguration : All Spring Cloud Security modules and starters are deprecated. They will be moved to individual projects in the next major release.
2024-01-15 12:59:15.264  INFO [ap-custom-report-service,,,] 20456 --- [restartedMain] o.s.b.a.e.web.EndpointLinksResolver      : Exposing 2 endpoint(s) beneath base path '/actuator'
2024-01-15 12:59:15.323  INFO [ap-custom-report-service,,,] 20456 --- [restartedMain] o.s.b.w.embedded.tomcat.TomcatWebServer  : Tomcat started on port(s): 23532 (http) with context path ''
2024-01-15 12:59:15.548  INFO [ap-custom-report-service,,,] 20456 --- [restartedMain] DeferredRepositoryInitializationListener : Triggering deferred initialization of Spring Data repositories…
2024-01-15 12:59:15.756  INFO [ap-custom-report-service,,,] 20456 --- [restartedMain] DeferredRepositoryInitializationListener : Spring Data repositories initialized!
2024-01-15 12:59:15.773  INFO [ap-custom-report-service,,,] 20456 --- [restartedMain] c.l.r.ReportCustomApplication            : Started ReportCustomApplication in 5.557 seconds (JVM running for 6.026)
2024-01-15 13:11:25.793  INFO [ap-custom-report-service,,,] 20456 --- [http-nio-23532-exec-2] o.s.web.servlet.DispatcherServlet        : Initializing Servlet 'dispatcherServlet'
2024-01-15 13:11:25.802  INFO [ap-custom-report-service,,,] 20456 --- [http-nio-23532-exec-2] o.s.web.servlet.DispatcherServlet        : Completed initialization in 9 ms
2024-01-15 13:11:25.815 DEBUG [ap-custom-report-service,132e46ce8c2f31de,132e46ce8c2f31de,true] 20456 --- [http-nio-23532-exec-2] c.l.r.S.jwt.JwtAuthenticationFilter      : no valid JWT token found, uri: /report/api/v1/custom/authenticate/token
2024-01-15 13:11:25.882  INFO [ap-custom-report-service,132e46ce8c2f31de,132e46ce8c2f31de,true] 20456 --- [http-nio-23532-exec-2] c.l.r.controller.LoginController         : ++ Mobile Login Request Token ..............................
2024-01-15 13:11:25.882  INFO [ap-custom-report-service,132e46ce8c2f31de,132e46ce8c2f31de,true] 20456 --- [http-nio-23532-exec-2] c.l.r.controller.LoginController         : Client IP Address: 0:0:0:0:0:0:0:1
2024-01-15 13:11:26.261  INFO [ap-custom-report-service,132e46ce8c2f31de,132e46ce8c2f31de,true] 20456 --- [http-nio-23532-exec-2] c.l.r.exceptions.ApiExceptionHandler     : Response body = {
  "status" : "00",
  "message" : "success",
  "dataResponse" : {
    "accessToken" : "eyJhbGciOiJIUzUxMiJ9.eyJzdWIiOiJBRE1JTl9SNUMxMF8xIiwiaWF0IjoxNzA1Mjk5MDg2LCJleHAiOjE3MDUzODU0ODZ9.bIOvDdj6fD4bKdQTtwkufY6Fjh6AHYxLJi4oHjcV0ii_c2a2aB5q3l07GbUTUFHVH26B117GdMUZoG4EW0WeUQ",
    "tokenType" : "Bearer",
    "expireDate" : 86400,
    "username" : "ADMIN_R5C10_1",
    "enabled" : true,
    "borders" : {
      "createdAt" : {
        "nano" : 0,
        "epochSecond" : 1674281281
      },
      "modifiedAt" : {
        "nano" : 0,
        "epochSecond" : 1674281281
      },
      "borderId" : "R5C10",
      "bridge" : "1",
      "code" : "510",
      "enable" : true,
      "name" : "ດ່ານສາກົນ ຂົວມິດຕະພາບ I",
      "provinceCode" : "201",
      "provinceName" : "ນະຄອນລວງວຽງຈັນ",
      "roles" : [ {
        "roleId" : 24,
        "roleName" : "ROLE_REPORT_ADMIN",
        "roleDisplay" : "Role Border"
      } ]
    },
    "roles" : [ {
      "roleId" : 24,
      "roleName" : "ROLE_REPORT_ADMIN",
      "roleDisplay" : "Role Border"
    } ]
  }
}
2024-01-15 13:11:44.627 DEBUG [ap-custom-report-service,6242c4acefef6a03,6242c4acefef6a03,true] 20456 --- [http-nio-23532-exec-6] c.l.r.S.jwt.JwtAuthenticationFilter      : no valid JWT token found, uri: /report/api/v1/custom/authenticate/token
2024-01-15 13:11:44.628  INFO [ap-custom-report-service,6242c4acefef6a03,6242c4acefef6a03,true] 20456 --- [http-nio-23532-exec-6] c.l.r.controller.LoginController         : ++ Mobile Login Request Token ..............................
2024-01-15 13:11:44.628  INFO [ap-custom-report-service,6242c4acefef6a03,6242c4acefef6a03,true] 20456 --- [http-nio-23532-exec-6] c.l.r.controller.LoginController         : Client IP Address: 0:0:0:0:0:0:0:1
2024-01-15 13:11:44.704  INFO [ap-custom-report-service,6242c4acefef6a03,6242c4acefef6a03,true] 20456 --- [http-nio-23532-exec-6] c.l.r.exceptions.ApiExceptionHandler     : Response body = {
  "status" : "00",
  "message" : "success",
  "dataResponse" : {
    "accessToken" : "eyJhbGciOiJIUzUxMiJ9.eyJzdWIiOiJBRE1JTl9SNUMxMF8xIiwiaWF0IjoxNzA1Mjk5MTA0LCJleHAiOjE3MDUzODU1MDR9.09MWw70C0_1LCnuhyp6Ydv_AKEoyqCpy99HjnGiPcY_9HW4NoTOzhTvQJT0iOEgLjK7PJTrgNMg3l4DnKCa_cQ",
    "tokenType" : "Bearer",
    "expireDate" : 86400,
    "username" : "ADMIN_R5C10_1",
    "enabled" : true,
    "borders" : {
      "createdAt" : {
        "nano" : 0,
        "epochSecond" : 1674281281
      },
      "modifiedAt" : {
        "nano" : 0,
        "epochSecond" : 1674281281
      },
      "borderId" : "R5C10",
      "bridge" : "1",
      "code" : "510",
      "enable" : true,
      "name" : "ດ່ານສາກົນ ຂົວມິດຕະພາບ I",
      "provinceCode" : "201",
      "provinceName" : "ນະຄອນລວງວຽງຈັນ",
      "roles" : [ {
        "roleId" : 24,
        "roleName" : "ROLE_REPORT_ADMIN",
        "roleDisplay" : "Role Border"
      } ]
    },
    "roles" : [ {
      "roleId" : 24,
      "roleName" : "ROLE_REPORT_ADMIN",
      "roleDisplay" : "Role Border"
    } ]
  }
}
