2024-03-29 14:12:26.401  INFO [ap-custom-report-service,,,] 20872 --- [restartedMain] o.s.b.devtools.restart.ChangeableUrls    : The Class-Path manifest attribute in C:\Users\Administrator\.m2\repository\com\oracle\database\jdbc\ojdbc8\19.3.0.0\ojdbc8-19.3.0.0.jar referenced one or more files that do not exist: file:/C:/Users/Administrator/.m2/repository/com/oracle/database/jdbc/ojdbc8/19.3.0.0/oraclepki.jar
2024-03-29 14:12:26.401  INFO [ap-custom-report-service,,,] 20872 --- [restartedMain] o.s.b.devtools.restart.ChangeableUrls    : The Class-Path manifest attribute in C:\Users\Administrator\.m2\repository\com\oracle\database\security\oraclepki\19.3.0.0\oraclepki-19.3.0.0.jar referenced one or more files that do not exist: file:/C:/Users/Administrator/.m2/repository/com/oracle/database/security/oraclepki/19.3.0.0/osdt_cert.jar,file:/C:/Users/Administrator/.m2/repository/com/oracle/database/security/oraclepki/oracle.osdt/osdt_core.jar,file:/C:/Users/Administrator/.m2/repository/com/oracle/database/security/oraclepki/oracle.osdt/osdt_cert.jar
2024-03-29 14:12:26.401  INFO [ap-custom-report-service,,,] 20872 --- [restartedMain] .e.DevToolsPropertyDefaultsPostProcessor : Devtools property defaults active! Set 'spring.devtools.add-properties' to 'false' to disable
2024-03-29 14:12:26.760  INFO [ap-custom-report-service,,,] 20872 --- [restartedMain] c.l.r.ReportCustomApplication            : The following profiles are active: prod
2024-03-29 14:12:27.202  INFO [ap-custom-report-service,,,] 20872 --- [restartedMain] .s.d.r.c.RepositoryConfigurationDelegate : Bootstrapping Spring Data JPA repositories in DEFERRED mode.
2024-03-29 14:12:27.240  INFO [ap-custom-report-service,,,] 20872 --- [restartedMain] .s.d.r.c.RepositoryConfigurationDelegate : Finished Spring Data repository scanning in 35ms. Found 3 JPA repository interfaces.
2024-03-29 14:12:27.371  INFO [ap-custom-report-service,,,] 20872 --- [restartedMain] o.s.cloud.context.scope.GenericScope     : BeanFactory id=aed222f2-9e06-35bd-b57a-53ca6fcbef86
2024-03-29 14:12:27.524  INFO [ap-custom-report-service,,,] 20872 --- [restartedMain] trationDelegate$BeanPostProcessorChecker : Bean 'org.springframework.security.access.expression.method.DefaultMethodSecurityExpressionHandler@60932978' of type [org.springframework.security.access.expression.method.DefaultMethodSecurityExpressionHandler] is not eligible for getting processed by all BeanPostProcessors (for example: not eligible for auto-proxying)
2024-03-29 14:12:27.534  INFO [ap-custom-report-service,,,] 20872 --- [restartedMain] trationDelegate$BeanPostProcessorChecker : Bean 'methodSecurityMetadataSource' of type [org.springframework.security.access.method.DelegatingMethodSecurityMetadataSource] is not eligible for getting processed by all BeanPostProcessors (for example: not eligible for auto-proxying)
2024-03-29 14:12:27.979  INFO [ap-custom-report-service,,,] 20872 --- [restartedMain] o.s.b.w.embedded.tomcat.TomcatWebServer  : Tomcat initialized with port(s): 23532 (http)
2024-03-29 14:12:28.048  INFO [ap-custom-report-service,,,] 20872 --- [restartedMain] w.s.c.ServletWebServerApplicationContext : Root WebApplicationContext: initialization completed in 1281 ms
2024-03-29 14:12:28.194  WARN [ap-custom-report-service,,,] 20872 --- [restartedMain] JpaBaseConfiguration$JpaWebConfiguration : spring.jpa.open-in-view is enabled by default. Therefore, database queries may be performed during view rendering. Explicitly configure spring.jpa.open-in-view to disable this warning
2024-03-29 14:12:28.288  INFO [ap-custom-report-service,,,] 20872 --- [restartedMain] o.s.s.concurrent.ThreadPoolTaskExecutor  : Initializing ExecutorService 'applicationTaskExecutor'
2024-03-29 14:12:28.635  INFO [ap-custom-report-service,,,] 20872 --- [restartedMain] o.s.aop.framework.CglibAopProxy          : Unable to proxy interface-implementing method [public final void org.springframework.dao.support.DaoSupport.afterPropertiesSet() throws java.lang.IllegalArgumentException,org.springframework.beans.factory.BeanInitializationException] because it is marked as final: Consider using interface-based JDK proxies instead!
2024-03-29 14:12:28.650  INFO [ap-custom-report-service,,,] 20872 --- [restartedMain] o.s.aop.framework.CglibAopProxy          : Unable to proxy interface-implementing method [public final void org.springframework.dao.support.DaoSupport.afterPropertiesSet() throws java.lang.IllegalArgumentException,org.springframework.beans.factory.BeanInitializationException] because it is marked as final: Consider using interface-based JDK proxies instead!
2024-03-29 14:12:28.920 DEBUG [ap-custom-report-service,,,] 20872 --- [restartedMain] c.l.r.S.jwt.JwtAuthenticationFilter      : Filter 'jwtAuthenticationFilter' configured for use
2024-03-29 14:12:29.423  INFO [ap-custom-report-service,,,] 20872 --- [task-1] j.LocalContainerEntityManagerFactoryBean : Initialized JPA EntityManagerFactory for persistence unit 'default'
2024-03-29 14:12:29.550  INFO [ap-custom-report-service,,,] 20872 --- [restartedMain] o.s.s.web.DefaultSecurityFilterChain     : Creating filter chain: any request, [org.springframework.security.web.context.request.async.WebAsyncManagerIntegrationFilter@54f1b0e7, org.springframework.security.web.context.SecurityContextPersistenceFilter@74dceb97, org.springframework.security.web.header.HeaderWriterFilter@5c50b9a1, org.springframework.web.filter.CorsFilter@255b5842, org.springframework.security.web.authentication.logout.LogoutFilter@73537e8a, com.ldb.reportcustom.Security.jwt.JwtAuthenticationFilter@2df6665a, org.springframework.security.web.savedrequest.RequestCacheAwareFilter@2aa6b022, org.springframework.security.web.servletapi.SecurityContextHolderAwareRequestFilter@734c70a0, org.springframework.security.web.authentication.AnonymousAuthenticationFilter@110e00a6, org.springframework.security.web.session.SessionManagementFilter@2f3e22dc, org.springframework.security.web.access.ExceptionTranslationFilter@2a7ae8c0, org.springframework.security.web.access.intercept.FilterSecurityInterceptor@608081a]
2024-03-29 14:12:29.902  INFO [ap-custom-report-service,,,] 20872 --- [restartedMain] o.s.b.d.a.OptionalLiveReloadServer       : LiveReload server is running on port 35729
2024-03-29 14:12:30.128  WARN [ap-custom-report-service,,,] 20872 --- [restartedMain] s.o.SpringCloudSecurityAutoConfiguration : All Spring Cloud Security modules and starters are deprecated. They will be moved to individual projects in the next major release.
2024-03-29 14:12:30.153  INFO [ap-custom-report-service,,,] 20872 --- [restartedMain] o.s.b.a.e.web.EndpointLinksResolver      : Exposing 2 endpoint(s) beneath base path '/actuator'
2024-03-29 14:12:30.200  INFO [ap-custom-report-service,,,] 20872 --- [restartedMain] o.s.b.w.embedded.tomcat.TomcatWebServer  : Tomcat started on port(s): 23532 (http) with context path ''
2024-03-29 14:12:30.387  INFO [ap-custom-report-service,,,] 20872 --- [restartedMain] DeferredRepositoryInitializationListener : Triggering deferred initialization of Spring Data repositories…
2024-03-29 14:12:30.553  INFO [ap-custom-report-service,,,] 20872 --- [restartedMain] DeferredRepositoryInitializationListener : Spring Data repositories initialized!
2024-03-29 14:12:30.565  INFO [ap-custom-report-service,,,] 20872 --- [restartedMain] c.l.r.ReportCustomApplication            : Started ReportCustomApplication in 4.685 seconds (JVM running for 5.046)
2024-03-29 14:13:20.983  INFO [ap-custom-report-service,,,] 20872 --- [http-nio-23532-exec-3] o.s.web.servlet.DispatcherServlet        : Initializing Servlet 'dispatcherServlet'
2024-03-29 14:13:20.992  INFO [ap-custom-report-service,,,] 20872 --- [http-nio-23532-exec-3] o.s.web.servlet.DispatcherServlet        : Completed initialization in 9 ms
2024-03-29 14:13:21.005 DEBUG [ap-custom-report-service,0951006e692c19c0,0951006e692c19c0,true] 20872 --- [http-nio-23532-exec-3] c.l.r.S.jwt.JwtAuthenticationFilter      : no valid JWT token found, uri: /report/api/v1/custom/authenticate/token
2024-03-29 14:13:21.072  INFO [ap-custom-report-service,0951006e692c19c0,0951006e692c19c0,true] 20872 --- [http-nio-23532-exec-3] c.l.r.controller.LoginController         : ++ Mobile Login Request Token ..............................
2024-03-29 14:13:21.072  INFO [ap-custom-report-service,0951006e692c19c0,0951006e692c19c0,true] 20872 --- [http-nio-23532-exec-3] c.l.r.controller.LoginController         : Client IP Address: 0:0:0:0:0:0:0:1
2024-03-29 14:13:21.488  INFO [ap-custom-report-service,0951006e692c19c0,0951006e692c19c0,true] 20872 --- [http-nio-23532-exec-3] c.l.r.exceptions.ApiExceptionHandler     : Response body = {
  "status" : "00",
  "message" : "success",
  "dataResponse" : {
    "accessToken" : "eyJhbGciOiJIUzUxMiJ9.eyJzdWIiOiJBRE1JTl9SNUMxMF8xIiwiaWF0IjoxNzExNjk2NDAxLCJleHAiOjE3MTE3ODI4MDF9.0C3zgiKrVnShAJze48XWWDDLo0rvD2Whr3sZNcPqXKwN0OKCPG4avhbXzYFRVDvGKI16P2JzrnEeGsg_xZyvEw",
    "tokenType" : "Bearer",
    "expireDate" : 86400,
    "username" : "ADMIN_R5C10_1",
    "enabled" : true,
    "borders" : {
      "createdAt" : {
        "nano" : 0,
        "epochSecond" : 1674281281
      },
      "modifiedAt" : {
        "nano" : 0,
        "epochSecond" : 1674281281
      },
      "borderId" : "R5C10",
      "bridge" : "1",
      "code" : "510",
      "enable" : true,
      "name" : "ດ່ານສາກົນ ຂົວມິດຕະພາບ I",
      "provinceCode" : "201",
      "provinceName" : "ນະຄອນລວງວຽງຈັນ",
      "roles" : [ {
        "roleId" : 24,
        "roleName" : "ROLE_REPORT_ADMIN",
        "roleDisplay" : "Role Border"
      } ]
    },
    "roles" : [ {
      "roleId" : 24,
      "roleName" : "ROLE_REPORT_ADMIN",
      "roleDisplay" : "Role Border"
    } ]
  }
}
2024-03-29 14:13:39.666 DEBUG [ap-custom-report-service,3b800a2eb1a5f3cc,3b800a2eb1a5f3cc,true] 20872 --- [http-nio-23532-exec-6] c.l.r.S.jwt.JwtAuthenticationFilter      : set Authentication to auth context for 'ADMIN_R5C10_1', uri: /report/api/v1/custom/singleWindowCompare.service
2024-03-29 14:13:39.669  INFO [ap-custom-report-service,3b800a2eb1a5f3cc,3b800a2eb1a5f3cc,true] 20872 --- [http-nio-23532-exec-6] c.l.r.controller.SingleWindowController  : 		 --> Custom compare Request controller >>>>>>>>>>>>>>>>>>>>>>
2024-03-29 14:13:39.670  INFO [ap-custom-report-service,3b800a2eb1a5f3cc,3b800a2eb1a5f3cc,true] 20872 --- [http-nio-23532-exec-6] c.l.r.controller.SingleWindowController  : Client IP Address = 0:0:0:0:0:0:0:1
2024-03-29 14:13:39.670  INFO [ap-custom-report-service,3b800a2eb1a5f3cc,3b800a2eb1a5f3cc,true] 20872 --- [http-nio-23532-exec-6] c.l.r.controller.SingleWindowController  : auth == ADMIN_R5C10_1
2024-03-29 14:13:39.670  INFO [ap-custom-report-service,3b800a2eb1a5f3cc,3b800a2eb1a5f3cc,true] 20872 --- [http-nio-23532-exec-6] c.l.r.controller.SingleWindowController  : auth username == com.ldb.reportcustom.Security.service.UserPrincipal@15901381: Username: ADMIN_R5C10_1; Password: [PROTECTED]; Enabled: true; AccountNonExpired: true; credentialsNonExpired: true; AccountNonLocked: true; Granted Authorities: ROLE_REPORT_ADMIN
2024-03-29 14:13:39.670  INFO [ap-custom-report-service,3b800a2eb1a5f3cc,3b800a2eb1a5f3cc,true] 20872 --- [http-nio-23532-exec-6] c.l.r.controller.SingleWindowController  : data body request: {
  "startDate" : "20230703"
}
2024-03-29 14:13:39.740  INFO [ap-custom-report-service,3b800a2eb1a5f3cc,3b800a2eb1a5f3cc,true] 20872 --- [http-nio-23532-exec-6] com.ldb.reportcustom.utils.LnswFunction  : Border id = 
2024-03-29 14:13:39.940  INFO [ap-custom-report-service,3b800a2eb1a5f3cc,3b800a2eb1a5f3cc,true] 20872 --- [http-nio-23532-exec-6] c.l.r.controller.SingleWindowController  : 		 --> End Custom compare Request controller <<<<<<<<<<<<<<<<<<<
2024-03-29 14:13:39.946  INFO [ap-custom-report-service,3b800a2eb1a5f3cc,3b800a2eb1a5f3cc,true] 20872 --- [http-nio-23532-exec-6] c.l.r.exceptions.ApiExceptionHandler     : Response body = {
  "status" : "00",
  "message" : "success",
  "dataResponse" : {
    "dataValue" : [ {
      "data" : {
        "AFE" : 100000.0,
        "PSC" : 0.0,
        "STA" : 56000.0,
        "CD" : 0.0,
        "STD" : 0.0,
        "LNSW" : 311370.0,
        "SCV" : 0.0,
        "VAT" : 0.0,
        "EMT" : 0.0,
        "PFD" : 0.0,
        "PRS" : 0.0,
        "EXD" : 0.0,
        "EXC" : 0.0,
        "BT" : 0.0,
        "EDR" : 0.0,
        "TBC" : 0.0,
        "SCFI" : 0.0,
        "SCF" : 0.0,
        "SCI" : 0.0,
        "ITF" : 0.0,
        "paymentDate" : "03/07/2023 14:36:23",
        "VT" : 0.0,
        "receiptNumber" : "IM:230703000327 FT231841FFH5"
      },
      "header" : {
        "AFE" : "ຄ່າບໍລິການດຳເນີນໃບແຈ້ງພາສີ",
        "PSC" : "ຄ່າບໍລິການນໍາເຂົ້ານໍ້າມັນເຊື້ອໄຟ",
        "STA" : "ຄ່າບໍລິການຂໍ້ມູນສະຖິຕິ",
        "CD" : "ພາສີ ຂາເຂົ້າ",
        "STD" : "ອາກອນມູນຄ່າເພີ່ມ",
        "LNSW" : "ຄ່າທໍານຽມ LNSW",
        "SCV" : "ຄ່າບໍລິການ ໃບອະນຸຍາດເຕັກນິກ",
        "VAT" : "ຄ່າອາກອນມູນຄ່າເພີ່ມ",
        "EMT" : "ຄ່າບໍລິການ e-Meter",
        "PFD" : "ກອງທຶນທາງນ້ຳມັນ",
        "PRS" : "ຄັງແຮນ້ຳມັນ",
        "EXD" : "ພາສີ ຂາອອກ",
        "EXC" : "ອາກອນຊົມໃຊ້",
        "BT" : "ອາກອນກຳໄລ",
        "EDR" : "ຄ່າພາສີສິນຄ້າປະເພດແຮ່ທາດສົ່ງອອກ",
        "TBC" : "ກອງທຶນຢາສູບ",
        "SCFI" : "ຄ່າທໍານຽມ ອອກໃບອະນຸຍາດນໍາເຂົ້າອາຫານ",
        "SCF" : "ຄ່າບໍລິການ scanner",
        "SCI" : "ຄ່າບໍລິການ ໃບອະນຸຍາດນໍາເຂົ້າ",
        "ITF" : "ສິນຄ້າຜ່ານແດນສາກົນ",
        "paymentDate" : "ວັນທີ ແລະ ເວລາຊຳລະ",
        "VT" : "ຄ່າທໍານຽມ ໃບອະນຸຍາດເຕັກນິກ",
        "receiptNumber" : "ເລກທີໃບແຈ້ງ"
      }
    }, {
      "data" : {
        "AFE" : 100000.0,
        "PSC" : 0.0,
        "STA" : 69400.0,
        "CD" : 0.0,
        "STD" : 0.0,
        "LNSW" : 311370.0,
        "SCV" : 0.0,
        "VAT" : 0.0,
        "EMT" : 0.0,
        "PFD" : 0.0,
        "PRS" : 0.0,
        "EXD" : 0.0,
        "EXC" : 0.0,
        "BT" : 0.0,
        "EDR" : 0.0,
        "TBC" : 0.0,
        "SCFI" : 0.0,
        "SCF" : 0.0,
        "SCI" : 0.0,
        "ITF" : 0.0,
        "paymentDate" : "03/07/2023 17:13:12",
        "VT" : 0.0,
        "receiptNumber" : "IM:230703000481 FT23184B5L2R"
      },
      "header" : {
        "AFE" : "ຄ່າບໍລິການດຳເນີນໃບແຈ້ງພາສີ",
        "PSC" : "ຄ່າບໍລິການນໍາເຂົ້ານໍ້າມັນເຊື້ອໄຟ",
        "STA" : "ຄ່າບໍລິການຂໍ້ມູນສະຖິຕິ",
        "CD" : "ພາສີ ຂາເຂົ້າ",
        "STD" : "ອາກອນມູນຄ່າເພີ່ມ",
        "LNSW" : "ຄ່າທໍານຽມ LNSW",
        "SCV" : "ຄ່າບໍລິການ ໃບອະນຸຍາດເຕັກນິກ",
        "VAT" : "ຄ່າອາກອນມູນຄ່າເພີ່ມ",
        "EMT" : "ຄ່າບໍລິການ e-Meter",
        "PFD" : "ກອງທຶນທາງນ້ຳມັນ",
        "PRS" : "ຄັງແຮນ້ຳມັນ",
        "EXD" : "ພາສີ ຂາອອກ",
        "EXC" : "ອາກອນຊົມໃຊ້",
        "BT" : "ອາກອນກຳໄລ",
        "EDR" : "ຄ່າພາສີສິນຄ້າປະເພດແຮ່ທາດສົ່ງອອກ",
        "TBC" : "ກອງທຶນຢາສູບ",
        "SCFI" : "ຄ່າທໍານຽມ ອອກໃບອະນຸຍາດນໍາເຂົ້າອາຫານ",
        "SCF" : "ຄ່າບໍລິການ scanner",
        "SCI" : "ຄ່າບໍລິການ ໃບອະນຸຍາດນໍາເຂົ້າ",
        "ITF" : "ສິນຄ້າຜ່ານແດນສາກົນ",
        "paymentDate" : "ວັນທີ ແລະ ເວລາຊຳລະ",
        "VT" : "ຄ່າທໍານຽມ ໃບອະນຸຍາດເຕັກນິກ",
        "receiptNumber" : "ເລກທີໃບແຈ້ງ"
      }
    }, {
      "data" : {
        "AFE" : 100000.0,
        "PSC" : 0.0,
        "STA" : 20200.0,
        "CD" : 66900.0,
        "STD" : 9587100.0,
        "LNSW" : 311370.0,
        "SCV" : 0.0,
        "VAT" : 9520200.0,
        "EMT" : 0.0,
        "PFD" : 0.0,
        "PRS" : 0.0,
        "EXD" : 0.0,
        "EXC" : 0.0,
        "BT" : 0.0,
        "EDR" : 0.0,
        "TBC" : 0.0,
        "SCFI" : 0.0,
        "SCF" : 350000.0,
        "SCI" : 0.0,
        "ITF" : 0.0,
        "paymentDate" : "03/07/2023 15:39:37",
        "VT" : 0.0,
        "receiptNumber" : "IM:230703000429 FT23184N3DWL"
      },
      "header" : {
        "AFE" : "ຄ່າບໍລິການດຳເນີນໃບແຈ້ງພາສີ",
        "PSC" : "ຄ່າບໍລິການນໍາເຂົ້ານໍ້າມັນເຊື້ອໄຟ",
        "STA" : "ຄ່າບໍລິການຂໍ້ມູນສະຖິຕິ",
        "CD" : "ພາສີ ຂາເຂົ້າ",
        "STD" : "ອາກອນມູນຄ່າເພີ່ມ",
        "LNSW" : "ຄ່າທໍານຽມ LNSW",
        "SCV" : "ຄ່າບໍລິການ ໃບອະນຸຍາດເຕັກນິກ",
        "VAT" : "ຄ່າອາກອນມູນຄ່າເພີ່ມ",
        "EMT" : "ຄ່າບໍລິການ e-Meter",
        "PFD" : "ກອງທຶນທາງນ້ຳມັນ",
        "PRS" : "ຄັງແຮນ້ຳມັນ",
        "EXD" : "ພາສີ ຂາອອກ",
        "EXC" : "ອາກອນຊົມໃຊ້",
        "BT" : "ອາກອນກຳໄລ",
        "EDR" : "ຄ່າພາສີສິນຄ້າປະເພດແຮ່ທາດສົ່ງອອກ",
        "TBC" : "ກອງທຶນຢາສູບ",
        "SCFI" : "ຄ່າທໍານຽມ ອອກໃບອະນຸຍາດນໍາເຂົ້າອາຫານ",
        "SCF" : "ຄ່າບໍລິການ scanner",
        "SCI" : "ຄ່າບໍລິການ ໃບອະນຸຍາດນໍາເຂົ້າ",
        "ITF" : "ສິນຄ້າຜ່ານແດນສາກົນ",
        "paymentDate" : "ວັນທີ ແລະ ເວລາຊຳລະ",
        "VT" : "ຄ່າທໍານຽມ ໃບອະນຸຍາດເຕັກນິກ",
        "receiptNumber" : "ເລກທີໃບແຈ້ງ"
      }
    }, {
      "data" : {
        "AFE" : 100000.0,
        "PSC" : 0.0,
        "STA" : 157200.0,
        "CD" : 0.0,
        "STD" : 0.0,
        "LNSW" : 311370.0,
        "SCV" : 0.0,
        "VAT" : 0.0,
        "EMT" : 0.0,
        "PFD" : 0.0,
        "PRS" : 0.0,
        "EXD" : 0.0,
        "EXC" : 0.0,
        "BT" : 0.0,
        "EDR" : 0.0,
        "TBC" : 0.0,
        "SCFI" : 0.0,
        "SCF" : 350000.0,
        "SCI" : 0.0,
        "ITF" : 0.0,
        "paymentDate" : "03/07/2023 17:42:53",
        "VT" : 0.0,
        "receiptNumber" : "IM:230703000491 FT231841B2WD"
      },
      "header" : {
        "AFE" : "ຄ່າບໍລິການດຳເນີນໃບແຈ້ງພາສີ",
        "PSC" : "ຄ່າບໍລິການນໍາເຂົ້ານໍ້າມັນເຊື້ອໄຟ",
        "STA" : "ຄ່າບໍລິການຂໍ້ມູນສະຖິຕິ",
        "CD" : "ພາສີ ຂາເຂົ້າ",
        "STD" : "ອາກອນມູນຄ່າເພີ່ມ",
        "LNSW" : "ຄ່າທໍານຽມ LNSW",
        "SCV" : "ຄ່າບໍລິການ ໃບອະນຸຍາດເຕັກນິກ",
        "VAT" : "ຄ່າອາກອນມູນຄ່າເພີ່ມ",
        "EMT" : "ຄ່າບໍລິການ e-Meter",
        "PFD" : "ກອງທຶນທາງນ້ຳມັນ",
        "PRS" : "ຄັງແຮນ້ຳມັນ",
        "EXD" : "ພາສີ ຂາອອກ",
        "EXC" : "ອາກອນຊົມໃຊ້",
        "BT" : "ອາກອນກຳໄລ",
        "EDR" : "ຄ່າພາສີສິນຄ້າປະເພດແຮ່ທາດສົ່ງອອກ",
        "TBC" : "ກອງທຶນຢາສູບ",
        "SCFI" : "ຄ່າທໍານຽມ ອອກໃບອະນຸຍາດນໍາເຂົ້າອາຫານ",
        "SCF" : "ຄ່າບໍລິການ scanner",
        "SCI" : "ຄ່າບໍລິການ ໃບອະນຸຍາດນໍາເຂົ້າ",
        "ITF" : "ສິນຄ້າຜ່ານແດນສາກົນ",
        "paymentDate" : "ວັນທີ ແລະ ເວລາຊຳລະ",
        "VT" : "ຄ່າທໍານຽມ ໃບອະນຸຍາດເຕັກນິກ",
        "receiptNumber" : "ເລກທີໃບແຈ້ງ"
      }
    }, {
      "data" : {
        "AFE" : 100000.0,
        "PSC" : 0.0,
        "STA" : 159800.0,
        "CD" : 5958100.0,
        "STD" : 1.47164E7,
        "LNSW" : 311370.0,
        "SCV" : 0.0,
        "VAT" : 8758300.0,
        "EMT" : 0.0,
        "PFD" : 0.0,
        "PRS" : 0.0,
        "EXD" : 0.0,
        "EXC" : 0.0,
        "BT" : 0.0,
        "EDR" : 0.0,
        "TBC" : 0.0,
        "SCFI" : 0.0,
        "SCF" : 0.0,
        "SCI" : 0.0,
        "ITF" : 0.0,
        "paymentDate" : "03/07/2023 15:43:33",
        "VT" : 0.0,
        "receiptNumber" : "IM:230703000406 FT23184F0TNG"
      },
      "header" : {
        "AFE" : "ຄ່າບໍລິການດຳເນີນໃບແຈ້ງພາສີ",
        "PSC" : "ຄ່າບໍລິການນໍາເຂົ້ານໍ້າມັນເຊື້ອໄຟ",
        "STA" : "ຄ່າບໍລິການຂໍ້ມູນສະຖິຕິ",
        "CD" : "ພາສີ ຂາເຂົ້າ",
        "STD" : "ອາກອນມູນຄ່າເພີ່ມ",
        "LNSW" : "ຄ່າທໍານຽມ LNSW",
        "SCV" : "ຄ່າບໍລິການ ໃບອະນຸຍາດເຕັກນິກ",
        "VAT" : "ຄ່າອາກອນມູນຄ່າເພີ່ມ",
        "EMT" : "ຄ່າບໍລິການ e-Meter",
        "PFD" : "ກອງທຶນທາງນ້ຳມັນ",
        "PRS" : "ຄັງແຮນ້ຳມັນ",
        "EXD" : "ພາສີ ຂາອອກ",
        "EXC" : "ອາກອນຊົມໃຊ້",
        "BT" : "ອາກອນກຳໄລ",
        "EDR" : "ຄ່າພາສີສິນຄ້າປະເພດແຮ່ທາດສົ່ງອອກ",
        "TBC" : "ກອງທຶນຢາສູບ",
        "SCFI" : "ຄ່າທໍານຽມ ອອກໃບອະນຸຍາດນໍາເຂົ້າອາຫານ",
        "SCF" : "ຄ່າບໍລິການ scanner",
        "SCI" : "ຄ່າບໍລິການ ໃບອະນຸຍາດນໍາເຂົ້າ",
        "ITF" : "ສິນຄ້າຜ່ານແດນສາກົນ",
        "paymentDate" : "ວັນທີ ແລະ ເວລາຊຳລະ",
        "VT" : "ຄ່າທໍານຽມ ໃບອະນຸຍາດເຕັກນິກ",
        "receiptNumber" : "ເລກທີໃບແຈ້ງ"
      }
    }, {
      "data" : {
        "AFE" : 100000.0,
        "PSC" : 0.0,
        "STA" : 75600.0,
        "CD" : 0.0,
        "STD" : 3.01473E7,
        "LNSW" : 311370.0,
        "SCV" : 0.0,
        "VAT" : 3.01473E7,
        "EMT" : 0.0,
        "PFD" : 0.0,
        "PRS" : 0.0,
        "EXD" : 0.0,
        "EXC" : 0.0,
        "BT" : 0.0,
        "EDR" : 0.0,
        "TBC" : 0.0,
        "SCFI" : 0.0,
        "SCF" : 0.0,
        "SCI" : 0.0,
        "ITF" : 0.0,
        "paymentDate" : "03/07/2023 19:37:33",
        "VT" : 0.0,
        "receiptNumber" : "IM:230701000138 FT23184S6MV6"
      },
      "header" : {
        "AFE" : "ຄ່າບໍລິການດຳເນີນໃບແຈ້ງພາສີ",
        "PSC" : "ຄ່າບໍລິການນໍາເຂົ້ານໍ້າມັນເຊື້ອໄຟ",
        "STA" : "ຄ່າບໍລິການຂໍ້ມູນສະຖິຕິ",
        "CD" : "ພາສີ ຂາເຂົ້າ",
        "STD" : "ອາກອນມູນຄ່າເພີ່ມ",
        "LNSW" : "ຄ່າທໍານຽມ LNSW",
        "SCV" : "ຄ່າບໍລິການ ໃບອະນຸຍາດເຕັກນິກ",
        "VAT" : "ຄ່າອາກອນມູນຄ່າເພີ່ມ",
        "EMT" : "ຄ່າບໍລິການ e-Meter",
        "PFD" : "ກອງທຶນທາງນ້ຳມັນ",
        "PRS" : "ຄັງແຮນ້ຳມັນ",
        "EXD" : "ພາສີ ຂາອອກ",
        "EXC" : "ອາກອນຊົມໃຊ້",
        "BT" : "ອາກອນກຳໄລ",
        "EDR" : "ຄ່າພາສີສິນຄ້າປະເພດແຮ່ທາດສົ່ງອອກ",
        "TBC" : "ກອງທຶນຢາສູບ",
        "SCFI" : "ຄ່າທໍານຽມ ອອກໃບອະນຸຍາດນໍາເຂົ້າອາຫານ",
        "SCF" : "ຄ່າບໍລິການ scanner",
        "SCI" : "ຄ່າບໍລິການ ໃບອະນຸຍາດນໍາເຂົ້າ",
        "ITF" : "ສິນຄ້າຜ່ານແດນສາກົນ",
        "paymentDate" : "ວັນທີ ແລະ ເວລາຊຳລະ",
        "VT" : "ຄ່າທໍານຽມ ໃບອະນຸຍາດເຕັກນິກ",
        "receiptNumber" : "ເລກທີໃບແຈ້ງ"
      }
    }, {
      "data" : {
        "AFE" : 100000.0,
        "PSC" : 0.0,
        "STA" : 40000.0,
        "CD" : 0.0,
        "STD" : 1.47622E7,
        "LNSW" : 311370.0,
        "SCV" : 0.0,
        "VAT" : 1.47622E7,
        "EMT" : 0.0,
        "PFD" : 0.0,
        "PRS" : 0.0,
        "EXD" : 0.0,
        "EXC" : 0.0,
        "BT" : 0.0,
        "EDR" : 0.0,
        "TBC" : 0.0,
        "SCFI" : 0.0,
        "SCF" : 0.0,
        "SCI" : 0.0,
        "ITF" : 0.0,
        "paymentDate" : "03/07/2023 17:08:03",
        "VT" : 0.0,
        "receiptNumber" : "IM:230703000495 FT23184QJKSL"
      },
      "header" : {
        "AFE" : "ຄ່າບໍລິການດຳເນີນໃບແຈ້ງພາສີ",
        "PSC" : "ຄ່າບໍລິການນໍາເຂົ້ານໍ້າມັນເຊື້ອໄຟ",
        "STA" : "ຄ່າບໍລິການຂໍ້ມູນສະຖິຕິ",
        "CD" : "ພາສີ ຂາເຂົ້າ",
        "STD" : "ອາກອນມູນຄ່າເພີ່ມ",
        "LNSW" : "ຄ່າທໍານຽມ LNSW",
        "SCV" : "ຄ່າບໍລິການ ໃບອະນຸຍາດເຕັກນິກ",
        "VAT" : "ຄ່າອາກອນມູນຄ່າເພີ່ມ",
        "EMT" : "ຄ່າບໍລິການ e-Meter",
        "PFD" : "ກອງທຶນທາງນ້ຳມັນ",
        "PRS" : "ຄັງແຮນ້ຳມັນ",
        "EXD" : "ພາສີ ຂາອອກ",
        "EXC" : "ອາກອນຊົມໃຊ້",
        "BT" : "ອາກອນກຳໄລ",
        "EDR" : "ຄ່າພາສີສິນຄ້າປະເພດແຮ່ທາດສົ່ງອອກ",
        "TBC" : "ກອງທຶນຢາສູບ",
        "SCFI" : "ຄ່າທໍານຽມ ອອກໃບອະນຸຍາດນໍາເຂົ້າອາຫານ",
        "SCF" : "ຄ່າບໍລິການ scanner",
        "SCI" : "ຄ່າບໍລິການ ໃບອະນຸຍາດນໍາເຂົ້າ",
        "ITF" : "ສິນຄ້າຜ່ານແດນສາກົນ",
        "paymentDate" : "ວັນທີ ແລະ ເວລາຊຳລະ",
        "VT" : "ຄ່າທໍານຽມ ໃບອະນຸຍາດເຕັກນິກ",
        "receiptNumber" : "ເລກທີໃບແຈ້ງ"
      }
    }, {
      "data" : {
        "AFE" : 100000.0,
        "PSC" : 0.0,
        "STA" : 0.0,
        "CD" : 2.860921E8,
        "STD" : 7.879081E8,
        "LNSW" : 311370.0,
        "SCV" : 0.0,
        "VAT" : 2.389478E8,
        "EMT" : 0.0,
        "PFD" : 1.2168E8,
        "PRS" : 1.632E8,
        "EXD" : 0.0,
        "EXC" : 2.628682E8,
        "BT" : 0.0,
        "EDR" : 0.0,
        "TBC" : 0.0,
        "SCFI" : 0.0,
        "SCF" : 0.0,
        "SCI" : 0.0,
        "ITF" : 0.0,
        "paymentDate" : "03/07/2023 13:28:13",
        "VT" : 0.0,
        "receiptNumber" : "IM:230703000195 FT231840K3P8"
      },
      "header" : {
        "AFE" : "ຄ່າບໍລິການດຳເນີນໃບແຈ້ງພາສີ",
        "PSC" : "ຄ່າບໍລິການນໍາເຂົ້ານໍ້າມັນເຊື້ອໄຟ",
        "STA" : "ຄ່າບໍລິການຂໍ້ມູນສະຖິຕິ",
        "CD" : "ພາສີ ຂາເຂົ້າ",
        "STD" : "ອາກອນມູນຄ່າເພີ່ມ",
        "LNSW" : "ຄ່າທໍານຽມ LNSW",
        "SCV" : "ຄ່າບໍລິການ ໃບອະນຸຍາດເຕັກນິກ",
        "VAT" : "ຄ່າອາກອນມູນຄ່າເພີ່ມ",
        "EMT" : "ຄ່າບໍລິການ e-Meter",
        "PFD" : "ກອງທຶນທາງນ້ຳມັນ",
        "PRS" : "ຄັງແຮນ້ຳມັນ",
        "EXD" : "ພາສີ ຂາອອກ",
        "EXC" : "ອາກອນຊົມໃຊ້",
        "BT" : "ອາກອນກຳໄລ",
        "EDR" : "ຄ່າພາສີສິນຄ້າປະເພດແຮ່ທາດສົ່ງອອກ",
        "TBC" : "ກອງທຶນຢາສູບ",
        "SCFI" : "ຄ່າທໍານຽມ ອອກໃບອະນຸຍາດນໍາເຂົ້າອາຫານ",
        "SCF" : "ຄ່າບໍລິການ scanner",
        "SCI" : "ຄ່າບໍລິການ ໃບອະນຸຍາດນໍາເຂົ້າ",
        "ITF" : "ສິນຄ້າຜ່ານແດນສາກົນ",
        "paymentDate" : "ວັນທີ ແລະ ເວລາຊຳລະ",
        "VT" : "ຄ່າທໍານຽມ ໃບອະນຸຍາດເຕັກນິກ",
        "receiptNumber" : "ເລກທີໃບແຈ້ງ"
      }
    }, {
      "data" : {
        "AFE" : 100000.0,
        "PSC" : 0.0,
        "STA" : 14200.0,
        "CD" : 9475100.0,
        "STD" : 1.50132E7,
        "LNSW" : 311370.0,
        "SCV" : 0.0,
        "VAT" : 5270300.0,
        "EMT" : 0.0,
        "PFD" : 0.0,
        "PRS" : 0.0,
        "EXD" : 0.0,
        "EXC" : 267800.0,
        "BT" : 0.0,
        "EDR" : 0.0,
        "TBC" : 0.0,
        "SCFI" : 0.0,
        "SCF" : 0.0,
        "SCI" : 0.0,
        "ITF" : 0.0,
        "paymentDate" : "03/07/2023 16:14:32",
        "VT" : 0.0,
        "receiptNumber" : "IM:230703000457 FT23184NMCPF"
      },
      "header" : {
        "AFE" : "ຄ່າບໍລິການດຳເນີນໃບແຈ້ງພາສີ",
        "PSC" : "ຄ່າບໍລິການນໍາເຂົ້ານໍ້າມັນເຊື້ອໄຟ",
        "STA" : "ຄ່າບໍລິການຂໍ້ມູນສະຖິຕິ",
        "CD" : "ພາສີ ຂາເຂົ້າ",
        "STD" : "ອາກອນມູນຄ່າເພີ່ມ",
        "LNSW" : "ຄ່າທໍານຽມ LNSW",
        "SCV" : "ຄ່າບໍລິການ ໃບອະນຸຍາດເຕັກນິກ",
        "VAT" : "ຄ່າອາກອນມູນຄ່າເພີ່ມ",
        "EMT" : "ຄ່າບໍລິການ e-Meter",
        "PFD" : "ກອງທຶນທາງນ້ຳມັນ",
        "PRS" : "ຄັງແຮນ້ຳມັນ",
        "EXD" : "ພາສີ ຂາອອກ",
        "EXC" : "ອາກອນຊົມໃຊ້",
        "BT" : "ອາກອນກຳໄລ",
        "EDR" : "ຄ່າພາສີສິນຄ້າປະເພດແຮ່ທາດສົ່ງອອກ",
        "TBC" : "ກອງທຶນຢາສູບ",
        "SCFI" : "ຄ່າທໍານຽມ ອອກໃບອະນຸຍາດນໍາເຂົ້າອາຫານ",
        "SCF" : "ຄ່າບໍລິການ scanner",
        "SCI" : "ຄ່າບໍລິການ ໃບອະນຸຍາດນໍາເຂົ້າ",
        "ITF" : "ສິນຄ້າຜ່ານແດນສາກົນ",
        "paymentDate" : "ວັນທີ ແລະ ເວລາຊຳລະ",
        "VT" : "ຄ່າທໍານຽມ ໃບອະນຸຍາດເຕັກນິກ",
        "receiptNumber" : "ເລກທີໃບແຈ້ງ"
      }
    }, {
      "data" : {
        "AFE" : 100000.0,
        "PSC" : 0.0,
        "STA" : 0.0,
        "CD" : 5.29034E7,
        "STD" : 1.306713E8,
        "LNSW" : 311370.0,
        "SCV" : 0.0,
        "VAT" : 7.77679E7,
        "EMT" : 0.0,
        "PFD" : 4.368E7,
        "PRS" : 6.72E7,
        "EXD" : 0.0,
        "EXC" : 0.0,
        "BT" : 0.0,
        "EDR" : 0.0,
        "TBC" : 0.0,
        "SCFI" : 0.0,
        "SCF" : 0.0,
        "SCI" : 0.0,
        "ITF" : 0.0,
        "paymentDate" : "03/07/2023 10:39:53",
        "VT" : 0.0,
        "receiptNumber" : "IM:230703000037 FT23184ZWHMK"
      },
      "header" : {
        "AFE" : "ຄ່າບໍລິການດຳເນີນໃບແຈ້ງພາສີ",
        "PSC" : "ຄ່າບໍລິການນໍາເຂົ້ານໍ້າມັນເຊື້ອໄຟ",
        "STA" : "ຄ່າບໍລິການຂໍ້ມູນສະຖິຕິ",
        "CD" : "ພາສີ ຂາເຂົ້າ",
        "STD" : "ອາກອນມູນຄ່າເພີ່ມ",
        "LNSW" : "ຄ່າທໍານຽມ LNSW",
        "SCV" : "ຄ່າບໍລິການ ໃບອະນຸຍາດເຕັກນິກ",
        "VAT" : "ຄ່າອາກອນມູນຄ່າເພີ່ມ",
        "EMT" : "ຄ່າບໍລິການ e-Meter",
        "PFD" : "ກອງທຶນທາງນ້ຳມັນ",
        "PRS" : "ຄັງແຮນ້ຳມັນ",
        "EXD" : "ພາສີ ຂາອອກ",
        "EXC" : "ອາກອນຊົມໃຊ້",
        "BT" : "ອາກອນກຳໄລ",
        "EDR" : "ຄ່າພາສີສິນຄ້າປະເພດແຮ່ທາດສົ່ງອອກ",
        "TBC" : "ກອງທຶນຢາສູບ",
        "SCFI" : "ຄ່າທໍານຽມ ອອກໃບອະນຸຍາດນໍາເຂົ້າອາຫານ",
        "SCF" : "ຄ່າບໍລິການ scanner",
        "SCI" : "ຄ່າບໍລິການ ໃບອະນຸຍາດນໍາເຂົ້າ",
        "ITF" : "ສິນຄ້າຜ່ານແດນສາກົນ",
        "paymentDate" : "ວັນທີ ແລະ ເວລາຊຳລະ",
        "VT" : "ຄ່າທໍານຽມ ໃບອະນຸຍາດເຕັກນິກ",
        "receiptNumber" : "ເລກທີໃບແຈ້ງ"
      }
    }, {
      "data" : {
        "AFE" : 100000.0,
        "PSC" : 0.0,
        "STA" : 40000.0,
        "CD" : 0.0,
        "STD" : 1.39065E7,
        "LNSW" : 311370.0,
        "SCV" : 0.0,
        "VAT" : 1.39065E7,
        "EMT" : 0.0,
        "PFD" : 0.0,
        "PRS" : 0.0,
        "EXD" : 0.0,
        "EXC" : 0.0,
        "BT" : 0.0,
        "EDR" : 0.0,
        "TBC" : 0.0,
        "SCFI" : 0.0,
        "SCF" : 0.0,
        "SCI" : 0.0,
        "ITF" : 0.0,
        "paymentDate" : "03/07/2023 16:13:13",
        "VT" : 0.0,
        "receiptNumber" : "IM:230703000453 FT23184WFP9Z"
      },
      "header" : {
        "AFE" : "ຄ່າບໍລິການດຳເນີນໃບແຈ້ງພາສີ",
        "PSC" : "ຄ່າບໍລິການນໍາເຂົ້ານໍ້າມັນເຊື້ອໄຟ",
        "STA" : "ຄ່າບໍລິການຂໍ້ມູນສະຖິຕິ",
        "CD" : "ພາສີ ຂາເຂົ້າ",
        "STD" : "ອາກອນມູນຄ່າເພີ່ມ",
        "LNSW" : "ຄ່າທໍານຽມ LNSW",
        "SCV" : "ຄ່າບໍລິການ ໃບອະນຸຍາດເຕັກນິກ",
        "VAT" : "ຄ່າອາກອນມູນຄ່າເພີ່ມ",
        "EMT" : "ຄ່າບໍລິການ e-Meter",
        "PFD" : "ກອງທຶນທາງນ້ຳມັນ",
        "PRS" : "ຄັງແຮນ້ຳມັນ",
        "EXD" : "ພາສີ ຂາອອກ",
        "EXC" : "ອາກອນຊົມໃຊ້",
        "BT" : "ອາກອນກຳໄລ",
        "EDR" : "ຄ່າພາສີສິນຄ້າປະເພດແຮ່ທາດສົ່ງອອກ",
        "TBC" : "ກອງທຶນຢາສູບ",
        "SCFI" : "ຄ່າທໍານຽມ ອອກໃບອະນຸຍາດນໍາເຂົ້າອາຫານ",
        "SCF" : "ຄ່າບໍລິການ scanner",
        "SCI" : "ຄ່າບໍລິການ ໃບອະນຸຍາດນໍາເຂົ້າ",
        "ITF" : "ສິນຄ້າຜ່ານແດນສາກົນ",
        "paymentDate" : "ວັນທີ ແລະ ເວລາຊຳລະ",
        "VT" : "ຄ່າທໍານຽມ ໃບອະນຸຍາດເຕັກນິກ",
        "receiptNumber" : "ເລກທີໃບແຈ້ງ"
      }
    }, {
      "data" : {
        "AFE" : 100000.0,
        "PSC" : 0.0,
        "STA" : 138800.0,
        "CD" : 0.0,
        "STD" : 7.75572E7,
        "LNSW" : 311370.0,
        "SCV" : 0.0,
        "VAT" : 4.67129E7,
        "EMT" : 0.0,
        "PFD" : 0.0,
        "PRS" : 0.0,
        "EXD" : 0.0,
        "EXC" : 3.08443E7,
        "BT" : 0.0,
        "EDR" : 0.0,
        "TBC" : 0.0,
        "SCFI" : 0.0,
        "SCF" : 0.0,
        "SCI" : 0.0,
        "ITF" : 0.0,
        "paymentDate" : "03/07/2023 10:19:23",
        "VT" : 0.0,
        "receiptNumber" : "IM:230703000054 FT23184WLTDS"
      },
      "header" : {
        "AFE" : "ຄ່າບໍລິການດຳເນີນໃບແຈ້ງພາສີ",
        "PSC" : "ຄ່າບໍລິການນໍາເຂົ້ານໍ້າມັນເຊື້ອໄຟ",
        "STA" : "ຄ່າບໍລິການຂໍ້ມູນສະຖິຕິ",
        "CD" : "ພາສີ ຂາເຂົ້າ",
        "STD" : "ອາກອນມູນຄ່າເພີ່ມ",
        "LNSW" : "ຄ່າທໍານຽມ LNSW",
        "SCV" : "ຄ່າບໍລິການ ໃບອະນຸຍາດເຕັກນິກ",
        "VAT" : "ຄ່າອາກອນມູນຄ່າເພີ່ມ",
        "EMT" : "ຄ່າບໍລິການ e-Meter",
        "PFD" : "ກອງທຶນທາງນ້ຳມັນ",
        "PRS" : "ຄັງແຮນ້ຳມັນ",
        "EXD" : "ພາສີ ຂາອອກ",
        "EXC" : "ອາກອນຊົມໃຊ້",
        "BT" : "ອາກອນກຳໄລ",
        "EDR" : "ຄ່າພາສີສິນຄ້າປະເພດແຮ່ທາດສົ່ງອອກ",
        "TBC" : "ກອງທຶນຢາສູບ",
        "SCFI" : "ຄ່າທໍານຽມ ອອກໃບອະນຸຍາດນໍາເຂົ້າອາຫານ",
        "SCF" : "ຄ່າບໍລິການ scanner",
        "SCI" : "ຄ່າບໍລິການ ໃບອະນຸຍາດນໍາເຂົ້າ",
        "ITF" : "ສິນຄ້າຜ່ານແດນສາກົນ",
        "paymentDate" : "ວັນທີ ແລະ ເວລາຊຳລະ",
        "VT" : "ຄ່າທໍານຽມ ໃບອະນຸຍາດເຕັກນິກ",
        "receiptNumber" : "ເລກທີໃບແຈ້ງ"
      }
    }, {
      "data" : {
        "AFE" : 100000.0,
        "PSC" : 0.0,
        "STA" : 71600.0,
        "CD" : 0.0,
        "STD" : 1.09247E7,
        "LNSW" : 311370.0,
        "SCV" : 0.0,
        "VAT" : 1.09247E7,
        "EMT" : 0.0,
        "PFD" : 0.0,
        "PRS" : 0.0,
        "EXD" : 0.0,
        "EXC" : 0.0,
        "BT" : 0.0,
        "EDR" : 0.0,
        "TBC" : 0.0,
        "SCFI" : 0.0,
        "SCF" : 0.0,
        "SCI" : 0.0,
        "ITF" : 0.0,
        "paymentDate" : "03/07/2023 11:24:43",
        "VT" : 0.0,
        "receiptNumber" : "IM:230703000153 FT23184N2ZKV"
      },
      "header" : {
        "AFE" : "ຄ່າບໍລິການດຳເນີນໃບແຈ້ງພາສີ",
        "PSC" : "ຄ່າບໍລິການນໍາເຂົ້ານໍ້າມັນເຊື້ອໄຟ",
        "STA" : "ຄ່າບໍລິການຂໍ້ມູນສະຖິຕິ",
        "CD" : "ພາສີ ຂາເຂົ້າ",
        "STD" : "ອາກອນມູນຄ່າເພີ່ມ",
        "LNSW" : "ຄ່າທໍານຽມ LNSW",
        "SCV" : "ຄ່າບໍລິການ ໃບອະນຸຍາດເຕັກນິກ",
        "VAT" : "ຄ່າອາກອນມູນຄ່າເພີ່ມ",
        "EMT" : "ຄ່າບໍລິການ e-Meter",
        "PFD" : "ກອງທຶນທາງນ້ຳມັນ",
        "PRS" : "ຄັງແຮນ້ຳມັນ",
        "EXD" : "ພາສີ ຂາອອກ",
        "EXC" : "ອາກອນຊົມໃຊ້",
        "BT" : "ອາກອນກຳໄລ",
        "EDR" : "ຄ່າພາສີສິນຄ້າປະເພດແຮ່ທາດສົ່ງອອກ",
        "TBC" : "ກອງທຶນຢາສູບ",
        "SCFI" : "ຄ່າທໍານຽມ ອອກໃບອະນຸຍາດນໍາເຂົ້າອາຫານ",
        "SCF" : "ຄ່າບໍລິການ scanner",
        "SCI" : "ຄ່າບໍລິການ ໃບອະນຸຍາດນໍາເຂົ້າ",
        "ITF" : "ສິນຄ້າຜ່ານແດນສາກົນ",
        "paymentDate" : "ວັນທີ ແລະ ເວລາຊຳລະ",
        "VT" : "ຄ່າທໍານຽມ ໃບອະນຸຍາດເຕັກນິກ",
        "receiptNumber" : "ເລກທີໃບແຈ້ງ"
      }
    }, {
      "data" : {
        "AFE" : 100000.0,
        "PSC" : 0.0,
        "STA" : 31600.0,
        "CD" : 7281200.0,
        "STD" : 1.36133E7,
        "LNSW" : 311370.0,
        "SCV" : 0.0,
        "VAT" : 5795000.0,
        "EMT" : 0.0,
        "PFD" : 0.0,
        "PRS" : 0.0,
        "EXD" : 0.0,
        "EXC" : 537100.0,
        "BT" : 0.0,
        "EDR" : 0.0,
        "TBC" : 0.0,
        "SCFI" : 0.0,
        "SCF" : 0.0,
        "SCI" : 0.0,
        "ITF" : 0.0,
        "paymentDate" : "03/07/2023 15:44:13",
        "VT" : 0.0,
        "receiptNumber" : "IM:230703000424 FT23184HN3DT"
      },
      "header" : {
        "AFE" : "ຄ່າບໍລິການດຳເນີນໃບແຈ້ງພາສີ",
        "PSC" : "ຄ່າບໍລິການນໍາເຂົ້ານໍ້າມັນເຊື້ອໄຟ",
        "STA" : "ຄ່າບໍລິການຂໍ້ມູນສະຖິຕິ",
        "CD" : "ພາສີ ຂາເຂົ້າ",
        "STD" : "ອາກອນມູນຄ່າເພີ່ມ",
        "LNSW" : "ຄ່າທໍານຽມ LNSW",
        "SCV" : "ຄ່າບໍລິການ ໃບອະນຸຍາດເຕັກນິກ",
        "VAT" : "ຄ່າອາກອນມູນຄ່າເພີ່ມ",
        "EMT" : "ຄ່າບໍລິການ e-Meter",
        "PFD" : "ກອງທຶນທາງນ້ຳມັນ",
        "PRS" : "ຄັງແຮນ້ຳມັນ",
        "EXD" : "ພາສີ ຂາອອກ",
        "EXC" : "ອາກອນຊົມໃຊ້",
        "BT" : "ອາກອນກຳໄລ",
        "EDR" : "ຄ່າພາສີສິນຄ້າປະເພດແຮ່ທາດສົ່ງອອກ",
        "TBC" : "ກອງທຶນຢາສູບ",
        "SCFI" : "ຄ່າທໍານຽມ ອອກໃບອະນຸຍາດນໍາເຂົ້າອາຫານ",
        "SCF" : "ຄ່າບໍລິການ scanner",
        "SCI" : "ຄ່າບໍລິການ ໃບອະນຸຍາດນໍາເຂົ້າ",
        "ITF" : "ສິນຄ້າຜ່ານແດນສາກົນ",
        "paymentDate" : "ວັນທີ ແລະ ເວລາຊຳລະ",
        "VT" : "ຄ່າທໍານຽມ ໃບອະນຸຍາດເຕັກນິກ",
        "receiptNumber" : "ເລກທີໃບແຈ້ງ"
      }
    }, {
      "data" : {
        "AFE" : 100000.0,
        "PSC" : 0.0,
        "STA" : 0.0,
        "CD" : 350000.0,
        "STD" : 350000.0,
        "LNSW" : 311370.0,
        "SCV" : 0.0,
        "VAT" : 0.0,
        "EMT" : 0.0,
        "PFD" : 0.0,
        "PRS" : 0.0,
        "EXD" : 0.0,
        "EXC" : 0.0,
        "BT" : 0.0,
        "EDR" : 0.0,
        "TBC" : 0.0,
        "SCFI" : 0.0,
        "SCF" : 0.0,
        "SCI" : 0.0,
        "ITF" : 225000.0,
        "paymentDate" : "03/07/2023 13:59:53",
        "VT" : 0.0,
        "receiptNumber" : "IM:230703000291 FT23184ZPH5D"
      },
      "header" : {
        "AFE" : "ຄ່າບໍລິການດຳເນີນໃບແຈ້ງພາສີ",
        "PSC" : "ຄ່າບໍລິການນໍາເຂົ້ານໍ້າມັນເຊື້ອໄຟ",
        "STA" : "ຄ່າບໍລິການຂໍ້ມູນສະຖິຕິ",
        "CD" : "ພາສີ ຂາເຂົ້າ",
        "STD" : "ອາກອນມູນຄ່າເພີ່ມ",
        "LNSW" : "ຄ່າທໍານຽມ LNSW",
        "SCV" : "ຄ່າບໍລິການ ໃບອະນຸຍາດເຕັກນິກ",
        "VAT" : "ຄ່າອາກອນມູນຄ່າເພີ່ມ",
        "EMT" : "ຄ່າບໍລິການ e-Meter",
        "PFD" : "ກອງທຶນທາງນ້ຳມັນ",
        "PRS" : "ຄັງແຮນ້ຳມັນ",
        "EXD" : "ພາສີ ຂາອອກ",
        "EXC" : "ອາກອນຊົມໃຊ້",
        "BT" : "ອາກອນກຳໄລ",
        "EDR" : "ຄ່າພາສີສິນຄ້າປະເພດແຮ່ທາດສົ່ງອອກ",
        "TBC" : "ກອງທຶນຢາສູບ",
        "SCFI" : "ຄ່າທໍານຽມ ອອກໃບອະນຸຍາດນໍາເຂົ້າອາຫານ",
        "SCF" : "ຄ່າບໍລິການ scanner",
        "SCI" : "ຄ່າບໍລິການ ໃບອະນຸຍາດນໍາເຂົ້າ",
        "ITF" : "ສິນຄ້າຜ່ານແດນສາກົນ",
        "paymentDate" : "ວັນທີ ແລະ ເວລາຊຳລະ",
        "VT" : "ຄ່າທໍານຽມ ໃບອະນຸຍາດເຕັກນິກ",
        "receiptNumber" : "ເລກທີໃບແຈ້ງ"
      }
    }, {
      "data" : {
        "AFE" : 100000.0,
        "PSC" : 0.0,
        "STA" : 330000.0,
        "CD" : 0.0,
        "STD" : 0.0,
        "LNSW" : 311370.0,
        "SCV" : 0.0,
        "VAT" : 0.0,
        "EMT" : 0.0,
        "PFD" : 0.0,
        "PRS" : 0.0,
        "EXD" : 0.0,
        "EXC" : 0.0,
        "BT" : 0.0,
        "EDR" : 0.0,
        "TBC" : 0.0,
        "SCFI" : 0.0,
        "SCF" : 0.0,
        "SCI" : 0.0,
        "ITF" : 0.0,
        "paymentDate" : "03/07/2023 11:44:43",
        "VT" : 0.0,
        "receiptNumber" : "IM:230703000190 FT231841WFLF"
      },
      "header" : {
        "AFE" : "ຄ່າບໍລິການດຳເນີນໃບແຈ້ງພາສີ",
        "PSC" : "ຄ່າບໍລິການນໍາເຂົ້ານໍ້າມັນເຊື້ອໄຟ",
        "STA" : "ຄ່າບໍລິການຂໍ້ມູນສະຖິຕິ",
        "CD" : "ພາສີ ຂາເຂົ້າ",
        "STD" : "ອາກອນມູນຄ່າເພີ່ມ",
        "LNSW" : "ຄ່າທໍານຽມ LNSW",
        "SCV" : "ຄ່າບໍລິການ ໃບອະນຸຍາດເຕັກນິກ",
        "VAT" : "ຄ່າອາກອນມູນຄ່າເພີ່ມ",
        "EMT" : "ຄ່າບໍລິການ e-Meter",
        "PFD" : "ກອງທຶນທາງນ້ຳມັນ",
        "PRS" : "ຄັງແຮນ້ຳມັນ",
        "EXD" : "ພາສີ ຂາອອກ",
        "EXC" : "ອາກອນຊົມໃຊ້",
        "BT" : "ອາກອນກຳໄລ",
        "EDR" : "ຄ່າພາສີສິນຄ້າປະເພດແຮ່ທາດສົ່ງອອກ",
        "TBC" : "ກອງທຶນຢາສູບ",
        "SCFI" : "ຄ່າທໍານຽມ ອອກໃບອະນຸຍາດນໍາເຂົ້າອາຫານ",
        "SCF" : "ຄ່າບໍລິການ scanner",
        "SCI" : "ຄ່າບໍລິການ ໃບອະນຸຍາດນໍາເຂົ້າ",
        "ITF" : "ສິນຄ້າຜ່ານແດນສາກົນ",
        "paymentDate" : "ວັນທີ ແລະ ເວລາຊຳລະ",
        "VT" : "ຄ່າທໍານຽມ ໃບອະນຸຍາດເຕັກນິກ",
        "receiptNumber" : "ເລກທີໃບແຈ້ງ"
      }
    }, {
      "data" : {
        "AFE" : 100000.0,
        "PSC" : 0.0,
        "STA" : 0.0,
        "CD" : 0.0,
        "STD" : 0.0,
        "LNSW" : 311370.0,
        "SCV" : 0.0,
        "VAT" : 0.0,
        "EMT" : 0.0,
        "PFD" : 0.0,
        "PRS" : 0.0,
        "EXD" : 0.0,
        "EXC" : 0.0,
        "BT" : 0.0,
        "EDR" : 0.0,
        "TBC" : 0.0,
        "SCFI" : 0.0,
        "SCF" : 0.0,
        "SCI" : 0.0,
        "ITF" : 0.0,
        "paymentDate" : "03/07/2023 10:36:53",
        "VT" : 0.0,
        "receiptNumber" : "IM:230703000074 FT2318497W75"
      },
      "header" : {
        "AFE" : "ຄ່າບໍລິການດຳເນີນໃບແຈ້ງພາສີ",
        "PSC" : "ຄ່າບໍລິການນໍາເຂົ້ານໍ້າມັນເຊື້ອໄຟ",
        "STA" : "ຄ່າບໍລິການຂໍ້ມູນສະຖິຕິ",
        "CD" : "ພາສີ ຂາເຂົ້າ",
        "STD" : "ອາກອນມູນຄ່າເພີ່ມ",
        "LNSW" : "ຄ່າທໍານຽມ LNSW",
        "SCV" : "ຄ່າບໍລິການ ໃບອະນຸຍາດເຕັກນິກ",
        "VAT" : "ຄ່າອາກອນມູນຄ່າເພີ່ມ",
        "EMT" : "ຄ່າບໍລິການ e-Meter",
        "PFD" : "ກອງທຶນທາງນ້ຳມັນ",
        "PRS" : "ຄັງແຮນ້ຳມັນ",
        "EXD" : "ພາສີ ຂາອອກ",
        "EXC" : "ອາກອນຊົມໃຊ້",
        "BT" : "ອາກອນກຳໄລ",
        "EDR" : "ຄ່າພາສີສິນຄ້າປະເພດແຮ່ທາດສົ່ງອອກ",
        "TBC" : "ກອງທຶນຢາສູບ",
        "SCFI" : "ຄ່າທໍານຽມ ອອກໃບອະນຸຍາດນໍາເຂົ້າອາຫານ",
        "SCF" : "ຄ່າບໍລິການ scanner",
        "SCI" : "ຄ່າບໍລິການ ໃບອະນຸຍາດນໍາເຂົ້າ",
        "ITF" : "ສິນຄ້າຜ່ານແດນສາກົນ",
        "paymentDate" : "ວັນທີ ແລະ ເວລາຊຳລະ",
        "VT" : "ຄ່າທໍານຽມ ໃບອະນຸຍາດເຕັກນິກ",
        "receiptNumber" : "ເລກທີໃບແຈ້ງ"
      }
    }, {
      "data" : {
        "AFE" : 100000.0,
        "PSC" : 0.0,
        "STA" : 40000.0,
        "CD" : 0.0,
        "STD" : 1.47622E7,
        "LNSW" : 311370.0,
        "SCV" : 0.0,
        "VAT" : 1.47622E7,
        "EMT" : 0.0,
        "PFD" : 0.0,
        "PRS" : 0.0,
        "EXD" : 0.0,
        "EXC" : 0.0,
        "BT" : 0.0,
        "EDR" : 0.0,
        "TBC" : 0.0,
        "SCFI" : 0.0,
        "SCF" : 0.0,
        "SCI" : 0.0,
        "ITF" : 0.0,
        "paymentDate" : "03/07/2023 17:07:12",
        "VT" : 0.0,
        "receiptNumber" : "IM:230703000494 FT23184QF6Y4"
      },
      "header" : {
        "AFE" : "ຄ່າບໍລິການດຳເນີນໃບແຈ້ງພາສີ",
        "PSC" : "ຄ່າບໍລິການນໍາເຂົ້ານໍ້າມັນເຊື້ອໄຟ",
        "STA" : "ຄ່າບໍລິການຂໍ້ມູນສະຖິຕິ",
        "CD" : "ພາສີ ຂາເຂົ້າ",
        "STD" : "ອາກອນມູນຄ່າເພີ່ມ",
        "LNSW" : "ຄ່າທໍານຽມ LNSW",
        "SCV" : "ຄ່າບໍລິການ ໃບອະນຸຍາດເຕັກນິກ",
        "VAT" : "ຄ່າອາກອນມູນຄ່າເພີ່ມ",
        "EMT" : "ຄ່າບໍລິການ e-Meter",
        "PFD" : "ກອງທຶນທາງນ້ຳມັນ",
        "PRS" : "ຄັງແຮນ້ຳມັນ",
        "EXD" : "ພາສີ ຂາອອກ",
        "EXC" : "ອາກອນຊົມໃຊ້",
        "BT" : "ອາກອນກຳໄລ",
        "EDR" : "ຄ່າພາສີສິນຄ້າປະເພດແຮ່ທາດສົ່ງອອກ",
        "TBC" : "ກອງທຶນຢາສູບ",
        "SCFI" : "ຄ່າທໍານຽມ ອອກໃບອະນຸຍາດນໍາເຂົ້າອາຫານ",
        "SCF" : "ຄ່າບໍລິການ scanner",
        "SCI" : "ຄ່າບໍລິການ ໃບອະນຸຍາດນໍາເຂົ້າ",
        "ITF" : "ສິນຄ້າຜ່ານແດນສາກົນ",
        "paymentDate" : "ວັນທີ ແລະ ເວລາຊຳລະ",
        "VT" : "ຄ່າທໍານຽມ ໃບອະນຸຍາດເຕັກນິກ",
        "receiptNumber" : "ເລກທີໃບແຈ້ງ"
      }
    }, {
      "data" : {
        "AFE" : 100000.0,
        "PSC" : 0.0,
        "STA" : 0.0,
        "CD" : 350000.0,
        "STD" : 350000.0,
        "LNSW" : 311370.0,
        "SCV" : 0.0,
        "VAT" : 0.0,
        "EMT" : 0.0,
        "PFD" : 0.0,
        "PRS" : 0.0,
        "EXD" : 0.0,
        "EXC" : 0.0,
        "BT" : 0.0,
        "EDR" : 0.0,
        "TBC" : 0.0,
        "SCFI" : 0.0,
        "SCF" : 0.0,
        "SCI" : 0.0,
        "ITF" : 0.0,
        "paymentDate" : "03/07/2023 16:37:53",
        "VT" : 0.0,
        "receiptNumber" : "IM:230703000483 FT231845XHVN"
      },
      "header" : {
        "AFE" : "ຄ່າບໍລິການດຳເນີນໃບແຈ້ງພາສີ",
        "PSC" : "ຄ່າບໍລິການນໍາເຂົ້ານໍ້າມັນເຊື້ອໄຟ",
        "STA" : "ຄ່າບໍລິການຂໍ້ມູນສະຖິຕິ",
        "CD" : "ພາສີ ຂາເຂົ້າ",
        "STD" : "ອາກອນມູນຄ່າເພີ່ມ",
        "LNSW" : "ຄ່າທໍານຽມ LNSW",
        "SCV" : "ຄ່າບໍລິການ ໃບອະນຸຍາດເຕັກນິກ",
        "VAT" : "ຄ່າອາກອນມູນຄ່າເພີ່ມ",
        "EMT" : "ຄ່າບໍລິການ e-Meter",
        "PFD" : "ກອງທຶນທາງນ້ຳມັນ",
        "PRS" : "ຄັງແຮນ້ຳມັນ",
        "EXD" : "ພາສີ ຂາອອກ",
        "EXC" : "ອາກອນຊົມໃຊ້",
        "BT" : "ອາກອນກຳໄລ",
        "EDR" : "ຄ່າພາສີສິນຄ້າປະເພດແຮ່ທາດສົ່ງອອກ",
        "TBC" : "ກອງທຶນຢາສູບ",
        "SCFI" : "ຄ່າທໍານຽມ ອອກໃບອະນຸຍາດນໍາເຂົ້າອາຫານ",
        "SCF" : "ຄ່າບໍລິການ scanner",
        "SCI" : "ຄ່າບໍລິການ ໃບອະນຸຍາດນໍາເຂົ້າ",
        "ITF" : "ສິນຄ້າຜ່ານແດນສາກົນ",
        "paymentDate" : "ວັນທີ ແລະ ເວລາຊຳລະ",
        "VT" : "ຄ່າທໍານຽມ ໃບອະນຸຍາດເຕັກນິກ",
        "receiptNumber" : "ເລກທີໃບແຈ້ງ"
      }
    }, {
      "data" : {
        "AFE" : 100000.0,
        "PSC" : 0.0,
        "STA" : 0.0,
        "CD" : 0.0,
        "STD" : 0.0,
        "LNSW" : 311370.0,
        "SCV" : 0.0,
        "VAT" : 0.0,
        "EMT" : 0.0,
        "PFD" : 0.0,
        "PRS" : 0.0,
        "EXD" : 0.0,
        "EXC" : 0.0,
        "BT" : 0.0,
        "EDR" : 0.0,
        "TBC" : 0.0,
        "SCFI" : 0.0,
        "SCF" : 0.0,
        "SCI" : 0.0,
        "ITF" : 0.0,
        "paymentDate" : "03/07/2023 09:18:03",
        "VT" : 0.0,
        "receiptNumber" : "IM:230703000004 FT231842T0PW"
      },
      "header" : {
        "AFE" : "ຄ່າບໍລິການດຳເນີນໃບແຈ້ງພາສີ",
        "PSC" : "ຄ່າບໍລິການນໍາເຂົ້ານໍ້າມັນເຊື້ອໄຟ",
        "STA" : "ຄ່າບໍລິການຂໍ້ມູນສະຖິຕິ",
        "CD" : "ພາສີ ຂາເຂົ້າ",
        "STD" : "ອາກອນມູນຄ່າເພີ່ມ",
        "LNSW" : "ຄ່າທໍານຽມ LNSW",
        "SCV" : "ຄ່າບໍລິການ ໃບອະນຸຍາດເຕັກນິກ",
        "VAT" : "ຄ່າອາກອນມູນຄ່າເພີ່ມ",
        "EMT" : "ຄ່າບໍລິການ e-Meter",
        "PFD" : "ກອງທຶນທາງນ້ຳມັນ",
        "PRS" : "ຄັງແຮນ້ຳມັນ",
        "EXD" : "ພາສີ ຂາອອກ",
        "EXC" : "ອາກອນຊົມໃຊ້",
        "BT" : "ອາກອນກຳໄລ",
        "EDR" : "ຄ່າພາສີສິນຄ້າປະເພດແຮ່ທາດສົ່ງອອກ",
        "TBC" : "ກອງທຶນຢາສູບ",
        "SCFI" : "ຄ່າທໍານຽມ ອອກໃບອະນຸຍາດນໍາເຂົ້າອາຫານ",
        "SCF" : "ຄ່າບໍລິການ scanner",
        "SCI" : "ຄ່າບໍລິການ ໃບອະນຸຍາດນໍາເຂົ້າ",
        "ITF" : "ສິນຄ້າຜ່ານແດນສາກົນ",
        "paymentDate" : "ວັນທີ ແລະ ເວລາຊຳລະ",
        "VT" : "ຄ່າທໍານຽມ ໃບອະນຸຍາດເຕັກນິກ",
        "receiptNumber" : "ເລກທີໃບແຈ້ງ"
      }
    }, {
      "data" : {
        "AFE" : 100000.0,
        "PSC" : 0.0,
        "STA" : 0.0,
        "CD" : 350000.0,
        "STD" : 350000.0,
        "LNSW" : 311370.0,
        "SCV" : 0.0,
        "VAT" : 0.0,
        "EMT" : 0.0,
        "PFD" : 0.0,
        "PRS" : 0.0,
        "EXD" : 0.0,
        "EXC" : 0.0,
        "BT" : 0.0,
        "EDR" : 0.0,
        "TBC" : 0.0,
        "SCFI" : 0.0,
        "SCF" : 0.0,
        "SCI" : 0.0,
        "ITF" : 225000.0,
        "paymentDate" : "03/07/2023 10:34:13",
        "VT" : 0.0,
        "receiptNumber" : "IM:230703000046 FT23184G5CWL"
      },
      "header" : {
        "AFE" : "ຄ່າບໍລິການດຳເນີນໃບແຈ້ງພາສີ",
        "PSC" : "ຄ່າບໍລິການນໍາເຂົ້ານໍ້າມັນເຊື້ອໄຟ",
        "STA" : "ຄ່າບໍລິການຂໍ້ມູນສະຖິຕິ",
        "CD" : "ພາສີ ຂາເຂົ້າ",
        "STD" : "ອາກອນມູນຄ່າເພີ່ມ",
        "LNSW" : "ຄ່າທໍານຽມ LNSW",
        "SCV" : "ຄ່າບໍລິການ ໃບອະນຸຍາດເຕັກນິກ",
        "VAT" : "ຄ່າອາກອນມູນຄ່າເພີ່ມ",
        "EMT" : "ຄ່າບໍລິການ e-Meter",
        "PFD" : "ກອງທຶນທາງນ້ຳມັນ",
        "PRS" : "ຄັງແຮນ້ຳມັນ",
        "EXD" : "ພາສີ ຂາອອກ",
        "EXC" : "ອາກອນຊົມໃຊ້",
        "BT" : "ອາກອນກຳໄລ",
        "EDR" : "ຄ່າພາສີສິນຄ້າປະເພດແຮ່ທາດສົ່ງອອກ",
        "TBC" : "ກອງທຶນຢາສູບ",
        "SCFI" : "ຄ່າທໍານຽມ ອອກໃບອະນຸຍາດນໍາເຂົ້າອາຫານ",
        "SCF" : "ຄ່າບໍລິການ scanner",
        "SCI" : "ຄ່າບໍລິການ ໃບອະນຸຍາດນໍາເຂົ້າ",
        "ITF" : "ສິນຄ້າຜ່ານແດນສາກົນ",
        "paymentDate" : "ວັນທີ ແລະ ເວລາຊຳລະ",
        "VT" : "ຄ່າທໍານຽມ ໃບອະນຸຍາດເຕັກນິກ",
        "receiptNumber" : "ເລກທີໃບແຈ້ງ"
      }
    }, {
      "data" : {
        "AFE" : 100000.0,
        "PSC" : 0.0,
        "STA" : 28400.0,
        "CD" : 7899200.0,
        "STD" : 1.50056E7,
        "LNSW" : 311370.0,
        "SCV" : 0.0,
        "VAT" : 6728100.0,
        "EMT" : 0.0,
        "PFD" : 0.0,
        "PRS" : 0.0,
        "EXD" : 0.0,
        "EXC" : 378300.0,
        "BT" : 0.0,
        "EDR" : 0.0,
        "TBC" : 0.0,
        "SCFI" : 0.0,
        "SCF" : 0.0,
        "SCI" : 0.0,
        "ITF" : 0.0,
        "paymentDate" : "03/07/2023 16:13:43",
        "VT" : 0.0,
        "receiptNumber" : "IM:230703000459 FT23184YTVJK"
      },
      "header" : {
        "AFE" : "ຄ່າບໍລິການດຳເນີນໃບແຈ້ງພາສີ",
        "PSC" : "ຄ່າບໍລິການນໍາເຂົ້ານໍ້າມັນເຊື້ອໄຟ",
        "STA" : "ຄ່າບໍລິການຂໍ້ມູນສະຖິຕິ",
        "CD" : "ພາສີ ຂາເຂົ້າ",
        "STD" : "ອາກອນມູນຄ່າເພີ່ມ",
        "LNSW" : "ຄ່າທໍານຽມ LNSW",
        "SCV" : "ຄ່າບໍລິການ ໃບອະນຸຍາດເຕັກນິກ",
        "VAT" : "ຄ່າອາກອນມູນຄ່າເພີ່ມ",
        "EMT" : "ຄ່າບໍລິການ e-Meter",
        "PFD" : "ກອງທຶນທາງນ້ຳມັນ",
        "PRS" : "ຄັງແຮນ້ຳມັນ",
        "EXD" : "ພາສີ ຂາອອກ",
        "EXC" : "ອາກອນຊົມໃຊ້",
        "BT" : "ອາກອນກຳໄລ",
        "EDR" : "ຄ່າພາສີສິນຄ້າປະເພດແຮ່ທາດສົ່ງອອກ",
        "TBC" : "ກອງທຶນຢາສູບ",
        "SCFI" : "ຄ່າທໍານຽມ ອອກໃບອະນຸຍາດນໍາເຂົ້າອາຫານ",
        "SCF" : "ຄ່າບໍລິການ scanner",
        "SCI" : "ຄ່າບໍລິການ ໃບອະນຸຍາດນໍາເຂົ້າ",
        "ITF" : "ສິນຄ້າຜ່ານແດນສາກົນ",
        "paymentDate" : "ວັນທີ ແລະ ເວລາຊຳລະ",
        "VT" : "ຄ່າທໍານຽມ ໃບອະນຸຍາດເຕັກນິກ",
        "receiptNumber" : "ເລກທີໃບແຈ້ງ"
      }
    }, {
      "data" : {
        "AFE" : 100000.0,
        "PSC" : 0.0,
        "STA" : 122400.0,
        "CD" : 0.0,
        "STD" : 2.55598E7,
        "LNSW" : 311370.0,
        "SCV" : 0.0,
        "VAT" : 2.55598E7,
        "EMT" : 0.0,
        "PFD" : 0.0,
        "PRS" : 0.0,
        "EXD" : 0.0,
        "EXC" : 0.0,
        "BT" : 0.0,
        "EDR" : 0.0,
        "TBC" : 0.0,
        "SCFI" : 0.0,
        "SCF" : 0.0,
        "SCI" : 0.0,
        "ITF" : 0.0,
        "paymentDate" : "03/07/2023 15:59:53",
        "VT" : 0.0,
        "receiptNumber" : "IM:230703000415 FT23184DYJPC"
      },
      "header" : {
        "AFE" : "ຄ່າບໍລິການດຳເນີນໃບແຈ້ງພາສີ",
        "PSC" : "ຄ່າບໍລິການນໍາເຂົ້ານໍ້າມັນເຊື້ອໄຟ",
        "STA" : "ຄ່າບໍລິການຂໍ້ມູນສະຖິຕິ",
        "CD" : "ພາສີ ຂາເຂົ້າ",
        "STD" : "ອາກອນມູນຄ່າເພີ່ມ",
        "LNSW" : "ຄ່າທໍານຽມ LNSW",
        "SCV" : "ຄ່າບໍລິການ ໃບອະນຸຍາດເຕັກນິກ",
        "VAT" : "ຄ່າອາກອນມູນຄ່າເພີ່ມ",
        "EMT" : "ຄ່າບໍລິການ e-Meter",
        "PFD" : "ກອງທຶນທາງນ້ຳມັນ",
        "PRS" : "ຄັງແຮນ້ຳມັນ",
        "EXD" : "ພາສີ ຂາອອກ",
        "EXC" : "ອາກອນຊົມໃຊ້",
        "BT" : "ອາກອນກຳໄລ",
        "EDR" : "ຄ່າພາສີສິນຄ້າປະເພດແຮ່ທາດສົ່ງອອກ",
        "TBC" : "ກອງທຶນຢາສູບ",
        "SCFI" : "ຄ່າທໍານຽມ ອອກໃບອະນຸຍາດນໍາເຂົ້າອາຫານ",
        "SCF" : "ຄ່າບໍລິການ scanner",
        "SCI" : "ຄ່າບໍລິການ ໃບອະນຸຍາດນໍາເຂົ້າ",
        "ITF" : "ສິນຄ້າຜ່ານແດນສາກົນ",
        "paymentDate" : "ວັນທີ ແລະ ເວລາຊຳລະ",
        "VT" : "ຄ່າທໍານຽມ ໃບອະນຸຍາດເຕັກນິກ",
        "receiptNumber" : "ເລກທີໃບແຈ້ງ"
      }
    }, {
      "data" : {
        "AFE" : 100000.0,
        "PSC" : 0.0,
        "STA" : 0.0,
        "CD" : 0.0,
        "STD" : 0.0,
        "LNSW" : 311370.0,
        "SCV" : 0.0,
        "VAT" : 0.0,
        "EMT" : 0.0,
        "PFD" : 0.0,
        "PRS" : 0.0,
        "EXD" : 0.0,
        "EXC" : 0.0,
        "BT" : 0.0,
        "EDR" : 0.0,
        "TBC" : 0.0,
        "SCFI" : 0.0,
        "SCF" : 0.0,
        "SCI" : 0.0,
        "ITF" : 0.0,
        "paymentDate" : "03/07/2023 16:36:33",
        "VT" : 0.0,
        "receiptNumber" : "IM:230703000478 FT23184DKPSP"
      },
      "header" : {
        "AFE" : "ຄ່າບໍລິການດຳເນີນໃບແຈ້ງພາສີ",
        "PSC" : "ຄ່າບໍລິການນໍາເຂົ້ານໍ້າມັນເຊື້ອໄຟ",
        "STA" : "ຄ່າບໍລິການຂໍ້ມູນສະຖິຕິ",
        "CD" : "ພາສີ ຂາເຂົ້າ",
        "STD" : "ອາກອນມູນຄ່າເພີ່ມ",
        "LNSW" : "ຄ່າທໍານຽມ LNSW",
        "SCV" : "ຄ່າບໍລິການ ໃບອະນຸຍາດເຕັກນິກ",
        "VAT" : "ຄ່າອາກອນມູນຄ່າເພີ່ມ",
        "EMT" : "ຄ່າບໍລິການ e-Meter",
        "PFD" : "ກອງທຶນທາງນ້ຳມັນ",
        "PRS" : "ຄັງແຮນ້ຳມັນ",
        "EXD" : "ພາສີ ຂາອອກ",
        "EXC" : "ອາກອນຊົມໃຊ້",
        "BT" : "ອາກອນກຳໄລ",
        "EDR" : "ຄ່າພາສີສິນຄ້າປະເພດແຮ່ທາດສົ່ງອອກ",
        "TBC" : "ກອງທຶນຢາສູບ",
        "SCFI" : "ຄ່າທໍານຽມ ອອກໃບອະນຸຍາດນໍາເຂົ້າອາຫານ",
        "SCF" : "ຄ່າບໍລິການ scanner",
        "SCI" : "ຄ່າບໍລິການ ໃບອະນຸຍາດນໍາເຂົ້າ",
        "ITF" : "ສິນຄ້າຜ່ານແດນສາກົນ",
        "paymentDate" : "ວັນທີ ແລະ ເວລາຊຳລະ",
        "VT" : "ຄ່າທໍານຽມ ໃບອະນຸຍາດເຕັກນິກ",
        "receiptNumber" : "ເລກທີໃບແຈ້ງ"
      }
    }, {
      "data" : {
        "AFE" : 100000.0,
        "PSC" : 0.0,
        "STA" : 0.0,
        "CD" : 1.714358E8,
        "STD" : 4.884549E8,
        "LNSW" : 311370.0,
        "SCV" : 0.0,
        "VAT" : 1.067245E8,
        "EMT" : 0.0,
        "PFD" : 4.992E7,
        "PRS" : 5.76E7,
        "EXD" : 0.0,
        "EXC" : 2.102946E8,
        "BT" : 0.0,
        "EDR" : 0.0,
        "TBC" : 0.0,
        "SCFI" : 0.0,
        "SCF" : 0.0,
        "SCI" : 0.0,
        "ITF" : 0.0,
        "paymentDate" : "03/07/2023 10:50:03",
        "VT" : 0.0,
        "receiptNumber" : "IM:230703000080 FT231845TLC8"
      },
      "header" : {
        "AFE" : "ຄ່າບໍລິການດຳເນີນໃບແຈ້ງພາສີ",
        "PSC" : "ຄ່າບໍລິການນໍາເຂົ້ານໍ້າມັນເຊື້ອໄຟ",
        "STA" : "ຄ່າບໍລິການຂໍ້ມູນສະຖິຕິ",
        "CD" : "ພາສີ ຂາເຂົ້າ",
        "STD" : "ອາກອນມູນຄ່າເພີ່ມ",
        "LNSW" : "ຄ່າທໍານຽມ LNSW",
        "SCV" : "ຄ່າບໍລິການ ໃບອະນຸຍາດເຕັກນິກ",
        "VAT" : "ຄ່າອາກອນມູນຄ່າເພີ່ມ",
        "EMT" : "ຄ່າບໍລິການ e-Meter",
        "PFD" : "ກອງທຶນທາງນ້ຳມັນ",
        "PRS" : "ຄັງແຮນ້ຳມັນ",
        "EXD" : "ພາສີ ຂາອອກ",
        "EXC" : "ອາກອນຊົມໃຊ້",
        "BT" : "ອາກອນກຳໄລ",
        "EDR" : "ຄ່າພາສີສິນຄ້າປະເພດແຮ່ທາດສົ່ງອອກ",
        "TBC" : "ກອງທຶນຢາສູບ",
        "SCFI" : "ຄ່າທໍານຽມ ອອກໃບອະນຸຍາດນໍາເຂົ້າອາຫານ",
        "SCF" : "ຄ່າບໍລິການ scanner",
        "SCI" : "ຄ່າບໍລິການ ໃບອະນຸຍາດນໍາເຂົ້າ",
        "ITF" : "ສິນຄ້າຜ່ານແດນສາກົນ",
        "paymentDate" : "ວັນທີ ແລະ ເວລາຊຳລະ",
        "VT" : "ຄ່າທໍານຽມ ໃບອະນຸຍາດເຕັກນິກ",
        "receiptNumber" : "ເລກທີໃບແຈ້ງ"
      }
    }, {
      "data" : {
        "AFE" : 100000.0,
        "PSC" : 0.0,
        "STA" : 0.0,
        "CD" : 350000.0,
        "STD" : 350000.0,
        "LNSW" : 311370.0,
        "SCV" : 0.0,
        "VAT" : 0.0,
        "EMT" : 0.0,
        "PFD" : 0.0,
        "PRS" : 0.0,
        "EXD" : 0.0,
        "EXC" : 0.0,
        "BT" : 0.0,
        "EDR" : 0.0,
        "TBC" : 0.0,
        "SCFI" : 0.0,
        "SCF" : 0.0,
        "SCI" : 0.0,
        "ITF" : 225000.0,
        "paymentDate" : "03/07/2023 13:27:33",
        "VT" : 0.0,
        "receiptNumber" : "IM:230703000244 FT231843D6X9"
      },
      "header" : {
        "AFE" : "ຄ່າບໍລິການດຳເນີນໃບແຈ້ງພາສີ",
        "PSC" : "ຄ່າບໍລິການນໍາເຂົ້ານໍ້າມັນເຊື້ອໄຟ",
        "STA" : "ຄ່າບໍລິການຂໍ້ມູນສະຖິຕິ",
        "CD" : "ພາສີ ຂາເຂົ້າ",
        "STD" : "ອາກອນມູນຄ່າເພີ່ມ",
        "LNSW" : "ຄ່າທໍານຽມ LNSW",
        "SCV" : "ຄ່າບໍລິການ ໃບອະນຸຍາດເຕັກນິກ",
        "VAT" : "ຄ່າອາກອນມູນຄ່າເພີ່ມ",
        "EMT" : "ຄ່າບໍລິການ e-Meter",
        "PFD" : "ກອງທຶນທາງນ້ຳມັນ",
        "PRS" : "ຄັງແຮນ້ຳມັນ",
        "EXD" : "ພາສີ ຂາອອກ",
        "EXC" : "ອາກອນຊົມໃຊ້",
        "BT" : "ອາກອນກຳໄລ",
        "EDR" : "ຄ່າພາສີສິນຄ້າປະເພດແຮ່ທາດສົ່ງອອກ",
        "TBC" : "ກອງທຶນຢາສູບ",
        "SCFI" : "ຄ່າທໍານຽມ ອອກໃບອະນຸຍາດນໍາເຂົ້າອາຫານ",
        "SCF" : "ຄ່າບໍລິການ scanner",
        "SCI" : "ຄ່າບໍລິການ ໃບອະນຸຍາດນໍາເຂົ້າ",
        "ITF" : "ສິນຄ້າຜ່ານແດນສາກົນ",
        "paymentDate" : "ວັນທີ ແລະ ເວລາຊຳລະ",
        "VT" : "ຄ່າທໍານຽມ ໃບອະນຸຍາດເຕັກນິກ",
        "receiptNumber" : "ເລກທີໃບແຈ້ງ"
      }
    }, {
      "data" : {
        "AFE" : 100000.0,
        "PSC" : 0.0,
        "STA" : 0.0,
        "CD" : 5.27832E7,
        "STD" : 1.303744E8,
        "LNSW" : 311370.0,
        "SCV" : 0.0,
        "VAT" : 7.75912E7,
        "EMT" : 0.0,
        "PFD" : 4.368E7,
        "PRS" : 6.72E7,
        "EXD" : 0.0,
        "EXC" : 0.0,
        "BT" : 0.0,
        "EDR" : 0.0,
        "TBC" : 0.0,
        "SCFI" : 0.0,
        "SCF" : 0.0,
        "SCI" : 0.0,
        "ITF" : 0.0,
        "paymentDate" : "03/07/2023 15:08:13",
        "VT" : 0.0,
        "receiptNumber" : "IM:230703000341 FT231848CKCD"
      },
      "header" : {
        "AFE" : "ຄ່າບໍລິການດຳເນີນໃບແຈ້ງພາສີ",
        "PSC" : "ຄ່າບໍລິການນໍາເຂົ້ານໍ້າມັນເຊື້ອໄຟ",
        "STA" : "ຄ່າບໍລິການຂໍ້ມູນສະຖິຕິ",
        "CD" : "ພາສີ ຂາເຂົ້າ",
        "STD" : "ອາກອນມູນຄ່າເພີ່ມ",
        "LNSW" : "ຄ່າທໍານຽມ LNSW",
        "SCV" : "ຄ່າບໍລິການ ໃບອະນຸຍາດເຕັກນິກ",
        "VAT" : "ຄ່າອາກອນມູນຄ່າເພີ່ມ",
        "EMT" : "ຄ່າບໍລິການ e-Meter",
        "PFD" : "ກອງທຶນທາງນ້ຳມັນ",
        "PRS" : "ຄັງແຮນ້ຳມັນ",
        "EXD" : "ພາສີ ຂາອອກ",
        "EXC" : "ອາກອນຊົມໃຊ້",
        "BT" : "ອາກອນກຳໄລ",
        "EDR" : "ຄ່າພາສີສິນຄ້າປະເພດແຮ່ທາດສົ່ງອອກ",
        "TBC" : "ກອງທຶນຢາສູບ",
        "SCFI" : "ຄ່າທໍານຽມ ອອກໃບອະນຸຍາດນໍາເຂົ້າອາຫານ",
        "SCF" : "ຄ່າບໍລິການ scanner",
        "SCI" : "ຄ່າບໍລິການ ໃບອະນຸຍາດນໍາເຂົ້າ",
        "ITF" : "ສິນຄ້າຜ່ານແດນສາກົນ",
        "paymentDate" : "ວັນທີ ແລະ ເວລາຊຳລະ",
        "VT" : "ຄ່າທໍານຽມ ໃບອະນຸຍາດເຕັກນິກ",
        "receiptNumber" : "ເລກທີໃບແຈ້ງ"
      }
    }, {
      "data" : {
        "AFE" : 100000.0,
        "PSC" : 0.0,
        "STA" : 0.0,
        "CD" : 6.53248E7,
        "STD" : 1.137306E8,
        "LNSW" : 311370.0,
        "SCV" : 0.0,
        "VAT" : 2.88083E7,
        "EMT" : 0.0,
        "PFD" : 0.0,
        "PRS" : 0.0,
        "EXD" : 0.0,
        "EXC" : 1.95975E7,
        "BT" : 0.0,
        "EDR" : 0.0,
        "TBC" : 0.0,
        "SCFI" : 0.0,
        "SCF" : 0.0,
        "SCI" : 0.0,
        "ITF" : 0.0,
        "paymentDate" : "03/07/2023 14:55:03",
        "VT" : 0.0,
        "receiptNumber" : "IM:230703000324 FT23184JJW33"
      },
      "header" : {
        "AFE" : "ຄ່າບໍລິການດຳເນີນໃບແຈ້ງພາສີ",
        "PSC" : "ຄ່າບໍລິການນໍາເຂົ້ານໍ້າມັນເຊື້ອໄຟ",
        "STA" : "ຄ່າບໍລິການຂໍ້ມູນສະຖິຕິ",
        "CD" : "ພາສີ ຂາເຂົ້າ",
        "STD" : "ອາກອນມູນຄ່າເພີ່ມ",
        "LNSW" : "ຄ່າທໍານຽມ LNSW",
        "SCV" : "ຄ່າບໍລິການ ໃບອະນຸຍາດເຕັກນິກ",
        "VAT" : "ຄ່າອາກອນມູນຄ່າເພີ່ມ",
        "EMT" : "ຄ່າບໍລິການ e-Meter",
        "PFD" : "ກອງທຶນທາງນ້ຳມັນ",
        "PRS" : "ຄັງແຮນ້ຳມັນ",
        "EXD" : "ພາສີ ຂາອອກ",
        "EXC" : "ອາກອນຊົມໃຊ້",
        "BT" : "ອາກອນກຳໄລ",
        "EDR" : "ຄ່າພາສີສິນຄ້າປະເພດແຮ່ທາດສົ່ງອອກ",
        "TBC" : "ກອງທຶນຢາສູບ",
        "SCFI" : "ຄ່າທໍານຽມ ອອກໃບອະນຸຍາດນໍາເຂົ້າອາຫານ",
        "SCF" : "ຄ່າບໍລິການ scanner",
        "SCI" : "ຄ່າບໍລິການ ໃບອະນຸຍາດນໍາເຂົ້າ",
        "ITF" : "ສິນຄ້າຜ່ານແດນສາກົນ",
        "paymentDate" : "ວັນທີ ແລະ ເວລາຊຳລະ",
        "VT" : "ຄ່າທໍານຽມ ໃບອະນຸຍາດເຕັກນິກ",
        "receiptNumber" : "ເລກທີໃບແຈ້ງ"
      }
    }, {
      "data" : {
        "AFE" : 100000.0,
        "PSC" : 0.0,
        "STA" : 0.0,
        "CD" : 2.77113E7,
        "STD" : 6.84469E7,
        "LNSW" : 311370.0,
        "SCV" : 0.0,
        "VAT" : 4.07356E7,
        "EMT" : 0.0,
        "PFD" : 2.288E7,
        "PRS" : 3.52E7,
        "EXD" : 0.0,
        "EXC" : 0.0,
        "BT" : 0.0,
        "EDR" : 0.0,
        "TBC" : 0.0,
        "SCFI" : 0.0,
        "SCF" : 0.0,
        "SCI" : 0.0,
        "ITF" : 0.0,
        "paymentDate" : "03/07/2023 13:32:53",
        "VT" : 0.0,
        "receiptNumber" : "IM:230703000242 FT23184BPX5B"
      },
      "header" : {
        "AFE" : "ຄ່າບໍລິການດຳເນີນໃບແຈ້ງພາສີ",
        "PSC" : "ຄ່າບໍລິການນໍາເຂົ້ານໍ້າມັນເຊື້ອໄຟ",
        "STA" : "ຄ່າບໍລິການຂໍ້ມູນສະຖິຕິ",
        "CD" : "ພາສີ ຂາເຂົ້າ",
        "STD" : "ອາກອນມູນຄ່າເພີ່ມ",
        "LNSW" : "ຄ່າທໍານຽມ LNSW",
        "SCV" : "ຄ່າບໍລິການ ໃບອະນຸຍາດເຕັກນິກ",
        "VAT" : "ຄ່າອາກອນມູນຄ່າເພີ່ມ",
        "EMT" : "ຄ່າບໍລິການ e-Meter",
        "PFD" : "ກອງທຶນທາງນ້ຳມັນ",
        "PRS" : "ຄັງແຮນ້ຳມັນ",
        "EXD" : "ພາສີ ຂາອອກ",
        "EXC" : "ອາກອນຊົມໃຊ້",
        "BT" : "ອາກອນກຳໄລ",
        "EDR" : "ຄ່າພາສີສິນຄ້າປະເພດແຮ່ທາດສົ່ງອອກ",
        "TBC" : "ກອງທຶນຢາສູບ",
        "SCFI" : "ຄ່າທໍານຽມ ອອກໃບອະນຸຍາດນໍາເຂົ້າອາຫານ",
        "SCF" : "ຄ່າບໍລິການ scanner",
        "SCI" : "ຄ່າບໍລິການ ໃບອະນຸຍາດນໍາເຂົ້າ",
        "ITF" : "ສິນຄ້າຜ່ານແດນສາກົນ",
        "paymentDate" : "ວັນທີ ແລະ ເວລາຊຳລະ",
        "VT" : "ຄ່າທໍານຽມ ໃບອະນຸຍາດເຕັກນິກ",
        "receiptNumber" : "ເລກທີໃບແຈ້ງ"
      }
    }, {
      "data" : {
        "AFE" : 100000.0,
        "PSC" : 0.0,
        "STA" : 19800.0,
        "CD" : 1.07434E7,
        "STD" : 2.37414E7,
        "LNSW" : 311370.0,
        "SCV" : 0.0,
        "VAT" : 1.2998E7,
        "EMT" : 0.0,
        "PFD" : 0.0,
        "PRS" : 0.0,
        "EXD" : 0.0,
        "EXC" : 0.0,
        "BT" : 0.0,
        "EDR" : 0.0,
        "TBC" : 0.0,
        "SCFI" : 0.0,
        "SCF" : 0.0,
        "SCI" : 0.0,
        "ITF" : 0.0,
        "paymentDate" : "03/07/2023 16:41:23",
        "VT" : 0.0,
        "receiptNumber" : "IM:230703000484 FT23184PFTKN"
      },
      "header" : {
        "AFE" : "ຄ່າບໍລິການດຳເນີນໃບແຈ້ງພາສີ",
        "PSC" : "ຄ່າບໍລິການນໍາເຂົ້ານໍ້າມັນເຊື້ອໄຟ",
        "STA" : "ຄ່າບໍລິການຂໍ້ມູນສະຖິຕິ",
        "CD" : "ພາສີ ຂາເຂົ້າ",
        "STD" : "ອາກອນມູນຄ່າເພີ່ມ",
        "LNSW" : "ຄ່າທໍານຽມ LNSW",
        "SCV" : "ຄ່າບໍລິການ ໃບອະນຸຍາດເຕັກນິກ",
        "VAT" : "ຄ່າອາກອນມູນຄ່າເພີ່ມ",
        "EMT" : "ຄ່າບໍລິການ e-Meter",
        "PFD" : "ກອງທຶນທາງນ້ຳມັນ",
        "PRS" : "ຄັງແຮນ້ຳມັນ",
        "EXD" : "ພາສີ ຂາອອກ",
        "EXC" : "ອາກອນຊົມໃຊ້",
        "BT" : "ອາກອນກຳໄລ",
        "EDR" : "ຄ່າພາສີສິນຄ້າປະເພດແຮ່ທາດສົ່ງອອກ",
        "TBC" : "ກອງທຶນຢາສູບ",
        "SCFI" : "ຄ່າທໍານຽມ ອອກໃບອະນຸຍາດນໍາເຂົ້າອາຫານ",
        "SCF" : "ຄ່າບໍລິການ scanner",
        "SCI" : "ຄ່າບໍລິການ ໃບອະນຸຍາດນໍາເຂົ້າ",
        "ITF" : "ສິນຄ້າຜ່ານແດນສາກົນ",
        "paymentDate" : "ວັນທີ ແລະ ເວລາຊຳລະ",
        "VT" : "ຄ່າທໍານຽມ ໃບອະນຸຍາດເຕັກນິກ",
        "receiptNumber" : "ເລກທີໃບແຈ້ງ"
      }
    }, {
      "data" : {
        "AFE" : 100000.0,
        "PSC" : 0.0,
        "STA" : 20200.0,
        "CD" : 1.82069E7,
        "STD" : 3.50075E7,
        "LNSW" : 311370.0,
        "SCV" : 0.0,
        "VAT" : 1.16507E7,
        "EMT" : 0.0,
        "PFD" : 0.0,
        "PRS" : 0.0,
        "EXD" : 0.0,
        "EXC" : 5149900.0,
        "BT" : 0.0,
        "EDR" : 0.0,
        "TBC" : 0.0,
        "SCFI" : 0.0,
        "SCF" : 0.0,
        "SCI" : 0.0,
        "ITF" : 0.0,
        "paymentDate" : "03/07/2023 09:17:13",
        "VT" : 0.0,
        "receiptNumber" : "IM:230703000007 FT23184WS722"
      },
      "header" : {
        "AFE" : "ຄ່າບໍລິການດຳເນີນໃບແຈ້ງພາສີ",
        "PSC" : "ຄ່າບໍລິການນໍາເຂົ້ານໍ້າມັນເຊື້ອໄຟ",
        "STA" : "ຄ່າບໍລິການຂໍ້ມູນສະຖິຕິ",
        "CD" : "ພາສີ ຂາເຂົ້າ",
        "STD" : "ອາກອນມູນຄ່າເພີ່ມ",
        "LNSW" : "ຄ່າທໍານຽມ LNSW",
        "SCV" : "ຄ່າບໍລິການ ໃບອະນຸຍາດເຕັກນິກ",
        "VAT" : "ຄ່າອາກອນມູນຄ່າເພີ່ມ",
        "EMT" : "ຄ່າບໍລິການ e-Meter",
        "PFD" : "ກອງທຶນທາງນ້ຳມັນ",
        "PRS" : "ຄັງແຮນ້ຳມັນ",
        "EXD" : "ພາສີ ຂາອອກ",
        "EXC" : "ອາກອນຊົມໃຊ້",
        "BT" : "ອາກອນກຳໄລ",
        "EDR" : "ຄ່າພາສີສິນຄ້າປະເພດແຮ່ທາດສົ່ງອອກ",
        "TBC" : "ກອງທຶນຢາສູບ",
        "SCFI" : "ຄ່າທໍານຽມ ອອກໃບອະນຸຍາດນໍາເຂົ້າອາຫານ",
        "SCF" : "ຄ່າບໍລິການ scanner",
        "SCI" : "ຄ່າບໍລິການ ໃບອະນຸຍາດນໍາເຂົ້າ",
        "ITF" : "ສິນຄ້າຜ່ານແດນສາກົນ",
        "paymentDate" : "ວັນທີ ແລະ ເວລາຊຳລະ",
        "VT" : "ຄ່າທໍານຽມ ໃບອະນຸຍາດເຕັກນິກ",
        "receiptNumber" : "ເລກທີໃບແຈ້ງ"
      }
    }, {
      "data" : {
        "AFE" : 100000.0,
        "PSC" : 0.0,
        "STA" : 35400.0,
        "CD" : 1.25849E7,
        "STD" : 2.50033E7,
        "LNSW" : 311370.0,
        "SCV" : 0.0,
        "VAT" : 1.18636E7,
        "EMT" : 0.0,
        "PFD" : 0.0,
        "PRS" : 0.0,
        "EXD" : 0.0,
        "EXC" : 554800.0,
        "BT" : 0.0,
        "EDR" : 0.0,
        "TBC" : 0.0,
        "SCFI" : 0.0,
        "SCF" : 0.0,
        "SCI" : 0.0,
        "ITF" : 0.0,
        "paymentDate" : "03/07/2023 09:31:02",
        "VT" : 0.0,
        "receiptNumber" : "IM:230703000008 FT23184ZPCPD"
      },
      "header" : {
        "AFE" : "ຄ່າບໍລິການດຳເນີນໃບແຈ້ງພາສີ",
        "PSC" : "ຄ່າບໍລິການນໍາເຂົ້ານໍ້າມັນເຊື້ອໄຟ",
        "STA" : "ຄ່າບໍລິການຂໍ້ມູນສະຖິຕິ",
        "CD" : "ພາສີ ຂາເຂົ້າ",
        "STD" : "ອາກອນມູນຄ່າເພີ່ມ",
        "LNSW" : "ຄ່າທໍານຽມ LNSW",
        "SCV" : "ຄ່າບໍລິການ ໃບອະນຸຍາດເຕັກນິກ",
        "VAT" : "ຄ່າອາກອນມູນຄ່າເພີ່ມ",
        "EMT" : "ຄ່າບໍລິການ e-Meter",
        "PFD" : "ກອງທຶນທາງນ້ຳມັນ",
        "PRS" : "ຄັງແຮນ້ຳມັນ",
        "EXD" : "ພາສີ ຂາອອກ",
        "EXC" : "ອາກອນຊົມໃຊ້",
        "BT" : "ອາກອນກຳໄລ",
        "EDR" : "ຄ່າພາສີສິນຄ້າປະເພດແຮ່ທາດສົ່ງອອກ",
        "TBC" : "ກອງທຶນຢາສູບ",
        "SCFI" : "ຄ່າທໍານຽມ ອອກໃບອະນຸຍາດນໍາເຂົ້າອາຫານ",
        "SCF" : "ຄ່າບໍລິການ scanner",
        "SCI" : "ຄ່າບໍລິການ ໃບອະນຸຍາດນໍາເຂົ້າ",
        "ITF" : "ສິນຄ້າຜ່ານແດນສາກົນ",
        "paymentDate" : "ວັນທີ ແລະ ເວລາຊຳລະ",
        "VT" : "ຄ່າທໍານຽມ ໃບອະນຸຍາດເຕັກນິກ",
        "receiptNumber" : "ເລກທີໃບແຈ້ງ"
      }
    }, {
      "data" : {
        "AFE" : 100000.0,
        "PSC" : 0.0,
        "STA" : 0.0,
        "CD" : 1.428632E8,
        "STD" : 4.070458E8,
        "LNSW" : 311370.0,
        "SCV" : 0.0,
        "VAT" : 8.89371E7,
        "EMT" : 0.0,
        "PFD" : 4.16E7,
        "PRS" : 4.8E7,
        "EXD" : 0.0,
        "EXC" : 1.752455E8,
        "BT" : 0.0,
        "EDR" : 0.0,
        "TBC" : 0.0,
        "SCFI" : 0.0,
        "SCF" : 0.0,
        "SCI" : 0.0,
        "ITF" : 0.0,
        "paymentDate" : "03/07/2023 13:28:43",
        "VT" : 0.0,
        "receiptNumber" : "IM:230703000194 FT23184BWS21"
      },
      "header" : {
        "AFE" : "ຄ່າບໍລິການດຳເນີນໃບແຈ້ງພາສີ",
        "PSC" : "ຄ່າບໍລິການນໍາເຂົ້ານໍ້າມັນເຊື້ອໄຟ",
        "STA" : "ຄ່າບໍລິການຂໍ້ມູນສະຖິຕິ",
        "CD" : "ພາສີ ຂາເຂົ້າ",
        "STD" : "ອາກອນມູນຄ່າເພີ່ມ",
        "LNSW" : "ຄ່າທໍານຽມ LNSW",
        "SCV" : "ຄ່າບໍລິການ ໃບອະນຸຍາດເຕັກນິກ",
        "VAT" : "ຄ່າອາກອນມູນຄ່າເພີ່ມ",
        "EMT" : "ຄ່າບໍລິການ e-Meter",
        "PFD" : "ກອງທຶນທາງນ້ຳມັນ",
        "PRS" : "ຄັງແຮນ້ຳມັນ",
        "EXD" : "ພາສີ ຂາອອກ",
        "EXC" : "ອາກອນຊົມໃຊ້",
        "BT" : "ອາກອນກຳໄລ",
        "EDR" : "ຄ່າພາສີສິນຄ້າປະເພດແຮ່ທາດສົ່ງອອກ",
        "TBC" : "ກອງທຶນຢາສູບ",
        "SCFI" : "ຄ່າທໍານຽມ ອອກໃບອະນຸຍາດນໍາເຂົ້າອາຫານ",
        "SCF" : "ຄ່າບໍລິການ scanner",
        "SCI" : "ຄ່າບໍລິການ ໃບອະນຸຍາດນໍາເຂົ້າ",
        "ITF" : "ສິນຄ້າຜ່ານແດນສາກົນ",
        "paymentDate" : "ວັນທີ ແລະ ເວລາຊຳລະ",
        "VT" : "ຄ່າທໍານຽມ ໃບອະນຸຍາດເຕັກນິກ",
        "receiptNumber" : "ເລກທີໃບແຈ້ງ"
      }
    }, {
      "data" : {
        "AFE" : 100000.0,
        "PSC" : 0.0,
        "STA" : 0.0,
        "CD" : 2100000.0,
        "STD" : 2100000.0,
        "LNSW" : 311370.0,
        "SCV" : 0.0,
        "VAT" : 0.0,
        "EMT" : 0.0,
        "PFD" : 0.0,
        "PRS" : 0.0,
        "EXD" : 0.0,
        "EXC" : 0.0,
        "BT" : 0.0,
        "EDR" : 0.0,
        "TBC" : 0.0,
        "SCFI" : 0.0,
        "SCF" : 0.0,
        "SCI" : 0.0,
        "ITF" : 1350000.0,
        "paymentDate" : "03/07/2023 11:09:23",
        "VT" : 0.0,
        "receiptNumber" : "IM:230703000158 FT23184NMFQ7"
      },
      "header" : {
        "AFE" : "ຄ່າບໍລິການດຳເນີນໃບແຈ້ງພາສີ",
        "PSC" : "ຄ່າບໍລິການນໍາເຂົ້ານໍ້າມັນເຊື້ອໄຟ",
        "STA" : "ຄ່າບໍລິການຂໍ້ມູນສະຖິຕິ",
        "CD" : "ພາສີ ຂາເຂົ້າ",
        "STD" : "ອາກອນມູນຄ່າເພີ່ມ",
        "LNSW" : "ຄ່າທໍານຽມ LNSW",
        "SCV" : "ຄ່າບໍລິການ ໃບອະນຸຍາດເຕັກນິກ",
        "VAT" : "ຄ່າອາກອນມູນຄ່າເພີ່ມ",
        "EMT" : "ຄ່າບໍລິການ e-Meter",
        "PFD" : "ກອງທຶນທາງນ້ຳມັນ",
        "PRS" : "ຄັງແຮນ້ຳມັນ",
        "EXD" : "ພາສີ ຂາອອກ",
        "EXC" : "ອາກອນຊົມໃຊ້",
        "BT" : "ອາກອນກຳໄລ",
        "EDR" : "ຄ່າພາສີສິນຄ້າປະເພດແຮ່ທາດສົ່ງອອກ",
        "TBC" : "ກອງທຶນຢາສູບ",
        "SCFI" : "ຄ່າທໍານຽມ ອອກໃບອະນຸຍາດນໍາເຂົ້າອາຫານ",
        "SCF" : "ຄ່າບໍລິການ scanner",
        "SCI" : "ຄ່າບໍລິການ ໃບອະນຸຍາດນໍາເຂົ້າ",
        "ITF" : "ສິນຄ້າຜ່ານແດນສາກົນ",
        "paymentDate" : "ວັນທີ ແລະ ເວລາຊຳລະ",
        "VT" : "ຄ່າທໍານຽມ ໃບອະນຸຍາດເຕັກນິກ",
        "receiptNumber" : "ເລກທີໃບແຈ້ງ"
      }
    }, {
      "data" : {
        "AFE" : 100000.0,
        "PSC" : 0.0,
        "STA" : 0.0,
        "CD" : 5.15264E7,
        "STD" : 1.272702E8,
        "LNSW" : 311370.0,
        "SCV" : 0.0,
        "VAT" : 7.57438E7,
        "EMT" : 0.0,
        "PFD" : 4.264E7,
        "PRS" : 6.56E7,
        "EXD" : 0.0,
        "EXC" : 0.0,
        "BT" : 0.0,
        "EDR" : 0.0,
        "TBC" : 0.0,
        "SCFI" : 0.0,
        "SCF" : 0.0,
        "SCI" : 0.0,
        "ITF" : 0.0,
        "paymentDate" : "03/07/2023 14:55:23",
        "VT" : 0.0,
        "receiptNumber" : "IM:230703000326 FT231843936F"
      },
      "header" : {
        "AFE" : "ຄ່າບໍລິການດຳເນີນໃບແຈ້ງພາສີ",
        "PSC" : "ຄ່າບໍລິການນໍາເຂົ້ານໍ້າມັນເຊື້ອໄຟ",
        "STA" : "ຄ່າບໍລິການຂໍ້ມູນສະຖິຕິ",
        "CD" : "ພາສີ ຂາເຂົ້າ",
        "STD" : "ອາກອນມູນຄ່າເພີ່ມ",
        "LNSW" : "ຄ່າທໍານຽມ LNSW",
        "SCV" : "ຄ່າບໍລິການ ໃບອະນຸຍາດເຕັກນິກ",
        "VAT" : "ຄ່າອາກອນມູນຄ່າເພີ່ມ",
        "EMT" : "ຄ່າບໍລິການ e-Meter",
        "PFD" : "ກອງທຶນທາງນ້ຳມັນ",
        "PRS" : "ຄັງແຮນ້ຳມັນ",
        "EXD" : "ພາສີ ຂາອອກ",
        "EXC" : "ອາກອນຊົມໃຊ້",
        "BT" : "ອາກອນກຳໄລ",
        "EDR" : "ຄ່າພາສີສິນຄ້າປະເພດແຮ່ທາດສົ່ງອອກ",
        "TBC" : "ກອງທຶນຢາສູບ",
        "SCFI" : "ຄ່າທໍານຽມ ອອກໃບອະນຸຍາດນໍາເຂົ້າອາຫານ",
        "SCF" : "ຄ່າບໍລິການ scanner",
        "SCI" : "ຄ່າບໍລິການ ໃບອະນຸຍາດນໍາເຂົ້າ",
        "ITF" : "ສິນຄ້າຜ່ານແດນສາກົນ",
        "paymentDate" : "ວັນທີ ແລະ ເວລາຊຳລະ",
        "VT" : "ຄ່າທໍານຽມ ໃບອະນຸຍາດເຕັກນິກ",
        "receiptNumber" : "ເລກທີໃບແຈ້ງ"
      }
    }, {
      "data" : {
        "AFE" : 100000.0,
        "PSC" : 0.0,
        "STA" : 0.0,
        "CD" : 0.0,
        "STD" : 0.0,
        "LNSW" : 311370.0,
        "SCV" : 0.0,
        "VAT" : 0.0,
        "EMT" : 0.0,
        "PFD" : 0.0,
        "PRS" : 0.0,
        "EXD" : 0.0,
        "EXC" : 0.0,
        "BT" : 0.0,
        "EDR" : 0.0,
        "TBC" : 0.0,
        "SCFI" : 0.0,
        "SCF" : 0.0,
        "SCI" : 0.0,
        "ITF" : 0.0,
        "paymentDate" : "03/07/2023 09:19:13",
        "VT" : 0.0,
        "receiptNumber" : "IM:230703000003 FT23184XGBM2"
      },
      "header" : {
        "AFE" : "ຄ່າບໍລິການດຳເນີນໃບແຈ້ງພາສີ",
        "PSC" : "ຄ່າບໍລິການນໍາເຂົ້ານໍ້າມັນເຊື້ອໄຟ",
        "STA" : "ຄ່າບໍລິການຂໍ້ມູນສະຖິຕິ",
        "CD" : "ພາສີ ຂາເຂົ້າ",
        "STD" : "ອາກອນມູນຄ່າເພີ່ມ",
        "LNSW" : "ຄ່າທໍານຽມ LNSW",
        "SCV" : "ຄ່າບໍລິການ ໃບອະນຸຍາດເຕັກນິກ",
        "VAT" : "ຄ່າອາກອນມູນຄ່າເພີ່ມ",
        "EMT" : "ຄ່າບໍລິການ e-Meter",
        "PFD" : "ກອງທຶນທາງນ້ຳມັນ",
        "PRS" : "ຄັງແຮນ້ຳມັນ",
        "EXD" : "ພາສີ ຂາອອກ",
        "EXC" : "ອາກອນຊົມໃຊ້",
        "BT" : "ອາກອນກຳໄລ",
        "EDR" : "ຄ່າພາສີສິນຄ້າປະເພດແຮ່ທາດສົ່ງອອກ",
        "TBC" : "ກອງທຶນຢາສູບ",
        "SCFI" : "ຄ່າທໍານຽມ ອອກໃບອະນຸຍາດນໍາເຂົ້າອາຫານ",
        "SCF" : "ຄ່າບໍລິການ scanner",
        "SCI" : "ຄ່າບໍລິການ ໃບອະນຸຍາດນໍາເຂົ້າ",
        "ITF" : "ສິນຄ້າຜ່ານແດນສາກົນ",
        "paymentDate" : "ວັນທີ ແລະ ເວລາຊຳລະ",
        "VT" : "ຄ່າທໍານຽມ ໃບອະນຸຍາດເຕັກນິກ",
        "receiptNumber" : "ເລກທີໃບແຈ້ງ"
      }
    }, {
      "data" : {
        "AFE" : 100000.0,
        "PSC" : 0.0,
        "STA" : 0.0,
        "CD" : 7.9355E7,
        "STD" : 1.960069E8,
        "LNSW" : 311370.0,
        "SCV" : 0.0,
        "VAT" : 1.166519E8,
        "EMT" : 0.0,
        "PFD" : 6.552E7,
        "PRS" : 1.008E8,
        "EXD" : 0.0,
        "EXC" : 0.0,
        "BT" : 0.0,
        "EDR" : 0.0,
        "TBC" : 0.0,
        "SCFI" : 0.0,
        "SCF" : 0.0,
        "SCI" : 0.0,
        "ITF" : 0.0,
        "paymentDate" : "03/07/2023 16:19:53",
        "VT" : 0.0,
        "receiptNumber" : "IM:230703000073 FT2318443XT7"
      },
      "header" : {
        "AFE" : "ຄ່າບໍລິການດຳເນີນໃບແຈ້ງພາສີ",
        "PSC" : "ຄ່າບໍລິການນໍາເຂົ້ານໍ້າມັນເຊື້ອໄຟ",
        "STA" : "ຄ່າບໍລິການຂໍ້ມູນສະຖິຕິ",
        "CD" : "ພາສີ ຂາເຂົ້າ",
        "STD" : "ອາກອນມູນຄ່າເພີ່ມ",
        "LNSW" : "ຄ່າທໍານຽມ LNSW",
        "SCV" : "ຄ່າບໍລິການ ໃບອະນຸຍາດເຕັກນິກ",
        "VAT" : "ຄ່າອາກອນມູນຄ່າເພີ່ມ",
        "EMT" : "ຄ່າບໍລິການ e-Meter",
        "PFD" : "ກອງທຶນທາງນ້ຳມັນ",
        "PRS" : "ຄັງແຮນ້ຳມັນ",
        "EXD" : "ພາສີ ຂາອອກ",
        "EXC" : "ອາກອນຊົມໃຊ້",
        "BT" : "ອາກອນກຳໄລ",
        "EDR" : "ຄ່າພາສີສິນຄ້າປະເພດແຮ່ທາດສົ່ງອອກ",
        "TBC" : "ກອງທຶນຢາສູບ",
        "SCFI" : "ຄ່າທໍານຽມ ອອກໃບອະນຸຍາດນໍາເຂົ້າອາຫານ",
        "SCF" : "ຄ່າບໍລິການ scanner",
        "SCI" : "ຄ່າບໍລິການ ໃບອະນຸຍາດນໍາເຂົ້າ",
        "ITF" : "ສິນຄ້າຜ່ານແດນສາກົນ",
        "paymentDate" : "ວັນທີ ແລະ ເວລາຊຳລະ",
        "VT" : "ຄ່າທໍານຽມ ໃບອະນຸຍາດເຕັກນິກ",
        "receiptNumber" : "ເລກທີໃບແຈ້ງ"
      }
    }, {
      "data" : {
        "AFE" : 100000.0,
        "PSC" : 0.0,
        "STA" : 246000.0,
        "CD" : 1.308E7,
        "STD" : 1.308E7,
        "LNSW" : 311370.0,
        "SCV" : 0.0,
        "VAT" : 0.0,
        "EMT" : 0.0,
        "PFD" : 0.0,
        "PRS" : 0.0,
        "EXD" : 0.0,
        "EXC" : 0.0,
        "BT" : 0.0,
        "EDR" : 0.0,
        "TBC" : 0.0,
        "SCFI" : 0.0,
        "SCF" : 0.0,
        "SCI" : 0.0,
        "ITF" : 0.0,
        "paymentDate" : "03/07/2023 15:42:53",
        "VT" : 0.0,
        "receiptNumber" : "IM:230703000407 FT231841M56M"
      },
      "header" : {
        "AFE" : "ຄ່າບໍລິການດຳເນີນໃບແຈ້ງພາສີ",
        "PSC" : "ຄ່າບໍລິການນໍາເຂົ້ານໍ້າມັນເຊື້ອໄຟ",
        "STA" : "ຄ່າບໍລິການຂໍ້ມູນສະຖິຕິ",
        "CD" : "ພາສີ ຂາເຂົ້າ",
        "STD" : "ອາກອນມູນຄ່າເພີ່ມ",
        "LNSW" : "ຄ່າທໍານຽມ LNSW",
        "SCV" : "ຄ່າບໍລິການ ໃບອະນຸຍາດເຕັກນິກ",
        "VAT" : "ຄ່າອາກອນມູນຄ່າເພີ່ມ",
        "EMT" : "ຄ່າບໍລິການ e-Meter",
        "PFD" : "ກອງທຶນທາງນ້ຳມັນ",
        "PRS" : "ຄັງແຮນ້ຳມັນ",
        "EXD" : "ພາສີ ຂາອອກ",
        "EXC" : "ອາກອນຊົມໃຊ້",
        "BT" : "ອາກອນກຳໄລ",
        "EDR" : "ຄ່າພາສີສິນຄ້າປະເພດແຮ່ທາດສົ່ງອອກ",
        "TBC" : "ກອງທຶນຢາສູບ",
        "SCFI" : "ຄ່າທໍານຽມ ອອກໃບອະນຸຍາດນໍາເຂົ້າອາຫານ",
        "SCF" : "ຄ່າບໍລິການ scanner",
        "SCI" : "ຄ່າບໍລິການ ໃບອະນຸຍາດນໍາເຂົ້າ",
        "ITF" : "ສິນຄ້າຜ່ານແດນສາກົນ",
        "paymentDate" : "ວັນທີ ແລະ ເວລາຊຳລະ",
        "VT" : "ຄ່າທໍານຽມ ໃບອະນຸຍາດເຕັກນິກ",
        "receiptNumber" : "ເລກທີໃບແຈ້ງ"
      }
    }, {
      "data" : {
        "AFE" : 100000.0,
        "PSC" : 0.0,
        "STA" : 0.0,
        "CD" : 2.136245E8,
        "STD" : 5.885978E8,
        "LNSW" : 311370.0,
        "SCV" : 0.0,
        "VAT" : 1.778221E8,
        "EMT" : 0.0,
        "PFD" : 9.048E7,
        "PRS" : 1.212E8,
        "EXD" : 0.0,
        "EXC" : 1.971512E8,
        "BT" : 0.0,
        "EDR" : 0.0,
        "TBC" : 0.0,
        "SCFI" : 0.0,
        "SCF" : 0.0,
        "SCI" : 0.0,
        "ITF" : 0.0,
        "paymentDate" : "03/07/2023 13:45:23",
        "VT" : 0.0,
        "receiptNumber" : "IM:230703000281 FT2318445GQ5"
      },
      "header" : {
        "AFE" : "ຄ່າບໍລິການດຳເນີນໃບແຈ້ງພາສີ",
        "PSC" : "ຄ່າບໍລິການນໍາເຂົ້ານໍ້າມັນເຊື້ອໄຟ",
        "STA" : "ຄ່າບໍລິການຂໍ້ມູນສະຖິຕິ",
        "CD" : "ພາສີ ຂາເຂົ້າ",
        "STD" : "ອາກອນມູນຄ່າເພີ່ມ",
        "LNSW" : "ຄ່າທໍານຽມ LNSW",
        "SCV" : "ຄ່າບໍລິການ ໃບອະນຸຍາດເຕັກນິກ",
        "VAT" : "ຄ່າອາກອນມູນຄ່າເພີ່ມ",
        "EMT" : "ຄ່າບໍລິການ e-Meter",
        "PFD" : "ກອງທຶນທາງນ້ຳມັນ",
        "PRS" : "ຄັງແຮນ້ຳມັນ",
        "EXD" : "ພາສີ ຂາອອກ",
        "EXC" : "ອາກອນຊົມໃຊ້",
        "BT" : "ອາກອນກຳໄລ",
        "EDR" : "ຄ່າພາສີສິນຄ້າປະເພດແຮ່ທາດສົ່ງອອກ",
        "TBC" : "ກອງທຶນຢາສູບ",
        "SCFI" : "ຄ່າທໍານຽມ ອອກໃບອະນຸຍາດນໍາເຂົ້າອາຫານ",
        "SCF" : "ຄ່າບໍລິການ scanner",
        "SCI" : "ຄ່າບໍລິການ ໃບອະນຸຍາດນໍາເຂົ້າ",
        "ITF" : "ສິນຄ້າຜ່ານແດນສາກົນ",
        "paymentDate" : "ວັນທີ ແລະ ເວລາຊຳລະ",
        "VT" : "ຄ່າທໍານຽມ ໃບອະນຸຍາດເຕັກນິກ",
        "receiptNumber" : "ເລກທີໃບແຈ້ງ"
      }
    }, {
      "data" : {
        "AFE" : 100000.0,
        "PSC" : 0.0,
        "STA" : 22000.0,
        "CD" : 0.0,
        "STD" : 0.0,
        "LNSW" : 311370.0,
        "SCV" : 0.0,
        "VAT" : 0.0,
        "EMT" : 0.0,
        "PFD" : 0.0,
        "PRS" : 0.0,
        "EXD" : 0.0,
        "EXC" : 0.0,
        "BT" : 0.0,
        "EDR" : 0.0,
        "TBC" : 0.0,
        "SCFI" : 0.0,
        "SCF" : 0.0,
        "SCI" : 0.0,
        "ITF" : 0.0,
        "paymentDate" : "03/07/2023 14:22:23",
        "VT" : 0.0,
        "receiptNumber" : "IM:230703000201 FT23184MDM88"
      },
      "header" : {
        "AFE" : "ຄ່າບໍລິການດຳເນີນໃບແຈ້ງພາສີ",
        "PSC" : "ຄ່າບໍລິການນໍາເຂົ້ານໍ້າມັນເຊື້ອໄຟ",
        "STA" : "ຄ່າບໍລິການຂໍ້ມູນສະຖິຕິ",
        "CD" : "ພາສີ ຂາເຂົ້າ",
        "STD" : "ອາກອນມູນຄ່າເພີ່ມ",
        "LNSW" : "ຄ່າທໍານຽມ LNSW",
        "SCV" : "ຄ່າບໍລິການ ໃບອະນຸຍາດເຕັກນິກ",
        "VAT" : "ຄ່າອາກອນມູນຄ່າເພີ່ມ",
        "EMT" : "ຄ່າບໍລິການ e-Meter",
        "PFD" : "ກອງທຶນທາງນ້ຳມັນ",
        "PRS" : "ຄັງແຮນ້ຳມັນ",
        "EXD" : "ພາສີ ຂາອອກ",
        "EXC" : "ອາກອນຊົມໃຊ້",
        "BT" : "ອາກອນກຳໄລ",
        "EDR" : "ຄ່າພາສີສິນຄ້າປະເພດແຮ່ທາດສົ່ງອອກ",
        "TBC" : "ກອງທຶນຢາສູບ",
        "SCFI" : "ຄ່າທໍານຽມ ອອກໃບອະນຸຍາດນໍາເຂົ້າອາຫານ",
        "SCF" : "ຄ່າບໍລິການ scanner",
        "SCI" : "ຄ່າບໍລິການ ໃບອະນຸຍາດນໍາເຂົ້າ",
        "ITF" : "ສິນຄ້າຜ່ານແດນສາກົນ",
        "paymentDate" : "ວັນທີ ແລະ ເວລາຊຳລະ",
        "VT" : "ຄ່າທໍານຽມ ໃບອະນຸຍາດເຕັກນິກ",
        "receiptNumber" : "ເລກທີໃບແຈ້ງ"
      }
    }, {
      "data" : {
        "AFE" : 100000.0,
        "PSC" : 0.0,
        "STA" : 144800.0,
        "CD" : 7566100.0,
        "STD" : 1.83941E7,
        "LNSW" : 311370.0,
        "SCV" : 0.0,
        "VAT" : 1.0828E7,
        "EMT" : 0.0,
        "PFD" : 0.0,
        "PRS" : 0.0,
        "EXD" : 0.0,
        "EXC" : 0.0,
        "BT" : 0.0,
        "EDR" : 0.0,
        "TBC" : 0.0,
        "SCFI" : 0.0,
        "SCF" : 0.0,
        "SCI" : 0.0,
        "ITF" : 0.0,
        "paymentDate" : "03/07/2023 14:37:03",
        "VT" : 0.0,
        "receiptNumber" : "IM:230703000299 FT2318467PZB"
      },
      "header" : {
        "AFE" : "ຄ່າບໍລິການດຳເນີນໃບແຈ້ງພາສີ",
        "PSC" : "ຄ່າບໍລິການນໍາເຂົ້ານໍ້າມັນເຊື້ອໄຟ",
        "STA" : "ຄ່າບໍລິການຂໍ້ມູນສະຖິຕິ",
        "CD" : "ພາສີ ຂາເຂົ້າ",
        "STD" : "ອາກອນມູນຄ່າເພີ່ມ",
        "LNSW" : "ຄ່າທໍານຽມ LNSW",
        "SCV" : "ຄ່າບໍລິການ ໃບອະນຸຍາດເຕັກນິກ",
        "VAT" : "ຄ່າອາກອນມູນຄ່າເພີ່ມ",
        "EMT" : "ຄ່າບໍລິການ e-Meter",
        "PFD" : "ກອງທຶນທາງນ້ຳມັນ",
        "PRS" : "ຄັງແຮນ້ຳມັນ",
        "EXD" : "ພາສີ ຂາອອກ",
        "EXC" : "ອາກອນຊົມໃຊ້",
        "BT" : "ອາກອນກຳໄລ",
        "EDR" : "ຄ່າພາສີສິນຄ້າປະເພດແຮ່ທາດສົ່ງອອກ",
        "TBC" : "ກອງທຶນຢາສູບ",
        "SCFI" : "ຄ່າທໍານຽມ ອອກໃບອະນຸຍາດນໍາເຂົ້າອາຫານ",
        "SCF" : "ຄ່າບໍລິການ scanner",
        "SCI" : "ຄ່າບໍລິການ ໃບອະນຸຍາດນໍາເຂົ້າ",
        "ITF" : "ສິນຄ້າຜ່ານແດນສາກົນ",
        "paymentDate" : "ວັນທີ ແລະ ເວລາຊຳລະ",
        "VT" : "ຄ່າທໍານຽມ ໃບອະນຸຍາດເຕັກນິກ",
        "receiptNumber" : "ເລກທີໃບແຈ້ງ"
      }
    }, {
      "data" : {
        "AFE" : 100000.0,
        "PSC" : 0.0,
        "STA" : 65000.0,
        "CD" : 0.0,
        "STD" : 0.0,
        "LNSW" : 311370.0,
        "SCV" : 0.0,
        "VAT" : 0.0,
        "EMT" : 0.0,
        "PFD" : 0.0,
        "PRS" : 0.0,
        "EXD" : 0.0,
        "EXC" : 0.0,
        "BT" : 0.0,
        "EDR" : 0.0,
        "TBC" : 0.0,
        "SCFI" : 0.0,
        "SCF" : 0.0,
        "SCI" : 0.0,
        "ITF" : 0.0,
        "paymentDate" : "03/07/2023 15:53:53",
        "VT" : 0.0,
        "receiptNumber" : "IM:230703000420 FT23184S78NX"
      },
      "header" : {
        "AFE" : "ຄ່າບໍລິການດຳເນີນໃບແຈ້ງພາສີ",
        "PSC" : "ຄ່າບໍລິການນໍາເຂົ້ານໍ້າມັນເຊື້ອໄຟ",
        "STA" : "ຄ່າບໍລິການຂໍ້ມູນສະຖິຕິ",
        "CD" : "ພາສີ ຂາເຂົ້າ",
        "STD" : "ອາກອນມູນຄ່າເພີ່ມ",
        "LNSW" : "ຄ່າທໍານຽມ LNSW",
        "SCV" : "ຄ່າບໍລິການ ໃບອະນຸຍາດເຕັກນິກ",
        "VAT" : "ຄ່າອາກອນມູນຄ່າເພີ່ມ",
        "EMT" : "ຄ່າບໍລິການ e-Meter",
        "PFD" : "ກອງທຶນທາງນ້ຳມັນ",
        "PRS" : "ຄັງແຮນ້ຳມັນ",
        "EXD" : "ພາສີ ຂາອອກ",
        "EXC" : "ອາກອນຊົມໃຊ້",
        "BT" : "ອາກອນກຳໄລ",
        "EDR" : "ຄ່າພາສີສິນຄ້າປະເພດແຮ່ທາດສົ່ງອອກ",
        "TBC" : "ກອງທຶນຢາສູບ",
        "SCFI" : "ຄ່າທໍານຽມ ອອກໃບອະນຸຍາດນໍາເຂົ້າອາຫານ",
        "SCF" : "ຄ່າບໍລິການ scanner",
        "SCI" : "ຄ່າບໍລິການ ໃບອະນຸຍາດນໍາເຂົ້າ",
        "ITF" : "ສິນຄ້າຜ່ານແດນສາກົນ",
        "paymentDate" : "ວັນທີ ແລະ ເວລາຊຳລະ",
        "VT" : "ຄ່າທໍານຽມ ໃບອະນຸຍາດເຕັກນິກ",
        "receiptNumber" : "ເລກທີໃບແຈ້ງ"
      }
    }, {
      "data" : {
        "AFE" : 100000.0,
        "PSC" : 0.0,
        "STA" : 323400.0,
        "CD" : 0.0,
        "STD" : 1.9745762E9,
        "LNSW" : 311370.0,
        "SCV" : 0.0,
        "VAT" : 1.3943873E9,
        "EMT" : 0.0,
        "PFD" : 0.0,
        "PRS" : 0.0,
        "EXD" : 0.0,
        "EXC" : 5.801889E8,
        "BT" : 0.0,
        "EDR" : 0.0,
        "TBC" : 0.0,
        "SCFI" : 0.0,
        "SCF" : 0.0,
        "SCI" : 0.0,
        "ITF" : 0.0,
        "paymentDate" : "03/07/2023 15:27:53",
        "VT" : 0.0,
        "receiptNumber" : "IM:230703000380 FT23184H6CKB"
      },
      "header" : {
        "AFE" : "ຄ່າບໍລິການດຳເນີນໃບແຈ້ງພາສີ",
        "PSC" : "ຄ່າບໍລິການນໍາເຂົ້ານໍ້າມັນເຊື້ອໄຟ",
        "STA" : "ຄ່າບໍລິການຂໍ້ມູນສະຖິຕິ",
        "CD" : "ພາສີ ຂາເຂົ້າ",
        "STD" : "ອາກອນມູນຄ່າເພີ່ມ",
        "LNSW" : "ຄ່າທໍານຽມ LNSW",
        "SCV" : "ຄ່າບໍລິການ ໃບອະນຸຍາດເຕັກນິກ",
        "VAT" : "ຄ່າອາກອນມູນຄ່າເພີ່ມ",
        "EMT" : "ຄ່າບໍລິການ e-Meter",
        "PFD" : "ກອງທຶນທາງນ້ຳມັນ",
        "PRS" : "ຄັງແຮນ້ຳມັນ",
        "EXD" : "ພາສີ ຂາອອກ",
        "EXC" : "ອາກອນຊົມໃຊ້",
        "BT" : "ອາກອນກຳໄລ",
        "EDR" : "ຄ່າພາສີສິນຄ້າປະເພດແຮ່ທາດສົ່ງອອກ",
        "TBC" : "ກອງທຶນຢາສູບ",
        "SCFI" : "ຄ່າທໍານຽມ ອອກໃບອະນຸຍາດນໍາເຂົ້າອາຫານ",
        "SCF" : "ຄ່າບໍລິການ scanner",
        "SCI" : "ຄ່າບໍລິການ ໃບອະນຸຍາດນໍາເຂົ້າ",
        "ITF" : "ສິນຄ້າຜ່ານແດນສາກົນ",
        "paymentDate" : "ວັນທີ ແລະ ເວລາຊຳລະ",
        "VT" : "ຄ່າທໍານຽມ ໃບອະນຸຍາດເຕັກນິກ",
        "receiptNumber" : "ເລກທີໃບແຈ້ງ"
      }
    }, {
      "data" : {
        "AFE" : 100000.0,
        "PSC" : 0.0,
        "STA" : 48200.0,
        "CD" : 3495800.0,
        "STD" : 8634700.0,
        "LNSW" : 311370.0,
        "SCV" : 0.0,
        "VAT" : 5138900.0,
        "EMT" : 0.0,
        "PFD" : 0.0,
        "PRS" : 0.0,
        "EXD" : 0.0,
        "EXC" : 0.0,
        "BT" : 0.0,
        "EDR" : 0.0,
        "TBC" : 0.0,
        "SCFI" : 0.0,
        "SCF" : 0.0,
        "SCI" : 0.0,
        "ITF" : 0.0,
        "paymentDate" : "03/07/2023 15:59:13",
        "VT" : 0.0,
        "receiptNumber" : "IM:230703000414 FT23184VBNSV"
      },
      "header" : {
        "AFE" : "ຄ່າບໍລິການດຳເນີນໃບແຈ້ງພາສີ",
        "PSC" : "ຄ່າບໍລິການນໍາເຂົ້ານໍ້າມັນເຊື້ອໄຟ",
        "STA" : "ຄ່າບໍລິການຂໍ້ມູນສະຖິຕິ",
        "CD" : "ພາສີ ຂາເຂົ້າ",
        "STD" : "ອາກອນມູນຄ່າເພີ່ມ",
        "LNSW" : "ຄ່າທໍານຽມ LNSW",
        "SCV" : "ຄ່າບໍລິການ ໃບອະນຸຍາດເຕັກນິກ",
        "VAT" : "ຄ່າອາກອນມູນຄ່າເພີ່ມ",
        "EMT" : "ຄ່າບໍລິການ e-Meter",
        "PFD" : "ກອງທຶນທາງນ້ຳມັນ",
        "PRS" : "ຄັງແຮນ້ຳມັນ",
        "EXD" : "ພາສີ ຂາອອກ",
        "EXC" : "ອາກອນຊົມໃຊ້",
        "BT" : "ອາກອນກຳໄລ",
        "EDR" : "ຄ່າພາສີສິນຄ້າປະເພດແຮ່ທາດສົ່ງອອກ",
        "TBC" : "ກອງທຶນຢາສູບ",
        "SCFI" : "ຄ່າທໍານຽມ ອອກໃບອະນຸຍາດນໍາເຂົ້າອາຫານ",
        "SCF" : "ຄ່າບໍລິການ scanner",
        "SCI" : "ຄ່າບໍລິການ ໃບອະນຸຍາດນໍາເຂົ້າ",
        "ITF" : "ສິນຄ້າຜ່ານແດນສາກົນ",
        "paymentDate" : "ວັນທີ ແລະ ເວລາຊຳລະ",
        "VT" : "ຄ່າທໍານຽມ ໃບອະນຸຍາດເຕັກນິກ",
        "receiptNumber" : "ເລກທີໃບແຈ້ງ"
      }
    }, {
      "data" : {
        "AFE" : 100000.0,
        "PSC" : 0.0,
        "STA" : 0.0,
        "CD" : 1.907282E8,
        "STD" : 5.252723E8,
        "LNSW" : 311370.0,
        "SCV" : 0.0,
        "VAT" : 1.592986E8,
        "EMT" : 0.0,
        "PFD" : 8.112E7,
        "PRS" : 1.088E8,
        "EXD" : 0.0,
        "EXC" : 1.752455E8,
        "BT" : 0.0,
        "EDR" : 0.0,
        "TBC" : 0.0,
        "SCFI" : 0.0,
        "SCF" : 0.0,
        "SCI" : 0.0,
        "ITF" : 0.0,
        "paymentDate" : "03/07/2023 13:29:03",
        "VT" : 0.0,
        "receiptNumber" : "IM:230703000193 FT23184NX8PR"
      },
      "header" : {
        "AFE" : "ຄ່າບໍລິການດຳເນີນໃບແຈ້ງພາສີ",
        "PSC" : "ຄ່າບໍລິການນໍາເຂົ້ານໍ້າມັນເຊື້ອໄຟ",
        "STA" : "ຄ່າບໍລິການຂໍ້ມູນສະຖິຕິ",
        "CD" : "ພາສີ ຂາເຂົ້າ",
        "STD" : "ອາກອນມູນຄ່າເພີ່ມ",
        "LNSW" : "ຄ່າທໍານຽມ LNSW",
        "SCV" : "ຄ່າບໍລິການ ໃບອະນຸຍາດເຕັກນິກ",
        "VAT" : "ຄ່າອາກອນມູນຄ່າເພີ່ມ",
        "EMT" : "ຄ່າບໍລິການ e-Meter",
        "PFD" : "ກອງທຶນທາງນ້ຳມັນ",
        "PRS" : "ຄັງແຮນ້ຳມັນ",
        "EXD" : "ພາສີ ຂາອອກ",
        "EXC" : "ອາກອນຊົມໃຊ້",
        "BT" : "ອາກອນກຳໄລ",
        "EDR" : "ຄ່າພາສີສິນຄ້າປະເພດແຮ່ທາດສົ່ງອອກ",
        "TBC" : "ກອງທຶນຢາສູບ",
        "SCFI" : "ຄ່າທໍານຽມ ອອກໃບອະນຸຍາດນໍາເຂົ້າອາຫານ",
        "SCF" : "ຄ່າບໍລິການ scanner",
        "SCI" : "ຄ່າບໍລິການ ໃບອະນຸຍາດນໍາເຂົ້າ",
        "ITF" : "ສິນຄ້າຜ່ານແດນສາກົນ",
        "paymentDate" : "ວັນທີ ແລະ ເວລາຊຳລະ",
        "VT" : "ຄ່າທໍານຽມ ໃບອະນຸຍາດເຕັກນິກ",
        "receiptNumber" : "ເລກທີໃບແຈ້ງ"
      }
    }, {
      "data" : {
        "AFE" : 100000.0,
        "PSC" : 0.0,
        "STA" : 0.0,
        "CD" : 5.23765E7,
        "STD" : 1.2937E8,
        "LNSW" : 311370.0,
        "SCV" : 0.0,
        "VAT" : 7.69935E7,
        "EMT" : 0.0,
        "PFD" : 4.316E7,
        "PRS" : 6.64E7,
        "EXD" : 0.0,
        "EXC" : 0.0,
        "BT" : 0.0,
        "EDR" : 0.0,
        "TBC" : 0.0,
        "SCFI" : 0.0,
        "SCF" : 0.0,
        "SCI" : 0.0,
        "ITF" : 0.0,
        "paymentDate" : "03/07/2023 15:25:53",
        "VT" : 0.0,
        "receiptNumber" : "IM:230703000350 FT23184RH5SK"
      },
      "header" : {
        "AFE" : "ຄ່າບໍລິການດຳເນີນໃບແຈ້ງພາສີ",
        "PSC" : "ຄ່າບໍລິການນໍາເຂົ້ານໍ້າມັນເຊື້ອໄຟ",
        "STA" : "ຄ່າບໍລິການຂໍ້ມູນສະຖິຕິ",
        "CD" : "ພາສີ ຂາເຂົ້າ",
        "STD" : "ອາກອນມູນຄ່າເພີ່ມ",
        "LNSW" : "ຄ່າທໍານຽມ LNSW",
        "SCV" : "ຄ່າບໍລິການ ໃບອະນຸຍາດເຕັກນິກ",
        "VAT" : "ຄ່າອາກອນມູນຄ່າເພີ່ມ",
        "EMT" : "ຄ່າບໍລິການ e-Meter",
        "PFD" : "ກອງທຶນທາງນ້ຳມັນ",
        "PRS" : "ຄັງແຮນ້ຳມັນ",
        "EXD" : "ພາສີ ຂາອອກ",
        "EXC" : "ອາກອນຊົມໃຊ້",
        "BT" : "ອາກອນກຳໄລ",
        "EDR" : "ຄ່າພາສີສິນຄ້າປະເພດແຮ່ທາດສົ່ງອອກ",
        "TBC" : "ກອງທຶນຢາສູບ",
        "SCFI" : "ຄ່າທໍານຽມ ອອກໃບອະນຸຍາດນໍາເຂົ້າອາຫານ",
        "SCF" : "ຄ່າບໍລິການ scanner",
        "SCI" : "ຄ່າບໍລິການ ໃບອະນຸຍາດນໍາເຂົ້າ",
        "ITF" : "ສິນຄ້າຜ່ານແດນສາກົນ",
        "paymentDate" : "ວັນທີ ແລະ ເວລາຊຳລະ",
        "VT" : "ຄ່າທໍານຽມ ໃບອະນຸຍາດເຕັກນິກ",
        "receiptNumber" : "ເລກທີໃບແຈ້ງ"
      }
    }, {
      "data" : {
        "AFE" : 100000.0,
        "PSC" : 0.0,
        "STA" : 0.0,
        "CD" : 1.060151E8,
        "STD" : 2.618572E8,
        "LNSW" : 311370.0,
        "SCV" : 0.0,
        "VAT" : 1.558421E8,
        "EMT" : 0.0,
        "PFD" : 8.736E7,
        "PRS" : 1.344E8,
        "EXD" : 0.0,
        "EXC" : 0.0,
        "BT" : 0.0,
        "EDR" : 0.0,
        "TBC" : 0.0,
        "SCFI" : 0.0,
        "SCF" : 0.0,
        "SCI" : 0.0,
        "ITF" : 0.0,
        "paymentDate" : "03/07/2023 15:26:12",
        "VT" : 0.0,
        "receiptNumber" : "IM:230703000352 FT231849YX4B"
      },
      "header" : {
        "AFE" : "ຄ່າບໍລິການດຳເນີນໃບແຈ້ງພາສີ",
        "PSC" : "ຄ່າບໍລິການນໍາເຂົ້ານໍ້າມັນເຊື້ອໄຟ",
        "STA" : "ຄ່າບໍລິການຂໍ້ມູນສະຖິຕິ",
        "CD" : "ພາສີ ຂາເຂົ້າ",
        "STD" : "ອາກອນມູນຄ່າເພີ່ມ",
        "LNSW" : "ຄ່າທໍານຽມ LNSW",
        "SCV" : "ຄ່າບໍລິການ ໃບອະນຸຍາດເຕັກນິກ",
        "VAT" : "ຄ່າອາກອນມູນຄ່າເພີ່ມ",
        "EMT" : "ຄ່າບໍລິການ e-Meter",
        "PFD" : "ກອງທຶນທາງນ້ຳມັນ",
        "PRS" : "ຄັງແຮນ້ຳມັນ",
        "EXD" : "ພາສີ ຂາອອກ",
        "EXC" : "ອາກອນຊົມໃຊ້",
        "BT" : "ອາກອນກຳໄລ",
        "EDR" : "ຄ່າພາສີສິນຄ້າປະເພດແຮ່ທາດສົ່ງອອກ",
        "TBC" : "ກອງທຶນຢາສູບ",
        "SCFI" : "ຄ່າທໍານຽມ ອອກໃບອະນຸຍາດນໍາເຂົ້າອາຫານ",
        "SCF" : "ຄ່າບໍລິການ scanner",
        "SCI" : "ຄ່າບໍລິການ ໃບອະນຸຍາດນໍາເຂົ້າ",
        "ITF" : "ສິນຄ້າຜ່ານແດນສາກົນ",
        "paymentDate" : "ວັນທີ ແລະ ເວລາຊຳລະ",
        "VT" : "ຄ່າທໍານຽມ ໃບອະນຸຍາດເຕັກນິກ",
        "receiptNumber" : "ເລກທີໃບແຈ້ງ"
      }
    } ],
    "sumTotal" : {
      "AFE" : 4700000.0,
      "CD" : 1.5925971E9,
      "STA" : 2320000.0,
      "PSC" : 0.0,
      "STD" : 6.3124991E9,
      "LNSW" : 1.463439E7,
      "SCV" : 0.0,
      "VAT" : 3.0615784E9,
      "EMT" : 0.0,
      "PFD" : 7.3372E8,
      "EXD" : 0.0,
      "PRS" : 1.0356E9,
      "EXC" : 1.6583236E9,
      "EDR" : 0.0,
      "BT" : 0.0,
      "total" : 8.10619849E9,
      "TBC" : 0.0,
      "SCFI" : 0.0,
      "SCF" : 700000.0,
      "SCI" : 0.0,
      "ITF" : 2025000.0,
      "VT" : 0.0
    }
  }
}
